2022-10-28 00:00:04 error: uncaughtException: Cannot read properties of null (reading 'indexOf')
TypeError: Cannot read properties of null (reading 'indexOf')
    at Object.parse (/home/rabindranath/Documents/Backend/node-api-ts-express-opp/node_modules/swagger-jsdoc/node_modules/yaml/dist/parse-3997f544.js:1874:11)
    at Object.parseDocument (/home/rabindranath/Documents/Backend/node-api-ts-express-opp/node_modules/swagger-jsdoc/node_modules/yaml/dist/index.js:41:24)
    at build (/home/rabindranath/Documents/Backend/node-api-ts-express-opp/node_modules/swagger-jsdoc/src/specification.js:226:45)
    at module.exports (/home/rabindranath/Documents/Backend/node-api-ts-express-opp/node_modules/swagger-jsdoc/src/lib.js:32:10)
    at App.initializeSwagger (/home/rabindranath/Documents/Backend/node-api-ts-express-opp/src/app.ts:72:39)
    at new App (/home/rabindranath/Documents/Backend/node-api-ts-express-opp/src/app.ts:33:10)
    at Object.<anonymous> (/home/rabindranath/Documents/Backend/node-api-ts-express-opp/src/index.ts:6:13)
    at Module._compile (node:internal/modules/cjs/loader:1105:14)
    at Module._compile (/home/rabindranath/Documents/Backend/node-api-ts-express-opp/node_modules/source-map-support/source-map-support.js:568:25)
    at Module.m._compile (/tmp/ts-node-dev-hook-9767868670965665.js:69:33)
2022-10-28 00:00:08 error: uncaughtException: Cannot read properties of null (reading 'indexOf')
TypeError: Cannot read properties of null (reading 'indexOf')
    at Object.parse (/home/rabindranath/Documents/Backend/node-api-ts-express-opp/node_modules/swagger-jsdoc/node_modules/yaml/dist/parse-3997f544.js:1874:11)
    at Object.parseDocument (/home/rabindranath/Documents/Backend/node-api-ts-express-opp/node_modules/swagger-jsdoc/node_modules/yaml/dist/index.js:41:24)
    at build (/home/rabindranath/Documents/Backend/node-api-ts-express-opp/node_modules/swagger-jsdoc/src/specification.js:226:45)
    at module.exports (/home/rabindranath/Documents/Backend/node-api-ts-express-opp/node_modules/swagger-jsdoc/src/lib.js:32:10)
    at App.initializeSwagger (/home/rabindranath/Documents/Backend/node-api-ts-express-opp/src/app.ts:72:39)
    at new App (/home/rabindranath/Documents/Backend/node-api-ts-express-opp/src/app.ts:33:10)
    at Object.<anonymous> (/home/rabindranath/Documents/Backend/node-api-ts-express-opp/src/index.ts:6:13)
    at Module._compile (node:internal/modules/cjs/loader:1105:14)
    at Module._compile (/home/rabindranath/Documents/Backend/node-api-ts-express-opp/node_modules/source-map-support/source-map-support.js:568:25)
    at Module.m._compile (/tmp/ts-node-dev-hook-9767868670965665.js:69:33)
2022-10-28 00:00:13 error: uncaughtException: Cannot read properties of null (reading 'indexOf')
TypeError: Cannot read properties of null (reading 'indexOf')
    at Object.parse (/home/rabindranath/Documents/Backend/node-api-ts-express-opp/node_modules/swagger-jsdoc/node_modules/yaml/dist/parse-3997f544.js:1874:11)
    at Object.parseDocument (/home/rabindranath/Documents/Backend/node-api-ts-express-opp/node_modules/swagger-jsdoc/node_modules/yaml/dist/index.js:41:24)
    at build (/home/rabindranath/Documents/Backend/node-api-ts-express-opp/node_modules/swagger-jsdoc/src/specification.js:226:45)
    at module.exports (/home/rabindranath/Documents/Backend/node-api-ts-express-opp/node_modules/swagger-jsdoc/src/lib.js:32:10)
    at App.initializeSwagger (/home/rabindranath/Documents/Backend/node-api-ts-express-opp/src/app.ts:72:39)
    at new App (/home/rabindranath/Documents/Backend/node-api-ts-express-opp/src/app.ts:33:10)
    at Object.<anonymous> (/home/rabindranath/Documents/Backend/node-api-ts-express-opp/src/index.ts:6:13)
    at Module._compile (node:internal/modules/cjs/loader:1105:14)
    at Module._compile (/home/rabindranath/Documents/Backend/node-api-ts-express-opp/node_modules/source-map-support/source-map-support.js:568:25)
    at Module.m._compile (/tmp/ts-node-dev-hook-9767868670965665.js:69:33)
2022-10-28 00:00:17 error: uncaughtException: Cannot read properties of null (reading 'indexOf')
TypeError: Cannot read properties of null (reading 'indexOf')
    at Object.parse (/home/rabindranath/Documents/Backend/node-api-ts-express-opp/node_modules/swagger-jsdoc/node_modules/yaml/dist/parse-3997f544.js:1874:11)
    at Object.parseDocument (/home/rabindranath/Documents/Backend/node-api-ts-express-opp/node_modules/swagger-jsdoc/node_modules/yaml/dist/index.js:41:24)
    at build (/home/rabindranath/Documents/Backend/node-api-ts-express-opp/node_modules/swagger-jsdoc/src/specification.js:226:45)
    at module.exports (/home/rabindranath/Documents/Backend/node-api-ts-express-opp/node_modules/swagger-jsdoc/src/lib.js:32:10)
    at App.initializeSwagger (/home/rabindranath/Documents/Backend/node-api-ts-express-opp/src/app.ts:72:39)
    at new App (/home/rabindranath/Documents/Backend/node-api-ts-express-opp/src/app.ts:33:10)
    at Object.<anonymous> (/home/rabindranath/Documents/Backend/node-api-ts-express-opp/src/index.ts:6:13)
    at Module._compile (node:internal/modules/cjs/loader:1105:14)
    at Module._compile (/home/rabindranath/Documents/Backend/node-api-ts-express-opp/node_modules/source-map-support/source-map-support.js:568:25)
    at Module.m._compile (/tmp/ts-node-dev-hook-9767868670965665.js:69:33)
2022-10-28 00:00:21 error: uncaughtException: Cannot read properties of null (reading 'indexOf')
TypeError: Cannot read properties of null (reading 'indexOf')
    at Object.parse (/home/rabindranath/Documents/Backend/node-api-ts-express-opp/node_modules/swagger-jsdoc/node_modules/yaml/dist/parse-3997f544.js:1874:11)
    at Object.parseDocument (/home/rabindranath/Documents/Backend/node-api-ts-express-opp/node_modules/swagger-jsdoc/node_modules/yaml/dist/index.js:41:24)
    at build (/home/rabindranath/Documents/Backend/node-api-ts-express-opp/node_modules/swagger-jsdoc/src/specification.js:226:45)
    at module.exports (/home/rabindranath/Documents/Backend/node-api-ts-express-opp/node_modules/swagger-jsdoc/src/lib.js:32:10)
    at App.initializeSwagger (/home/rabindranath/Documents/Backend/node-api-ts-express-opp/src/app.ts:72:39)
    at new App (/home/rabindranath/Documents/Backend/node-api-ts-express-opp/src/app.ts:33:10)
    at Object.<anonymous> (/home/rabindranath/Documents/Backend/node-api-ts-express-opp/src/index.ts:6:13)
    at Module._compile (node:internal/modules/cjs/loader:1105:14)
    at Module._compile (/home/rabindranath/Documents/Backend/node-api-ts-express-opp/node_modules/source-map-support/source-map-support.js:568:25)
    at Module.m._compile (/tmp/ts-node-dev-hook-9767868670965665.js:69:33)
2022-10-28 00:00:44 error: uncaughtException: Cannot read properties of null (reading 'indexOf')
TypeError: Cannot read properties of null (reading 'indexOf')
    at Object.parse (/home/rabindranath/Documents/Backend/node-api-ts-express-opp/node_modules/swagger-jsdoc/node_modules/yaml/dist/parse-3997f544.js:1874:11)
    at Object.parseDocument (/home/rabindranath/Documents/Backend/node-api-ts-express-opp/node_modules/swagger-jsdoc/node_modules/yaml/dist/index.js:41:24)
    at build (/home/rabindranath/Documents/Backend/node-api-ts-express-opp/node_modules/swagger-jsdoc/src/specification.js:226:45)
    at module.exports (/home/rabindranath/Documents/Backend/node-api-ts-express-opp/node_modules/swagger-jsdoc/src/lib.js:32:10)
    at App.initializeSwagger (/home/rabindranath/Documents/Backend/node-api-ts-express-opp/src/app.ts:72:39)
    at new App (/home/rabindranath/Documents/Backend/node-api-ts-express-opp/src/app.ts:33:10)
    at Object.<anonymous> (/home/rabindranath/Documents/Backend/node-api-ts-express-opp/src/index.ts:6:13)
    at Module._compile (node:internal/modules/cjs/loader:1105:14)
    at Module._compile (/home/rabindranath/Documents/Backend/node-api-ts-express-opp/node_modules/source-map-support/source-map-support.js:568:25)
    at Module.m._compile (/tmp/ts-node-dev-hook-5078778666916179.js:69:33)
2022-10-28 00:01:22 error: uncaughtException: Cannot read properties of null (reading 'indexOf')
TypeError: Cannot read properties of null (reading 'indexOf')
    at Object.parse (/home/rabindranath/Documents/Backend/node-api-ts-express-opp/node_modules/swagger-jsdoc/node_modules/yaml/dist/parse-3997f544.js:1874:11)
    at Object.parseDocument (/home/rabindranath/Documents/Backend/node-api-ts-express-opp/node_modules/swagger-jsdoc/node_modules/yaml/dist/index.js:41:24)
    at build (/home/rabindranath/Documents/Backend/node-api-ts-express-opp/node_modules/swagger-jsdoc/src/specification.js:226:45)
    at module.exports (/home/rabindranath/Documents/Backend/node-api-ts-express-opp/node_modules/swagger-jsdoc/src/lib.js:32:10)
    at App.initializeSwagger (/home/rabindranath/Documents/Backend/node-api-ts-express-opp/src/app.ts:72:39)
    at new App (/home/rabindranath/Documents/Backend/node-api-ts-express-opp/src/app.ts:33:10)
    at Object.<anonymous> (/home/rabindranath/Documents/Backend/node-api-ts-express-opp/src/index.ts:6:13)
    at Module._compile (node:internal/modules/cjs/loader:1105:14)
    at Module._compile (/home/rabindranath/Documents/Backend/node-api-ts-express-opp/node_modules/source-map-support/source-map-support.js:568:25)
    at Module.m._compile (/tmp/ts-node-dev-hook-5078778666916179.js:69:33)
2022-10-28 00:01:30 error: uncaughtException: Cannot read properties of null (reading 'indexOf')
TypeError: Cannot read properties of null (reading 'indexOf')
    at Object.parse (/home/rabindranath/Documents/Backend/node-api-ts-express-opp/node_modules/swagger-jsdoc/node_modules/yaml/dist/parse-3997f544.js:1874:11)
    at Object.parseDocument (/home/rabindranath/Documents/Backend/node-api-ts-express-opp/node_modules/swagger-jsdoc/node_modules/yaml/dist/index.js:41:24)
    at build (/home/rabindranath/Documents/Backend/node-api-ts-express-opp/node_modules/swagger-jsdoc/src/specification.js:226:45)
    at module.exports (/home/rabindranath/Documents/Backend/node-api-ts-express-opp/node_modules/swagger-jsdoc/src/lib.js:32:10)
    at App.initializeSwagger (/home/rabindranath/Documents/Backend/node-api-ts-express-opp/src/app.ts:72:39)
    at new App (/home/rabindranath/Documents/Backend/node-api-ts-express-opp/src/app.ts:33:10)
    at Object.<anonymous> (/home/rabindranath/Documents/Backend/node-api-ts-express-opp/src/index.ts:6:13)
    at Module._compile (node:internal/modules/cjs/loader:1105:14)
    at Module._compile (/home/rabindranath/Documents/Backend/node-api-ts-express-opp/node_modules/source-map-support/source-map-support.js:568:25)
    at Module.m._compile (/tmp/ts-node-dev-hook-5078778666916179.js:69:33)
2022-10-28 00:01:34 error: uncaughtException: Cannot read properties of null (reading 'indexOf')
TypeError: Cannot read properties of null (reading 'indexOf')
    at Object.parse (/home/rabindranath/Documents/Backend/node-api-ts-express-opp/node_modules/swagger-jsdoc/node_modules/yaml/dist/parse-3997f544.js:1874:11)
    at Object.parseDocument (/home/rabindranath/Documents/Backend/node-api-ts-express-opp/node_modules/swagger-jsdoc/node_modules/yaml/dist/index.js:41:24)
    at build (/home/rabindranath/Documents/Backend/node-api-ts-express-opp/node_modules/swagger-jsdoc/src/specification.js:226:45)
    at module.exports (/home/rabindranath/Documents/Backend/node-api-ts-express-opp/node_modules/swagger-jsdoc/src/lib.js:32:10)
    at App.initializeSwagger (/home/rabindranath/Documents/Backend/node-api-ts-express-opp/src/app.ts:72:39)
    at new App (/home/rabindranath/Documents/Backend/node-api-ts-express-opp/src/app.ts:33:10)
    at Object.<anonymous> (/home/rabindranath/Documents/Backend/node-api-ts-express-opp/src/index.ts:6:13)
    at Module._compile (node:internal/modules/cjs/loader:1105:14)
    at Module._compile (/home/rabindranath/Documents/Backend/node-api-ts-express-opp/node_modules/source-map-support/source-map-support.js:568:25)
    at Module.m._compile (/tmp/ts-node-dev-hook-5078778666916179.js:69:33)
2022-10-28 00:01:39 error: uncaughtException: Cannot read properties of null (reading 'indexOf')
TypeError: Cannot read properties of null (reading 'indexOf')
    at Object.parse (/home/rabindranath/Documents/Backend/node-api-ts-express-opp/node_modules/swagger-jsdoc/node_modules/yaml/dist/parse-3997f544.js:1874:11)
    at Object.parseDocument (/home/rabindranath/Documents/Backend/node-api-ts-express-opp/node_modules/swagger-jsdoc/node_modules/yaml/dist/index.js:41:24)
    at build (/home/rabindranath/Documents/Backend/node-api-ts-express-opp/node_modules/swagger-jsdoc/src/specification.js:226:45)
    at module.exports (/home/rabindranath/Documents/Backend/node-api-ts-express-opp/node_modules/swagger-jsdoc/src/lib.js:32:10)
    at App.initializeSwagger (/home/rabindranath/Documents/Backend/node-api-ts-express-opp/src/app.ts:72:39)
    at new App (/home/rabindranath/Documents/Backend/node-api-ts-express-opp/src/app.ts:33:10)
    at Object.<anonymous> (/home/rabindranath/Documents/Backend/node-api-ts-express-opp/src/index.ts:6:13)
    at Module._compile (node:internal/modules/cjs/loader:1105:14)
    at Module._compile (/home/rabindranath/Documents/Backend/node-api-ts-express-opp/node_modules/source-map-support/source-map-support.js:568:25)
    at Module.m._compile (/tmp/ts-node-dev-hook-5078778666916179.js:69:33)
2022-10-28 00:01:43 error: uncaughtException: Cannot read properties of null (reading 'indexOf')
TypeError: Cannot read properties of null (reading 'indexOf')
    at Object.parse (/home/rabindranath/Documents/Backend/node-api-ts-express-opp/node_modules/swagger-jsdoc/node_modules/yaml/dist/parse-3997f544.js:1874:11)
    at Object.parseDocument (/home/rabindranath/Documents/Backend/node-api-ts-express-opp/node_modules/swagger-jsdoc/node_modules/yaml/dist/index.js:41:24)
    at build (/home/rabindranath/Documents/Backend/node-api-ts-express-opp/node_modules/swagger-jsdoc/src/specification.js:226:45)
    at module.exports (/home/rabindranath/Documents/Backend/node-api-ts-express-opp/node_modules/swagger-jsdoc/src/lib.js:32:10)
    at App.initializeSwagger (/home/rabindranath/Documents/Backend/node-api-ts-express-opp/src/app.ts:72:39)
    at new App (/home/rabindranath/Documents/Backend/node-api-ts-express-opp/src/app.ts:33:10)
    at Object.<anonymous> (/home/rabindranath/Documents/Backend/node-api-ts-express-opp/src/index.ts:6:13)
    at Module._compile (node:internal/modules/cjs/loader:1105:14)
    at Module._compile (/home/rabindranath/Documents/Backend/node-api-ts-express-opp/node_modules/source-map-support/source-map-support.js:568:25)
    at Module.m._compile (/tmp/ts-node-dev-hook-5078778666916179.js:69:33)
2022-10-28 00:01:50 error: uncaughtException: Cannot read properties of null (reading 'indexOf')
TypeError: Cannot read properties of null (reading 'indexOf')
    at Object.parse (/home/rabindranath/Documents/Backend/node-api-ts-express-opp/node_modules/swagger-jsdoc/node_modules/yaml/dist/parse-3997f544.js:1874:11)
    at Object.parseDocument (/home/rabindranath/Documents/Backend/node-api-ts-express-opp/node_modules/swagger-jsdoc/node_modules/yaml/dist/index.js:41:24)
    at build (/home/rabindranath/Documents/Backend/node-api-ts-express-opp/node_modules/swagger-jsdoc/src/specification.js:226:45)
    at module.exports (/home/rabindranath/Documents/Backend/node-api-ts-express-opp/node_modules/swagger-jsdoc/src/lib.js:32:10)
    at App.initializeSwagger (/home/rabindranath/Documents/Backend/node-api-ts-express-opp/src/app.ts:72:39)
    at new App (/home/rabindranath/Documents/Backend/node-api-ts-express-opp/src/app.ts:33:10)
    at Object.<anonymous> (/home/rabindranath/Documents/Backend/node-api-ts-express-opp/src/index.ts:6:13)
    at Module._compile (node:internal/modules/cjs/loader:1105:14)
    at Module._compile (/home/rabindranath/Documents/Backend/node-api-ts-express-opp/node_modules/source-map-support/source-map-support.js:568:25)
    at Module.m._compile (/tmp/ts-node-dev-hook-5078778666916179.js:69:33)
2022-10-28 00:01:55 error: uncaughtException: Cannot read properties of null (reading 'indexOf')
TypeError: Cannot read properties of null (reading 'indexOf')
    at Object.parse (/home/rabindranath/Documents/Backend/node-api-ts-express-opp/node_modules/swagger-jsdoc/node_modules/yaml/dist/parse-3997f544.js:1874:11)
    at Object.parseDocument (/home/rabindranath/Documents/Backend/node-api-ts-express-opp/node_modules/swagger-jsdoc/node_modules/yaml/dist/index.js:41:24)
    at build (/home/rabindranath/Documents/Backend/node-api-ts-express-opp/node_modules/swagger-jsdoc/src/specification.js:226:45)
    at module.exports (/home/rabindranath/Documents/Backend/node-api-ts-express-opp/node_modules/swagger-jsdoc/src/lib.js:32:10)
    at App.initializeSwagger (/home/rabindranath/Documents/Backend/node-api-ts-express-opp/src/app.ts:72:39)
    at new App (/home/rabindranath/Documents/Backend/node-api-ts-express-opp/src/app.ts:33:10)
    at Object.<anonymous> (/home/rabindranath/Documents/Backend/node-api-ts-express-opp/src/index.ts:6:13)
    at Module._compile (node:internal/modules/cjs/loader:1105:14)
    at Module._compile (/home/rabindranath/Documents/Backend/node-api-ts-express-opp/node_modules/source-map-support/source-map-support.js:568:25)
    at Module.m._compile (/tmp/ts-node-dev-hook-5078778666916179.js:69:33)
2022-10-28 00:02:02 error: uncaughtException: Cannot read properties of null (reading 'indexOf')
TypeError: Cannot read properties of null (reading 'indexOf')
    at Object.parse (/home/rabindranath/Documents/Backend/node-api-ts-express-opp/node_modules/swagger-jsdoc/node_modules/yaml/dist/parse-3997f544.js:1874:11)
    at Object.parseDocument (/home/rabindranath/Documents/Backend/node-api-ts-express-opp/node_modules/swagger-jsdoc/node_modules/yaml/dist/index.js:41:24)
    at build (/home/rabindranath/Documents/Backend/node-api-ts-express-opp/node_modules/swagger-jsdoc/src/specification.js:226:45)
    at module.exports (/home/rabindranath/Documents/Backend/node-api-ts-express-opp/node_modules/swagger-jsdoc/src/lib.js:32:10)
    at App.initializeSwagger (/home/rabindranath/Documents/Backend/node-api-ts-express-opp/src/app.ts:72:39)
    at new App (/home/rabindranath/Documents/Backend/node-api-ts-express-opp/src/app.ts:33:10)
    at Object.<anonymous> (/home/rabindranath/Documents/Backend/node-api-ts-express-opp/src/index.ts:6:13)
    at Module._compile (node:internal/modules/cjs/loader:1105:14)
    at Module._compile (/home/rabindranath/Documents/Backend/node-api-ts-express-opp/node_modules/source-map-support/source-map-support.js:568:25)
    at Module.m._compile (/tmp/ts-node-dev-hook-5078778666916179.js:69:33)
2022-10-28 00:06:08 error: uncaughtException: Cannot read properties of null (reading 'indexOf')
TypeError: Cannot read properties of null (reading 'indexOf')
    at Object.parse (/home/rabindranath/Documents/Backend/node-api-ts-express-opp/node_modules/swagger-jsdoc/node_modules/yaml/dist/parse-3997f544.js:1874:11)
    at Object.parseDocument (/home/rabindranath/Documents/Backend/node-api-ts-express-opp/node_modules/swagger-jsdoc/node_modules/yaml/dist/index.js:41:24)
    at build (/home/rabindranath/Documents/Backend/node-api-ts-express-opp/node_modules/swagger-jsdoc/src/specification.js:226:45)
    at module.exports (/home/rabindranath/Documents/Backend/node-api-ts-express-opp/node_modules/swagger-jsdoc/src/lib.js:32:10)
    at App.initializeSwagger (/home/rabindranath/Documents/Backend/node-api-ts-express-opp/src/app.ts:72:39)
    at new App (/home/rabindranath/Documents/Backend/node-api-ts-express-opp/src/app.ts:33:10)
    at Object.<anonymous> (/home/rabindranath/Documents/Backend/node-api-ts-express-opp/src/index.ts:6:13)
    at Module._compile (node:internal/modules/cjs/loader:1105:14)
    at Module._compile (/home/rabindranath/Documents/Backend/node-api-ts-express-opp/node_modules/source-map-support/source-map-support.js:568:25)
    at Module.m._compile (/tmp/ts-node-dev-hook-5078778666916179.js:69:33)
2022-10-28 00:06:34 error: uncaughtException: Cannot convert undefined or null to object
TypeError: Cannot convert undefined or null to object
    at Function.keys (<anonymous>)
    at organize (/home/rabindranath/Documents/Backend/node-api-ts-express-opp/node_modules/swagger-jsdoc/src/specification.js:152:37)
    at build (/home/rabindranath/Documents/Backend/node-api-ts-express-opp/node_modules/swagger-jsdoc/src/specification.js:316:7)
    at module.exports (/home/rabindranath/Documents/Backend/node-api-ts-express-opp/node_modules/swagger-jsdoc/src/lib.js:32:10)
    at App.initializeSwagger (/home/rabindranath/Documents/Backend/node-api-ts-express-opp/src/app.ts:72:39)
    at new App (/home/rabindranath/Documents/Backend/node-api-ts-express-opp/src/app.ts:33:10)
    at Object.<anonymous> (/home/rabindranath/Documents/Backend/node-api-ts-express-opp/src/index.ts:6:13)
    at Module._compile (node:internal/modules/cjs/loader:1105:14)
    at Module._compile (/home/rabindranath/Documents/Backend/node-api-ts-express-opp/node_modules/source-map-support/source-map-support.js:568:25)
    at Module.m._compile (/tmp/ts-node-dev-hook-5078778666916179.js:69:33)
2022-10-28 00:11:37 error: uncaughtException: Cannot read properties of null (reading 'indexOf')
TypeError: Cannot read properties of null (reading 'indexOf')
    at Object.parse (/home/rabindranath/Documents/Backend/node-api-ts-express-opp/node_modules/swagger-jsdoc/node_modules/yaml/dist/parse-3997f544.js:1874:11)
    at Object.parseDocument (/home/rabindranath/Documents/Backend/node-api-ts-express-opp/node_modules/swagger-jsdoc/node_modules/yaml/dist/index.js:41:24)
    at build (/home/rabindranath/Documents/Backend/node-api-ts-express-opp/node_modules/swagger-jsdoc/src/specification.js:226:45)
    at module.exports (/home/rabindranath/Documents/Backend/node-api-ts-express-opp/node_modules/swagger-jsdoc/src/lib.js:32:10)
    at App.initializeSwagger (/home/rabindranath/Documents/Backend/node-api-ts-express-opp/src/app.ts:72:39)
    at new App (/home/rabindranath/Documents/Backend/node-api-ts-express-opp/src/app.ts:33:10)
    at Object.<anonymous> (/home/rabindranath/Documents/Backend/node-api-ts-express-opp/src/index.ts:6:13)
    at Module._compile (node:internal/modules/cjs/loader:1105:14)
    at Module._compile (/home/rabindranath/Documents/Backend/node-api-ts-express-opp/node_modules/source-map-support/source-map-support.js:568:25)
    at Module.m._compile (/tmp/ts-node-dev-hook-5078778666916179.js:69:33)
