2022-10-28 00:02:31 info: =================================
2022-10-28 00:02:31 info: ======= ENV: development =======
2022-10-28 00:02:31 info: 🚀 App listening on the port 3000
2022-10-28 00:02:31 info: =================================
2022-10-28 00:02:37 info: [0mGET /api/v1/docs/ [36m304[0m 8.297 ms - -[0m
2022-10-28 00:02:37 info: [0mGET /api/v1/docs/swagger-ui-bundle.js [36m304[0m 2.253 ms - -[0m
2022-10-28 00:02:37 info: [0mGET /api/v1/docs/swagger-ui-standalone-preset.js [36m304[0m 1.544 ms - -[0m
2022-10-28 00:02:37 info: [0mGET /api/v1/docs/swagger-ui-init.js [32m200[0m 1.975 ms - 2160[0m
2022-10-28 00:02:37 info: [0mGET /api/v1/docs/swagger-ui.css [36m304[0m 1.355 ms - -[0m
2022-10-28 00:03:44 info: =================================
2022-10-28 00:03:44 info: ======= ENV: development =======
2022-10-28 00:03:44 info: 🚀 App listening on the port 3000
2022-10-28 00:03:44 info: =================================
2022-10-28 00:04:06 info: =================================
2022-10-28 00:04:06 info: ======= ENV: development =======
2022-10-28 00:04:06 info: 🚀 App listening on the port 3000
2022-10-28 00:04:06 info: =================================
2022-10-28 00:04:17 info: =================================
2022-10-28 00:04:17 info: ======= ENV: development =======
2022-10-28 00:04:17 info: 🚀 App listening on the port 3000
2022-10-28 00:04:17 info: =================================
2022-10-28 00:04:27 info: [0mGET /api/v1/users [32m200[0m 5.383 ms - 1023[0m
2022-10-28 00:04:50 info: =================================
2022-10-28 00:04:50 info: ======= ENV: development =======
2022-10-28 00:04:50 info: 🚀 App listening on the port 3000
2022-10-28 00:04:50 info: =================================
2022-10-28 00:04:56 info: =================================
2022-10-28 00:04:56 info: ======= ENV: development =======
2022-10-28 00:04:56 info: 🚀 App listening on the port 3000
2022-10-28 00:04:56 info: =================================
2022-10-28 00:05:04 info: =================================
2022-10-28 00:05:04 info: ======= ENV: development =======
2022-10-28 00:05:04 info: 🚀 App listening on the port 3000
2022-10-28 00:05:04 info: =================================
2022-10-28 00:05:15 info: =================================
2022-10-28 00:05:15 info: ======= ENV: development =======
2022-10-28 00:05:16 info: 🚀 App listening on the port 3000
2022-10-28 00:05:16 info: =================================
2022-10-28 00:05:19 info: [0mGET /api/v1/docs/ [36m304[0m 10.417 ms - -[0m
2022-10-28 00:05:19 info: [0mGET /api/v1/docs/swagger-ui-bundle.js [36m304[0m 5.829 ms - -[0m
2022-10-28 00:05:19 info: [0mGET /api/v1/docs/swagger-ui-init.js [32m200[0m 1.672 ms - 3009[0m
2022-10-28 00:05:19 info: [0mGET /api/v1/docs/swagger-ui-standalone-preset.js [36m304[0m 14.367 ms - -[0m
2022-10-28 00:05:19 info: [0mGET /api/v1/docs/swagger-ui.css [36m304[0m 8.802 ms - -[0m
2022-10-28 00:05:52 info: =================================
2022-10-28 00:05:52 info: ======= ENV: development =======
2022-10-28 00:05:52 info: 🚀 App listening on the port 3000
2022-10-28 00:05:52 info: =================================
2022-10-28 00:06:02 info: =================================
2022-10-28 00:06:02 info: ======= ENV: development =======
2022-10-28 00:06:02 info: 🚀 App listening on the port 3000
2022-10-28 00:06:02 info: =================================
2022-10-28 00:06:05 info: =================================
2022-10-28 00:06:05 info: ======= ENV: development =======
2022-10-28 00:06:05 info: 🚀 App listening on the port 3000
2022-10-28 00:06:05 info: =================================
2022-10-28 00:06:38 info: =================================
2022-10-28 00:06:38 info: ======= ENV: development =======
2022-10-28 00:06:38 info: 🚀 App listening on the port 3000
2022-10-28 00:06:38 info: =================================
2022-10-28 00:06:40 info: =================================
2022-10-28 00:06:40 info: ======= ENV: development =======
2022-10-28 00:06:40 info: 🚀 App listening on the port 3000
2022-10-28 00:06:40 info: =================================
2022-10-28 00:06:46 info: =================================
2022-10-28 00:06:46 info: ======= ENV: development =======
2022-10-28 00:06:46 info: 🚀 App listening on the port 3000
2022-10-28 00:06:46 info: =================================
2022-10-28 00:06:52 info: =================================
2022-10-28 00:06:52 info: ======= ENV: development =======
2022-10-28 00:06:52 info: 🚀 App listening on the port 3000
2022-10-28 00:06:52 info: =================================
2022-10-28 00:07:08 info: =================================
2022-10-28 00:07:08 info: ======= ENV: development =======
2022-10-28 00:07:08 info: 🚀 App listening on the port 3000
2022-10-28 00:07:08 info: =================================
2022-10-28 00:07:10 info: =================================
2022-10-28 00:07:10 info: ======= ENV: development =======
2022-10-28 00:07:10 info: 🚀 App listening on the port 3000
2022-10-28 00:07:10 info: =================================
2022-10-28 00:07:12 info: =================================
2022-10-28 00:07:12 info: ======= ENV: development =======
2022-10-28 00:07:12 info: 🚀 App listening on the port 3000
2022-10-28 00:07:12 info: =================================
2022-10-28 00:07:16 info: =================================
2022-10-28 00:07:16 info: ======= ENV: development =======
2022-10-28 00:07:16 info: 🚀 App listening on the port 3000
2022-10-28 00:07:16 info: =================================
2022-10-28 00:07:19 info: =================================
2022-10-28 00:07:19 info: ======= ENV: development =======
2022-10-28 00:07:19 info: 🚀 App listening on the port 3000
2022-10-28 00:07:19 info: =================================
2022-10-28 00:07:36 info: =================================
2022-10-28 00:07:36 info: ======= ENV: development =======
2022-10-28 00:07:36 info: 🚀 App listening on the port 3000
2022-10-28 00:07:36 info: =================================
2022-10-28 00:07:40 info: =================================
2022-10-28 00:07:41 info: ======= ENV: development =======
2022-10-28 00:07:41 info: 🚀 App listening on the port 3000
2022-10-28 00:07:41 info: =================================
2022-10-28 00:07:52 info: =================================
2022-10-28 00:07:52 info: ======= ENV: development =======
2022-10-28 00:07:52 info: 🚀 App listening on the port 3000
2022-10-28 00:07:52 info: =================================
2022-10-28 00:08:05 info: =================================
2022-10-28 00:08:05 info: ======= ENV: development =======
2022-10-28 00:08:05 info: 🚀 App listening on the port 3000
2022-10-28 00:08:05 info: =================================
2022-10-28 00:08:07 info: =================================
2022-10-28 00:08:07 info: ======= ENV: development =======
2022-10-28 00:08:07 info: 🚀 App listening on the port 3000
2022-10-28 00:08:07 info: =================================
2022-10-28 00:08:15 info: =================================
2022-10-28 00:08:15 info: ======= ENV: development =======
2022-10-28 00:08:15 info: 🚀 App listening on the port 3000
2022-10-28 00:08:15 info: =================================
2022-10-28 00:08:18 info: =================================
2022-10-28 00:08:18 info: ======= ENV: development =======
2022-10-28 00:08:18 info: 🚀 App listening on the port 3000
2022-10-28 00:08:18 info: =================================
2022-10-28 00:08:30 info: =================================
2022-10-28 00:08:30 info: ======= ENV: development =======
2022-10-28 00:08:30 info: 🚀 App listening on the port 3000
2022-10-28 00:08:30 info: =================================
2022-10-28 00:08:47 info: =================================
2022-10-28 00:08:47 info: ======= ENV: development =======
2022-10-28 00:08:47 info: 🚀 App listening on the port 3000
2022-10-28 00:08:47 info: =================================
2022-10-28 00:09:08 info: =================================
2022-10-28 00:09:08 info: ======= ENV: development =======
2022-10-28 00:09:08 info: 🚀 App listening on the port 3000
2022-10-28 00:09:08 info: =================================
2022-10-28 00:09:20 info: =================================
2022-10-28 00:09:20 info: ======= ENV: development =======
2022-10-28 00:09:20 info: 🚀 App listening on the port 3000
2022-10-28 00:09:20 info: =================================
2022-10-28 00:09:54 info: =================================
2022-10-28 00:09:54 info: ======= ENV: development =======
2022-10-28 00:09:54 info: 🚀 App listening on the port 3000
2022-10-28 00:09:54 info: =================================
2022-10-28 00:09:58 info: =================================
2022-10-28 00:09:58 info: ======= ENV: development =======
2022-10-28 00:09:58 info: 🚀 App listening on the port 3000
2022-10-28 00:09:58 info: =================================
2022-10-28 00:11:25 info: =================================
2022-10-28 00:11:25 info: ======= ENV: development =======
2022-10-28 00:11:25 info: 🚀 App listening on the port 3000
2022-10-28 00:11:25 info: =================================
2022-10-28 00:11:34 info: =================================
2022-10-28 00:11:34 info: ======= ENV: development =======
2022-10-28 00:11:34 info: 🚀 App listening on the port 3000
2022-10-28 00:11:34 info: =================================
2022-10-28 00:11:42 info: =================================
2022-10-28 00:11:42 info: ======= ENV: development =======
2022-10-28 00:11:42 info: 🚀 App listening on the port 3000
2022-10-28 00:11:42 info: =================================
2022-10-28 00:11:49 info: =================================
2022-10-28 00:11:49 info: ======= ENV: development =======
2022-10-28 00:11:49 info: 🚀 App listening on the port 3000
2022-10-28 00:11:49 info: =================================
2022-10-28 00:12:08 info: =================================
2022-10-28 00:12:08 info: ======= ENV: development =======
2022-10-28 00:12:08 info: 🚀 App listening on the port 3000
2022-10-28 00:12:08 info: =================================
2022-10-28 00:12:13 info: =================================
2022-10-28 00:12:13 info: ======= ENV: development =======
2022-10-28 00:12:13 info: 🚀 App listening on the port 3000
2022-10-28 00:12:13 info: =================================
2022-10-28 00:12:17 info: =================================
2022-10-28 00:12:17 info: ======= ENV: development =======
2022-10-28 00:12:17 info: 🚀 App listening on the port 3000
2022-10-28 00:12:17 info: =================================
2022-10-28 00:12:22 info: =================================
2022-10-28 00:12:22 info: ======= ENV: development =======
2022-10-28 00:12:22 info: 🚀 App listening on the port 3000
2022-10-28 00:12:22 info: =================================
2022-10-28 00:13:49 info: =================================
2022-10-28 00:13:49 info: ======= ENV: development =======
2022-10-28 00:13:49 info: 🚀 App listening on the port 3000
2022-10-28 00:13:49 info: =================================
2022-10-28 00:13:58 info: =================================
2022-10-28 00:13:58 info: ======= ENV: development =======
2022-10-28 00:13:58 info: 🚀 App listening on the port 3000
2022-10-28 00:13:58 info: =================================
2022-10-28 00:14:15 info: =================================
2022-10-28 00:14:15 info: ======= ENV: development =======
2022-10-28 00:14:15 info: 🚀 App listening on the port 3000
2022-10-28 00:14:15 info: =================================
2022-10-28 00:14:20 info: =================================
2022-10-28 00:14:20 info: ======= ENV: development =======
2022-10-28 00:14:20 info: 🚀 App listening on the port 3000
2022-10-28 00:14:20 info: =================================
2022-10-28 00:14:27 info: =================================
2022-10-28 00:14:27 info: ======= ENV: development =======
2022-10-28 00:14:27 info: 🚀 App listening on the port 3000
2022-10-28 00:14:27 info: =================================
2022-10-28 00:14:38 info: =================================
2022-10-28 00:14:38 info: ======= ENV: development =======
2022-10-28 00:14:38 info: 🚀 App listening on the port 3000
2022-10-28 00:14:38 info: =================================
2022-10-28 00:14:42 info: =================================
2022-10-28 00:14:42 info: ======= ENV: development =======
2022-10-28 00:14:42 info: 🚀 App listening on the port 3000
2022-10-28 00:14:42 info: =================================
2022-10-28 00:14:44 info: =================================
2022-10-28 00:14:44 info: ======= ENV: development =======
2022-10-28 00:14:44 info: 🚀 App listening on the port 3000
2022-10-28 00:14:44 info: =================================
2022-10-28 00:14:46 info: =================================
2022-10-28 00:14:46 info: ======= ENV: development =======
2022-10-28 00:14:46 info: 🚀 App listening on the port 3000
2022-10-28 00:14:46 info: =================================
2022-10-28 00:14:52 info: =================================
2022-10-28 00:14:52 info: ======= ENV: development =======
2022-10-28 00:14:52 info: 🚀 App listening on the port 3000
2022-10-28 00:14:52 info: =================================
2022-10-28 00:14:56 info: =================================
2022-10-28 00:14:56 info: ======= ENV: development =======
2022-10-28 00:14:56 info: 🚀 App listening on the port 3000
2022-10-28 00:14:56 info: =================================
2022-10-28 00:14:59 info: =================================
2022-10-28 00:14:59 info: ======= ENV: development =======
2022-10-28 00:14:59 info: 🚀 App listening on the port 3000
2022-10-28 00:14:59 info: =================================
2022-10-28 00:15:02 info: =================================
2022-10-28 00:15:02 info: ======= ENV: development =======
2022-10-28 00:15:02 info: 🚀 App listening on the port 3000
2022-10-28 00:15:02 info: =================================
2022-10-28 00:15:05 info: =================================
2022-10-28 00:15:05 info: ======= ENV: development =======
2022-10-28 00:15:05 info: 🚀 App listening on the port 3000
2022-10-28 00:15:05 info: =================================
2022-10-28 00:15:12 info: =================================
2022-10-28 00:15:12 info: ======= ENV: development =======
2022-10-28 00:15:12 info: 🚀 App listening on the port 3000
2022-10-28 00:15:12 info: =================================
2022-10-28 00:15:15 info: =================================
2022-10-28 00:15:15 info: ======= ENV: development =======
2022-10-28 00:15:15 info: 🚀 App listening on the port 3000
2022-10-28 00:15:15 info: =================================
2022-10-28 00:15:27 info: =================================
2022-10-28 00:15:28 info: ======= ENV: development =======
2022-10-28 00:15:28 info: 🚀 App listening on the port 3000
2022-10-28 00:15:28 info: =================================
2022-10-28 00:15:43 info: =================================
2022-10-28 00:15:43 info: ======= ENV: development =======
2022-10-28 00:15:43 info: 🚀 App listening on the port 3000
2022-10-28 00:15:43 info: =================================
2022-10-28 00:15:46 info: [0mGET /api/v1/docs/ [36m304[0m 9.161 ms - -[0m
2022-10-28 00:15:46 info: [0mGET /api/v1/docs/swagger-ui.css [36m304[0m 2.820 ms - -[0m
2022-10-28 00:15:46 info: [0mGET /api/v1/docs/swagger-ui-bundle.js [36m304[0m 1.667 ms - -[0m
2022-10-28 00:15:46 info: [0mGET /api/v1/docs/swagger-ui-init.js [32m200[0m 0.881 ms - 3530[0m
2022-10-28 00:15:46 info: [0mGET /api/v1/docs/swagger-ui-standalone-preset.js [36m304[0m 1.192 ms - -[0m
2022-10-28 00:16:37 info: =================================
2022-10-28 00:16:37 info: ======= ENV: development =======
2022-10-28 00:16:37 info: 🚀 App listening on the port 3000
2022-10-28 00:16:37 info: =================================
2022-10-28 00:16:44 info: =================================
2022-10-28 00:16:44 info: ======= ENV: development =======
2022-10-28 00:16:44 info: 🚀 App listening on the port 3000
2022-10-28 00:16:44 info: =================================
2022-10-28 00:16:46 info: =================================
2022-10-28 00:16:46 info: ======= ENV: development =======
2022-10-28 00:16:46 info: 🚀 App listening on the port 3000
2022-10-28 00:16:46 info: =================================
2022-10-28 00:16:50 info: =================================
2022-10-28 00:16:50 info: ======= ENV: development =======
2022-10-28 00:16:50 info: 🚀 App listening on the port 3000
2022-10-28 00:16:50 info: =================================
2022-10-28 00:16:58 info: =================================
2022-10-28 00:16:58 info: ======= ENV: development =======
2022-10-28 00:16:58 info: 🚀 App listening on the port 3000
2022-10-28 00:16:58 info: =================================
2022-10-28 00:17:03 info: [0mGET /api/v1/docs/ [36m304[0m 7.341 ms - -[0m
2022-10-28 00:17:03 info: [0mGET /api/v1/docs/swagger-ui.css [36m304[0m 2.731 ms - -[0m
2022-10-28 00:17:03 info: [0mGET /api/v1/docs/swagger-ui-init.js [32m200[0m 1.105 ms - 3735[0m
2022-10-28 00:17:03 info: [0mGET /api/v1/docs/swagger-ui-bundle.js [36m304[0m 7.586 ms - -[0m
2022-10-28 00:17:03 info: [0mGET /api/v1/docs/swagger-ui-standalone-preset.js [36m304[0m 13.420 ms - -[0m
2022-10-28 00:18:03 info: =================================
2022-10-28 00:18:03 info: ======= ENV: development =======
2022-10-28 00:18:03 info: 🚀 App listening on the port 3000
2022-10-28 00:18:03 info: =================================
2022-10-28 00:18:23 info: =================================
2022-10-28 00:18:23 info: ======= ENV: development =======
2022-10-28 00:18:23 info: 🚀 App listening on the port 3000
2022-10-28 00:18:23 info: =================================
2022-10-28 00:18:26 info: =================================
2022-10-28 00:18:26 info: ======= ENV: development =======
2022-10-28 00:18:26 info: 🚀 App listening on the port 3000
2022-10-28 00:18:26 info: =================================
2022-10-28 00:18:27 info: =================================
2022-10-28 00:18:27 info: ======= ENV: development =======
2022-10-28 00:18:27 info: 🚀 App listening on the port 3000
2022-10-28 00:18:27 info: =================================
2022-10-28 00:18:29 info: =================================
2022-10-28 00:18:29 info: ======= ENV: development =======
2022-10-28 00:18:29 info: 🚀 App listening on the port 3000
2022-10-28 00:18:29 info: =================================
2022-10-28 00:18:30 info: [0mGET /api/v1/docs/ [36m304[0m 10.636 ms - -[0m
2022-10-28 00:18:30 info: [0mGET /api/v1/docs/swagger-ui-bundle.js [36m304[0m 4.401 ms - -[0m
2022-10-28 00:18:31 info: [0mGET /api/v1/docs/swagger-ui-init.js [32m200[0m 0.875 ms - 3582[0m
2022-10-28 00:18:31 info: [0mGET /api/v1/docs/swagger-ui-standalone-preset.js [36m304[0m 7.658 ms - -[0m
2022-10-28 00:18:31 info: [0mGET /api/v1/docs/swagger-ui.css [36m304[0m 5.476 ms - -[0m
2022-10-28 00:24:42 info: =================================
2022-10-28 00:24:42 info: ======= ENV: development =======
2022-10-28 00:24:42 info: 🚀 App listening on the port 3000
2022-10-28 00:24:42 info: =================================
2022-10-28 00:25:14 info: =================================
2022-10-28 00:25:14 info: ======= ENV: development =======
2022-10-28 00:25:14 info: 🚀 App listening on the port 3000
2022-10-28 00:25:14 info: =================================
