2022-11-10 12:03:49 info: =================================
2022-11-10 12:03:49 info: ======= ENV: development =======
2022-11-10 12:03:49 info: 🚀 App listening on the port 3000
2022-11-10 12:03:49 info: =================================
2022-11-10 12:04:54 info: =================================
2022-11-10 12:04:54 info: ======= ENV: development =======
2022-11-10 12:04:54 info: 🚀 App listening on the port 3000
2022-11-10 12:04:54 info: =================================
2022-11-10 12:05:04 info: =================================
2022-11-10 12:05:04 info: ======= ENV: development =======
2022-11-10 12:05:04 info: 🚀 App listening on the port 3000
2022-11-10 12:05:04 info: =================================
2022-11-10 12:05:26 info: =================================
2022-11-10 12:05:26 info: ======= ENV: development =======
2022-11-10 12:05:26 info: 🚀 App listening on the port 3000
2022-11-10 12:05:26 info: =================================
2022-11-10 12:09:16 info: =================================
2022-11-10 12:09:16 info: ======= ENV: development =======
2022-11-10 12:09:16 info: 🚀 App listening on the port 3000
2022-11-10 12:09:16 info: =================================
2022-11-10 12:09:52 info: =================================
2022-11-10 12:09:52 info: ======= ENV: development =======
2022-11-10 12:09:52 info: 🚀 App listening on the port 3000
2022-11-10 12:09:52 info: =================================
2022-11-10 12:11:37 info: =================================
2022-11-10 12:11:37 info: ======= ENV: development =======
2022-11-10 12:11:37 info: 🚀 App listening on the port 3000
2022-11-10 12:11:37 info: =================================
2022-11-10 12:11:44 info: =================================
2022-11-10 12:11:44 info: ======= ENV: development =======
2022-11-10 12:11:44 info: 🚀 App listening on the port 3000
2022-11-10 12:11:44 info: =================================
2022-11-10 12:11:48 info: =================================
2022-11-10 12:11:48 info: ======= ENV: development =======
2022-11-10 12:11:48 info: 🚀 App listening on the port 3000
2022-11-10 12:11:48 info: =================================
2022-11-10 12:12:07 info: =================================
2022-11-10 12:12:07 info: ======= ENV: development =======
2022-11-10 12:12:07 info: 🚀 App listening on the port 3000
2022-11-10 12:12:07 info: =================================
2022-11-10 12:12:18 info: =================================
2022-11-10 12:12:18 info: ======= ENV: development =======
2022-11-10 12:12:18 info: 🚀 App listening on the port 3000
2022-11-10 12:12:18 info: =================================
2022-11-10 12:12:35 info: =================================
2022-11-10 12:12:36 info: ======= ENV: development =======
2022-11-10 12:12:36 info: 🚀 App listening on the port 3000
2022-11-10 12:12:36 info: =================================
2022-11-10 12:15:45 info: =================================
2022-11-10 12:15:45 info: ======= ENV: development =======
2022-11-10 12:15:45 info: 🚀 App listening on the port 3000
2022-11-10 12:15:45 info: =================================
2022-11-10 12:15:55 info: =================================
2022-11-10 12:15:55 info: ======= ENV: development =======
2022-11-10 12:15:55 info: 🚀 App listening on the port 3000
2022-11-10 12:15:55 info: =================================
2022-11-10 12:16:01 info: =================================
2022-11-10 12:16:01 info: ======= ENV: development =======
2022-11-10 12:16:01 info: 🚀 App listening on the port 3000
2022-11-10 12:16:01 info: =================================
2022-11-10 12:16:12 info: =================================
2022-11-10 12:16:12 info: ======= ENV: development =======
2022-11-10 12:16:12 info: 🚀 App listening on the port 3000
2022-11-10 12:16:12 info: =================================
2022-11-10 12:17:17 info: =================================
2022-11-10 12:17:17 info: ======= ENV: development =======
2022-11-10 12:17:17 info: 🚀 App listening on the port 3000
2022-11-10 12:17:17 info: =================================
2022-11-10 12:17:29 info: =================================
2022-11-10 12:17:29 info: ======= ENV: development =======
2022-11-10 12:17:29 info: 🚀 App listening on the port 3000
2022-11-10 12:17:29 info: =================================
2022-11-10 12:17:59 info: =================================
2022-11-10 12:17:59 info: ======= ENV: development =======
2022-11-10 12:17:59 info: 🚀 App listening on the port 3000
2022-11-10 12:17:59 info: =================================
2022-11-10 12:18:22 info: =================================
2022-11-10 12:18:22 info: ======= ENV: development =======
2022-11-10 12:18:22 info: 🚀 App listening on the port 3000
2022-11-10 12:18:22 info: =================================
2022-11-10 12:18:28 info: =================================
2022-11-10 12:18:28 info: ======= ENV: development =======
2022-11-10 12:18:28 info: 🚀 App listening on the port 3000
2022-11-10 12:18:28 info: =================================
2022-11-10 12:18:35 info: =================================
2022-11-10 12:18:35 info: ======= ENV: development =======
2022-11-10 12:18:35 info: 🚀 App listening on the port 3000
2022-11-10 12:18:35 info: =================================
2022-11-10 12:18:41 info: =================================
2022-11-10 12:18:41 info: ======= ENV: development =======
2022-11-10 12:18:41 info: 🚀 App listening on the port 3000
2022-11-10 12:18:41 info: =================================
2022-11-10 12:18:59 info: =================================
2022-11-10 12:18:59 info: ======= ENV: development =======
2022-11-10 12:18:59 info: 🚀 App listening on the port 3000
2022-11-10 12:18:59 info: =================================
2022-11-10 12:19:04 info: =================================
2022-11-10 12:19:04 info: ======= ENV: development =======
2022-11-10 12:19:04 info: 🚀 App listening on the port 3000
2022-11-10 12:19:04 info: =================================
2022-11-10 12:22:26 info: [0mPOST /api/v1/users [32m200[0m 36.211 ms - 4[0m
2022-11-10 12:23:05 info: =================================
2022-11-10 12:23:05 info: ======= ENV: development =======
2022-11-10 12:23:05 info: 🚀 App listening on the port 3000
2022-11-10 12:23:05 info: =================================
2022-11-10 12:23:08 info: [0mPOST /api/v1/users [32m200[0m 29.265 ms - 4[0m
2022-11-10 12:23:45 info: [0mPOST /api/v1/users [32m200[0m 4.172 ms - 4[0m
2022-11-10 12:24:14 info: [0mGET /api/v1/users [32m200[0m 0.855 ms - 2[0m
2022-11-10 12:24:33 info: =================================
2022-11-10 12:24:33 info: ======= ENV: development =======
2022-11-10 12:24:33 info: 🚀 App listening on the port 3000
2022-11-10 12:24:33 info: =================================
2022-11-10 12:24:46 info: =================================
2022-11-10 12:24:46 info: ======= ENV: development =======
2022-11-10 12:24:46 info: 🚀 App listening on the port 3000
2022-11-10 12:24:46 info: =================================
2022-11-10 12:24:52 info: =================================
2022-11-10 12:24:52 info: ======= ENV: development =======
2022-11-10 12:24:52 info: 🚀 App listening on the port 3000
2022-11-10 12:24:52 info: =================================
2022-11-10 12:25:02 info: =================================
2022-11-10 12:25:02 info: ======= ENV: development =======
2022-11-10 12:25:02 info: 🚀 App listening on the port 3000
2022-11-10 12:25:02 info: =================================
2022-11-10 12:31:53 info: =================================
2022-11-10 12:31:53 info: ======= ENV: development =======
2022-11-10 12:31:53 info: 🚀 App listening on the port 3000
2022-11-10 12:31:53 info: =================================
2022-11-10 12:31:58 info: =================================
2022-11-10 12:31:58 info: ======= ENV: development =======
2022-11-10 12:31:58 info: 🚀 App listening on the port 3000
2022-11-10 12:31:58 info: =================================
2022-11-10 12:32:03 info: =================================
2022-11-10 12:32:03 info: ======= ENV: development =======
2022-11-10 12:32:03 info: 🚀 App listening on the port 3000
2022-11-10 12:32:03 info: =================================
2022-11-10 12:32:10 info: [0mPOST /api/v1/users [32m200[0m 81.230 ms - 178[0m
2022-11-10 12:33:20 info: [0mGET /api/v1/users [32m200[0m 1.282 ms - 2[0m
2022-11-10 12:33:52 info: =================================
2022-11-10 12:33:52 info: ======= ENV: development =======
2022-11-10 12:33:52 info: 🚀 App listening on the port 3000
2022-11-10 12:33:52 info: =================================
2022-11-10 12:33:55 info: =================================
2022-11-10 12:33:55 info: ======= ENV: development =======
2022-11-10 12:33:55 info: 🚀 App listening on the port 3000
2022-11-10 12:33:55 info: =================================
2022-11-10 12:34:36 info: =================================
2022-11-10 12:34:36 info: ======= ENV: development =======
2022-11-10 12:34:36 info: 🚀 App listening on the port 3000
2022-11-10 12:34:36 info: =================================
2022-11-10 12:35:28 info: =================================
2022-11-10 12:35:28 info: ======= ENV: development =======
2022-11-10 12:35:28 info: 🚀 App listening on the port 3000
2022-11-10 12:35:28 info: =================================
2022-11-10 12:35:32 info: [0mGET /api/v1/users [32m200[0m 5.843 ms - 2[0m
2022-11-10 12:35:48 info: =================================
2022-11-10 12:35:48 info: ======= ENV: development =======
2022-11-10 12:35:48 info: 🚀 App listening on the port 3000
2022-11-10 12:35:48 info: =================================
2022-11-10 12:35:49 info: [0mGET /api/v1/users [32m200[0m 6.126 ms - 2[0m
2022-11-10 12:36:48 info: =================================
2022-11-10 12:36:48 info: ======= ENV: development =======
2022-11-10 12:36:48 info: 🚀 App listening on the port 3000
2022-11-10 12:36:48 info: =================================
2022-11-10 12:36:52 info: [0mGET /api/v1/users [32m200[0m 6.647 ms - 2[0m
2022-11-10 12:37:24 info: =================================
2022-11-10 12:37:24 info: ======= ENV: development =======
2022-11-10 12:37:24 info: 🚀 App listening on the port 3000
2022-11-10 12:37:24 info: =================================
2022-11-10 12:37:29 info: [0mGET /api/v1/users [32m200[0m 8.524 ms - 2[0m
2022-11-10 12:37:56 info: [0mGET /api/v1/users/1 [32m200[0m 19.213 ms - 178[0m
2022-11-10 12:38:42 info: [0mPOST /api/v1/users [32m200[0m 51.690 ms - 180[0m
2022-11-10 12:38:50 info: [0mPOST /api/v1/users [32m200[0m 22.291 ms - 180[0m
2022-11-10 12:38:58 info: [0mPOST /api/v1/users [32m200[0m 16.289 ms - 180[0m
2022-11-10 12:39:13 info: [0mPUT /api/v1/users/4 [32m200[0m 14.220 ms - 180[0m
2022-11-10 12:39:32 info: [0mDELETE /api/v1/users/3 [32m200[0m 8.344 ms - 180[0m
2022-11-10 12:39:52 info: [0mGET /api/v1/users [32m200[0m 0.774 ms - 2[0m
2022-11-10 12:40:34 info: =================================
2022-11-10 12:40:34 info: ======= ENV: development =======
2022-11-10 12:40:34 info: 🚀 App listening on the port 3000
2022-11-10 12:40:34 info: =================================
2022-11-10 12:40:36 info: [0mGET /api/v1/users [32m200[0m 10.006 ms - 2[0m
2022-11-10 12:41:24 info: =================================
2022-11-10 12:41:24 info: ======= ENV: development =======
2022-11-10 12:41:24 info: 🚀 App listening on the port 3000
2022-11-10 12:41:24 info: =================================
2022-11-10 12:41:26 info: [0mGET /api/v1/users [32m200[0m 5.857 ms - 2[0m
2022-11-10 12:43:18 info: =================================
2022-11-10 12:43:18 info: ======= ENV: development =======
2022-11-10 12:43:18 info: 🚀 App listening on the port 3000
2022-11-10 12:43:18 info: =================================
2022-11-10 12:43:20 info: =================================
2022-11-10 12:43:20 info: ======= ENV: development =======
2022-11-10 12:43:20 info: 🚀 App listening on the port 3000
2022-11-10 12:43:20 info: =================================
2022-11-10 12:43:29 info: =================================
2022-11-10 12:43:29 info: ======= ENV: development =======
2022-11-10 12:43:29 info: 🚀 App listening on the port 3000
2022-11-10 12:43:29 info: =================================
2022-11-10 12:43:30 info: [0mGET /api/v1/users [32m200[0m 10.832 ms - 2[0m
2022-11-10 12:43:42 info: =================================
2022-11-10 12:43:42 info: ======= ENV: development =======
2022-11-10 12:43:42 info: 🚀 App listening on the port 3000
2022-11-10 12:43:42 info: =================================
2022-11-10 12:43:45 info: [0mGET /api/v1/users [32m200[0m 21.041 ms - 552[0m
2022-11-10 12:43:58 info: =================================
2022-11-10 12:43:58 info: ======= ENV: development =======
2022-11-10 12:43:58 info: 🚀 App listening on the port 3000
2022-11-10 12:43:58 info: =================================
