2022-10-26 00:00:06 info: =================================
2022-10-26 00:00:06 info: ======= ENV: development =======
2022-10-26 00:00:06 info: 🚀 App listening on the port 3500
2022-10-26 00:00:06 info: =================================
2022-10-26 00:00:25 info: =================================
2022-10-26 00:00:25 info: ======= ENV: development =======
2022-10-26 00:00:25 info: 🚀 App listening on the port 3500
2022-10-26 00:00:25 info: =================================
2022-10-26 00:01:23 info: =================================
2022-10-26 00:01:23 info: ======= ENV: development =======
2022-10-26 00:01:23 info: 🚀 App listening on the port 3500
2022-10-26 00:01:23 info: =================================
2022-10-26 00:01:33 info: =================================
2022-10-26 00:01:33 info: ======= ENV: development =======
2022-10-26 00:01:33 info: 🚀 App listening on the port 3500
2022-10-26 00:01:33 info: =================================
2022-10-26 00:01:37 info: =================================
2022-10-26 00:01:37 info: ======= ENV: development =======
2022-10-26 00:01:37 info: 🚀 App listening on the port 3500
2022-10-26 00:01:37 info: =================================
2022-10-26 00:01:52 info: =================================
2022-10-26 00:01:52 info: ======= ENV: development =======
2022-10-26 00:01:52 info: 🚀 App listening on the port 3500
2022-10-26 00:01:52 info: =================================
2022-10-26 00:01:53 info: =================================
2022-10-26 00:01:53 info: ======= ENV: development =======
2022-10-26 00:01:53 info: 🚀 App listening on the port 3500
2022-10-26 00:01:53 info: =================================
2022-10-26 00:02:39 info: =================================
2022-10-26 00:02:39 info: ======= ENV: development =======
2022-10-26 00:02:39 info: 🚀 App listening on the port 3500
2022-10-26 00:02:39 info: =================================
2022-10-26 00:02:43 info: =================================
2022-10-26 00:02:43 info: ======= ENV: development =======
2022-10-26 00:02:43 info: 🚀 App listening on the port 3500
2022-10-26 00:02:43 info: =================================
2022-10-26 00:02:57 info: =================================
2022-10-26 00:02:57 info: ======= ENV: development =======
2022-10-26 00:02:57 info: 🚀 App listening on the port 3500
2022-10-26 00:02:57 info: =================================
2022-10-26 00:04:29 info: =================================
2022-10-26 00:04:29 info: ======= ENV: development =======
2022-10-26 00:04:29 info: 🚀 App listening on the port 3500
2022-10-26 00:04:29 info: =================================
2022-10-26 00:04:54 info: =================================
2022-10-26 00:04:54 info: ======= ENV: development =======
2022-10-26 00:04:54 info: 🚀 App listening on the port 3500
2022-10-26 00:04:54 info: =================================
2022-10-26 00:05:11 info: =================================
2022-10-26 00:05:11 info: ======= ENV: development =======
2022-10-26 00:05:11 info: 🚀 App listening on the port 3500
2022-10-26 00:05:11 info: =================================
2022-10-26 00:05:17 info: =================================
2022-10-26 00:05:17 info: ======= ENV: development =======
2022-10-26 00:05:17 info: 🚀 App listening on the port 3500
2022-10-26 00:05:17 info: =================================
2022-10-26 00:05:36 info: =================================
2022-10-26 00:05:36 info: ======= ENV: development =======
2022-10-26 00:05:36 info: 🚀 App listening on the port 3500
2022-10-26 00:05:36 info: =================================
2022-10-26 00:05:41 info: =================================
2022-10-26 00:05:41 info: ======= ENV: development =======
2022-10-26 00:05:41 info: 🚀 App listening on the port 3500
2022-10-26 00:05:41 info: =================================
2022-10-26 00:05:43 info: =================================
2022-10-26 00:05:43 info: ======= ENV: development =======
2022-10-26 00:05:43 info: 🚀 App listening on the port 3500
2022-10-26 00:05:43 info: =================================
2022-10-26 00:06:42 info: =================================
2022-10-26 00:06:42 info: ======= ENV: development =======
2022-10-26 00:06:42 info: 🚀 App listening on the port 3500
2022-10-26 00:06:42 info: =================================
2022-10-26 00:06:49 info: =================================
2022-10-26 00:06:49 info: ======= ENV: development =======
2022-10-26 00:06:49 info: 🚀 App listening on the port 3500
2022-10-26 00:06:49 info: =================================
2022-10-26 00:07:20 info: =================================
2022-10-26 00:07:20 info: ======= ENV: development =======
2022-10-26 00:07:20 info: 🚀 App listening on the port 3500
2022-10-26 00:07:20 info: =================================
2022-10-26 00:07:22 info: =================================
2022-10-26 00:07:22 info: ======= ENV: development =======
2022-10-26 00:07:22 info: 🚀 App listening on the port 3500
2022-10-26 00:07:22 info: =================================
2022-10-26 00:07:35 info: =================================
2022-10-26 00:07:35 info: ======= ENV: development =======
2022-10-26 00:07:35 info: 🚀 App listening on the port 3500
2022-10-26 00:07:35 info: =================================
2022-10-26 00:08:28 info: =================================
2022-10-26 00:08:28 info: ======= ENV: development =======
2022-10-26 00:08:28 info: 🚀 App listening on the port 3500
2022-10-26 00:08:28 info: =================================
2022-10-26 00:08:37 info: =================================
2022-10-26 00:08:37 info: ======= ENV: development =======
2022-10-26 00:08:37 info: 🚀 App listening on the port 3500
2022-10-26 00:08:37 info: =================================
2022-10-26 00:09:12 info: =================================
2022-10-26 00:09:12 info: ======= ENV: development =======
2022-10-26 00:09:12 info: 🚀 App listening on the port 3500
2022-10-26 00:09:12 info: =================================
2022-10-26 00:17:08 info: =================================
2022-10-26 00:17:08 info: ======= ENV: development =======
2022-10-26 00:17:08 info: 🚀 App listening on the port 3500
2022-10-26 00:17:08 info: =================================
2022-10-26 00:17:42 info: =================================
2022-10-26 00:17:42 info: ======= ENV: development =======
2022-10-26 00:17:42 info: 🚀 App listening on the port 3500
2022-10-26 00:17:42 info: =================================
2022-10-26 00:18:19 info: =================================
2022-10-26 00:18:19 info: ======= ENV: development =======
2022-10-26 00:18:19 info: 🚀 App listening on the port 3500
2022-10-26 00:18:19 info: =================================
2022-10-26 00:18:22 info: =================================
2022-10-26 00:18:22 info: ======= ENV: development =======
2022-10-26 00:18:22 info: 🚀 App listening on the port 3500
2022-10-26 00:18:22 info: =================================
2022-10-26 00:19:15 info: =================================
2022-10-26 00:19:15 info: ======= ENV: development =======
2022-10-26 00:19:15 info: 🚀 App listening on the port 3500
2022-10-26 00:19:15 info: =================================
2022-10-26 00:19:16 info: =================================
2022-10-26 00:19:16 info: ======= ENV: development =======
2022-10-26 00:19:16 info: 🚀 App listening on the port 3500
2022-10-26 00:19:16 info: =================================
2022-10-26 00:19:28 info: =================================
2022-10-26 00:19:28 info: ======= ENV: development =======
2022-10-26 00:19:28 info: 🚀 App listening on the port 3500
2022-10-26 00:19:28 info: =================================
2022-10-26 00:19:33 info: [0mPUT /api/v1/post/1 [33m404[0m 4.286 ms - 152[0m
2022-10-26 00:20:01 info: =================================
2022-10-26 00:20:01 info: ======= ENV: development =======
2022-10-26 00:20:01 info: 🚀 App listening on the port 3500
2022-10-26 00:20:01 info: =================================
2022-10-26 00:20:30 info: =================================
2022-10-26 00:20:30 info: ======= ENV: development =======
2022-10-26 00:20:30 info: 🚀 App listening on the port 3500
2022-10-26 00:20:30 info: =================================
2022-10-26 00:22:09 info: =================================
2022-10-26 00:22:09 info: ======= ENV: development =======
2022-10-26 00:22:09 info: 🚀 App listening on the port 3500
2022-10-26 00:22:09 info: =================================
2022-10-26 00:23:48 info: =================================
2022-10-26 00:23:48 info: ======= ENV: development =======
2022-10-26 00:23:48 info: 🚀 App listening on the port 3500
2022-10-26 00:23:48 info: =================================
2022-10-26 00:24:57 info: =================================
2022-10-26 00:24:57 info: ======= ENV: development =======
2022-10-26 00:24:57 info: 🚀 App listening on the port 3500
2022-10-26 00:24:57 info: =================================
2022-10-26 00:25:11 info: =================================
2022-10-26 00:25:11 info: ======= ENV: development =======
2022-10-26 00:25:11 info: 🚀 App listening on the port 3500
2022-10-26 00:25:11 info: =================================
2022-10-26 00:26:17 info: =================================
2022-10-26 00:26:17 info: ======= ENV: development =======
2022-10-26 00:26:17 info: 🚀 App listening on the port 3500
2022-10-26 00:26:17 info: =================================
2022-10-26 00:26:27 info: =================================
2022-10-26 00:26:27 info: ======= ENV: development =======
2022-10-26 00:26:27 info: 🚀 App listening on the port 3500
2022-10-26 00:26:27 info: =================================
2022-10-26 00:26:46 info: =================================
2022-10-26 00:26:46 info: ======= ENV: development =======
2022-10-26 00:26:46 info: 🚀 App listening on the port 3500
2022-10-26 00:26:46 info: =================================
2022-10-26 00:31:11 info: =================================
2022-10-26 00:31:11 info: ======= ENV: development =======
2022-10-26 00:31:11 info: 🚀 App listening on the port 3500
2022-10-26 00:31:11 info: =================================
2022-10-26 00:32:50 info: =================================
2022-10-26 00:32:50 info: ======= ENV: development =======
2022-10-26 00:32:50 info: 🚀 App listening on the port 3500
2022-10-26 00:32:50 info: =================================
2022-10-26 00:32:56 info: =================================
2022-10-26 00:32:56 info: ======= ENV: development =======
2022-10-26 00:32:56 info: 🚀 App listening on the port 3500
2022-10-26 00:32:56 info: =================================
2022-10-26 00:32:59 info: =================================
2022-10-26 00:32:59 info: ======= ENV: development =======
2022-10-26 00:32:59 info: 🚀 App listening on the port 3500
2022-10-26 00:32:59 info: =================================
2022-10-26 00:39:59 info: =================================
2022-10-26 00:39:59 info: ======= ENV: development =======
2022-10-26 00:39:59 info: 🚀 App listening on the port 3500
2022-10-26 00:39:59 info: =================================
2022-10-26 00:40:02 info: =================================
2022-10-26 00:40:02 info: ======= ENV: development =======
2022-10-26 00:40:02 info: 🚀 App listening on the port 3500
2022-10-26 00:40:02 info: =================================
2022-10-26 00:40:09 info: =================================
2022-10-26 00:40:09 info: ======= ENV: development =======
2022-10-26 00:40:09 info: 🚀 App listening on the port 3500
2022-10-26 00:40:09 info: =================================
2022-10-26 00:40:16 info: =================================
2022-10-26 00:40:16 info: ======= ENV: development =======
2022-10-26 00:40:16 info: 🚀 App listening on the port 3500
2022-10-26 00:40:16 info: =================================
2022-10-26 00:46:25 info: =================================
2022-10-26 00:46:25 info: ======= ENV: development =======
2022-10-26 00:46:25 info: 🚀 App listening on the port 3500
2022-10-26 00:46:25 info: =================================
2022-10-26 00:46:28 info: =================================
2022-10-26 00:46:28 info: ======= ENV: development =======
2022-10-26 00:46:28 info: 🚀 App listening on the port 3500
2022-10-26 00:46:28 info: =================================
2022-10-26 00:46:29 info: =================================
2022-10-26 00:46:29 info: ======= ENV: development =======
2022-10-26 00:46:29 info: 🚀 App listening on the port 3500
2022-10-26 00:46:29 info: =================================
2022-10-26 00:46:36 info: =================================
2022-10-26 00:46:36 info: ======= ENV: development =======
2022-10-26 00:46:36 info: 🚀 App listening on the port 3500
2022-10-26 00:46:36 info: =================================
2022-10-26 00:48:32 info: =================================
2022-10-26 00:48:32 info: ======= ENV: development =======
2022-10-26 00:48:32 info: 🚀 App listening on the port 3500
2022-10-26 00:48:32 info: =================================
2022-10-26 00:48:33 info: =================================
2022-10-26 00:48:33 info: ======= ENV: development =======
2022-10-26 00:48:33 info: 🚀 App listening on the port 3500
2022-10-26 00:48:33 info: =================================
2022-10-26 00:48:36 info: =================================
2022-10-26 00:48:36 info: ======= ENV: development =======
2022-10-26 00:48:36 info: 🚀 App listening on the port 3500
2022-10-26 00:48:36 info: =================================
2022-10-26 00:49:28 info: =================================
2022-10-26 00:49:28 info: ======= ENV: development =======
2022-10-26 00:49:28 info: 🚀 App listening on the port 3500
2022-10-26 00:49:28 info: =================================
2022-10-26 00:50:15 info: =================================
2022-10-26 00:50:15 info: ======= ENV: development =======
2022-10-26 00:50:15 info: 🚀 App listening on the port 3500
2022-10-26 00:50:15 info: =================================
2022-10-26 00:50:53 info: =================================
2022-10-26 00:50:53 info: ======= ENV: development =======
2022-10-26 00:50:53 info: 🚀 App listening on the port 3500
2022-10-26 00:50:53 info: =================================
2022-10-26 00:52:58 info: =================================
2022-10-26 00:52:58 info: ======= ENV: development =======
2022-10-26 00:52:58 info: 🚀 App listening on the port 3500
2022-10-26 00:52:58 info: =================================
2022-10-26 00:53:58 info: =================================
2022-10-26 00:53:58 info: ======= ENV: development =======
2022-10-26 00:53:58 info: 🚀 App listening on the port 3500
2022-10-26 00:53:58 info: =================================
2022-10-26 01:07:55 info: =================================
2022-10-26 01:07:56 info: ======= ENV: development =======
2022-10-26 01:07:56 info: 🚀 App listening on the port 3500
2022-10-26 01:07:56 info: =================================
2022-10-26 01:15:49 info: =================================
2022-10-26 01:15:49 info: ======= ENV: development =======
2022-10-26 01:15:49 info: 🚀 App listening on the port 3500
2022-10-26 01:15:49 info: =================================
2022-10-26 01:15:54 info: =================================
2022-10-26 01:15:54 info: ======= ENV: development =======
2022-10-26 01:15:54 info: 🚀 App listening on the port 3500
2022-10-26 01:15:54 info: =================================
2022-10-26 01:15:59 info: =================================
2022-10-26 01:15:59 info: ======= ENV: development =======
2022-10-26 01:15:59 info: 🚀 App listening on the port 3500
2022-10-26 01:15:59 info: =================================
2022-10-26 01:17:01 info: =================================
2022-10-26 01:17:01 info: ======= ENV: development =======
2022-10-26 01:17:01 info: 🚀 App listening on the port 3500
2022-10-26 01:17:01 info: =================================
2022-10-26 01:21:48 info: =================================
2022-10-26 01:21:48 info: ======= ENV: development =======
2022-10-26 01:21:48 info: 🚀 App listening on the port 3500
2022-10-26 01:21:48 info: =================================
2022-10-26 01:25:08 info: =================================
2022-10-26 01:25:08 info: ======= ENV: development =======
2022-10-26 01:25:08 info: 🚀 App listening on the port 3500
2022-10-26 01:25:08 info: =================================
2022-10-26 01:25:13 info: =================================
2022-10-26 01:25:13 info: ======= ENV: development =======
2022-10-26 01:25:13 info: 🚀 App listening on the port 3500
2022-10-26 01:25:13 info: =================================
2022-10-26 01:25:59 info: =================================
2022-10-26 01:25:59 info: ======= ENV: development =======
2022-10-26 01:25:59 info: 🚀 App listening on the port 3500
2022-10-26 01:25:59 info: =================================
2022-10-26 01:28:00 info: =================================
2022-10-26 01:28:00 info: ======= ENV: development =======
2022-10-26 01:28:00 info: 🚀 App listening on the port 3500
2022-10-26 01:28:00 info: =================================
2022-10-26 01:29:25 info: =================================
2022-10-26 01:29:25 info: ======= ENV: development =======
2022-10-26 01:29:25 info: 🚀 App listening on the port 3500
2022-10-26 01:29:25 info: =================================
2022-10-26 01:29:50 info: =================================
2022-10-26 01:29:50 info: ======= ENV: development =======
2022-10-26 01:29:50 info: 🚀 App listening on the port 3500
2022-10-26 01:29:50 info: =================================
2022-10-26 01:34:34 info: =================================
2022-10-26 01:34:34 info: ======= ENV: development =======
2022-10-26 01:34:34 info: 🚀 App listening on the port 3000
2022-10-26 01:34:34 info: =================================
2022-10-26 01:44:48 info: =================================
2022-10-26 01:44:48 info: ======= ENV: development =======
2022-10-26 01:44:48 info: 🚀 App listening on the port 3000
2022-10-26 01:44:48 info: =================================
2022-10-26 02:35:13 info: =================================
2022-10-26 02:35:13 info: ======= ENV: development =======
2022-10-26 02:35:13 info: 🚀 App listening on the port 3000
2022-10-26 02:35:13 info: =================================
2022-10-26 02:37:52 info: =================================
2022-10-26 02:37:52 info: ======= ENV: development =======
2022-10-26 02:37:52 info: 🚀 App listening on the port 3000
2022-10-26 02:37:52 info: =================================
2022-10-26 02:37:54 info: =================================
2022-10-26 02:37:54 info: ======= ENV: development =======
2022-10-26 02:37:54 info: 🚀 App listening on the port 3000
2022-10-26 02:37:54 info: =================================
2022-10-26 02:38:00 info: =================================
2022-10-26 02:38:00 info: ======= ENV: development =======
2022-10-26 02:38:00 info: 🚀 App listening on the port 3000
2022-10-26 02:38:00 info: =================================
2022-10-26 02:38:19 info: =================================
2022-10-26 02:38:19 info: ======= ENV: development =======
2022-10-26 02:38:19 info: 🚀 App listening on the port 3000
2022-10-26 02:38:19 info: =================================
2022-10-26 02:38:53 info: =================================
2022-10-26 02:38:53 info: ======= ENV: development =======
2022-10-26 02:38:53 info: 🚀 App listening on the port 3000
2022-10-26 02:38:53 info: =================================
2022-10-26 02:39:08 info: =================================
2022-10-26 02:39:08 info: ======= ENV: development =======
2022-10-26 02:39:08 info: 🚀 App listening on the port 3000
2022-10-26 02:39:08 info: =================================
2022-10-26 02:40:39 info: =================================
2022-10-26 02:40:39 info: ======= ENV: development =======
2022-10-26 02:40:39 info: 🚀 App listening on the port 3000
2022-10-26 02:40:39 info: =================================
2022-10-26 02:40:40 info: =================================
2022-10-26 02:40:40 info: ======= ENV: development =======
2022-10-26 02:40:40 info: 🚀 App listening on the port 3000
2022-10-26 02:40:40 info: =================================
2022-10-26 02:41:45 info: =================================
2022-10-26 02:41:45 info: ======= ENV: development =======
2022-10-26 02:41:45 info: 🚀 App listening on the port 3000
2022-10-26 02:41:45 info: =================================
2022-10-26 02:41:50 info: =================================
2022-10-26 02:41:50 info: ======= ENV: development =======
2022-10-26 02:41:50 info: 🚀 App listening on the port 3000
2022-10-26 02:41:50 info: =================================
2022-10-26 02:42:22 info: =================================
2022-10-26 02:42:22 info: ======= ENV: development =======
2022-10-26 02:42:22 info: 🚀 App listening on the port 3000
2022-10-26 02:42:22 info: =================================
2022-10-26 02:42:25 info: =================================
2022-10-26 02:42:25 info: ======= ENV: development =======
2022-10-26 02:42:25 info: 🚀 App listening on the port 3000
2022-10-26 02:42:25 info: =================================
2022-10-26 02:42:27 info: =================================
2022-10-26 02:42:27 info: ======= ENV: development =======
2022-10-26 02:42:27 info: 🚀 App listening on the port 3000
2022-10-26 02:42:27 info: =================================
2022-10-26 02:42:40 info: =================================
2022-10-26 02:42:40 info: ======= ENV: development =======
2022-10-26 02:42:40 info: 🚀 App listening on the port 3000
2022-10-26 02:42:40 info: =================================
2022-10-26 02:44:17 info: =================================
2022-10-26 02:44:17 info: ======= ENV: development =======
2022-10-26 02:44:17 info: 🚀 App listening on the port 3000
2022-10-26 02:44:17 info: =================================
2022-10-26 02:44:30 info: =================================
2022-10-26 02:44:30 info: ======= ENV: development =======
2022-10-26 02:44:30 info: 🚀 App listening on the port 3000
2022-10-26 02:44:30 info: =================================
2022-10-26 02:44:31 info: =================================
2022-10-26 02:44:31 info: ======= ENV: development =======
2022-10-26 02:44:31 info: 🚀 App listening on the port 3000
2022-10-26 02:44:31 info: =================================
2022-10-26 02:44:47 info: =================================
2022-10-26 02:44:47 info: ======= ENV: development =======
2022-10-26 02:44:47 info: 🚀 App listening on the port 3000
2022-10-26 02:44:47 info: =================================
2022-10-26 03:19:27 info: =================================
2022-10-26 03:19:27 info: ======= ENV: development =======
2022-10-26 03:19:27 info: 🚀 App listening on the port 3000
2022-10-26 03:19:27 info: =================================
2022-10-26 03:19:47 info: =================================
2022-10-26 03:19:47 info: ======= ENV: development =======
2022-10-26 03:19:47 info: 🚀 App listening on the port 3000
2022-10-26 03:19:47 info: =================================
2022-10-26 03:20:10 info: =================================
2022-10-26 03:20:10 info: ======= ENV: development =======
2022-10-26 03:20:10 info: 🚀 App listening on the port 3000
2022-10-26 03:20:10 info: =================================
2022-10-26 03:20:18 info: =================================
2022-10-26 03:20:18 info: ======= ENV: development =======
2022-10-26 03:20:18 info: 🚀 App listening on the port 3000
2022-10-26 03:20:18 info: =================================
2022-10-26 03:20:20 info: =================================
2022-10-26 03:20:20 info: ======= ENV: development =======
2022-10-26 03:20:20 info: 🚀 App listening on the port 3000
2022-10-26 03:20:20 info: =================================
2022-10-26 03:20:25 info: =================================
2022-10-26 03:20:25 info: ======= ENV: development =======
2022-10-26 03:20:25 info: 🚀 App listening on the port 3000
2022-10-26 03:20:25 info: =================================
2022-10-26 03:20:37 info: [0mPOST /api/v1/user [33m404[0m 7.097 ms - 151[0m
2022-10-26 12:17:21 info: =================================
2022-10-26 12:17:21 info: ======= ENV: development =======
2022-10-26 12:17:21 info: 🚀 App listening on the port 3000
2022-10-26 12:17:21 info: =================================
2022-10-26 12:17:48 info: =================================
2022-10-26 12:17:48 info: ======= ENV: development =======
2022-10-26 12:17:48 info: 🚀 App listening on the port 3000
2022-10-26 12:17:48 info: =================================
2022-10-26 12:17:55 info: =================================
2022-10-26 12:17:55 info: ======= ENV: development =======
2022-10-26 12:17:55 info: 🚀 App listening on the port 3000
2022-10-26 12:17:55 info: =================================
2022-10-26 12:20:21 info: =================================
2022-10-26 12:20:21 info: ======= ENV: development =======
2022-10-26 12:20:21 info: 🚀 App listening on the port 3000
2022-10-26 12:20:21 info: =================================
2022-10-26 12:20:28 info: [0mPOST /api/v1/users [32m200[0m 23.200 ms - 70[0m
2022-10-26 12:21:28 info: =================================
2022-10-26 12:21:28 info: ======= ENV: development =======
2022-10-26 12:21:28 info: 🚀 App listening on the port 3000
2022-10-26 12:21:28 info: =================================
2022-10-26 12:21:48 info: =================================
2022-10-26 12:21:48 info: ======= ENV: development =======
2022-10-26 12:21:48 info: 🚀 App listening on the port 3000
2022-10-26 12:21:48 info: =================================
2022-10-26 12:21:50 info: [0mPOST /api/v1/users [32m200[0m 15.865 ms - 70[0m
2022-10-26 12:21:59 info: =================================
2022-10-26 12:21:59 info: ======= ENV: development =======
2022-10-26 12:21:59 info: 🚀 App listening on the port 3000
2022-10-26 12:21:59 info: =================================
2022-10-26 12:22:11 info: =================================
2022-10-26 12:22:11 info: ======= ENV: development =======
2022-10-26 12:22:11 info: 🚀 App listening on the port 3000
2022-10-26 12:22:11 info: =================================
2022-10-26 12:22:14 info: =================================
2022-10-26 12:22:14 info: ======= ENV: development =======
2022-10-26 12:22:14 info: 🚀 App listening on the port 3000
2022-10-26 12:22:14 info: =================================
2022-10-26 12:22:21 info: [0mPOST /api/v1/post/check [32m200[0m 13.614 ms - 70[0m
2022-10-26 12:29:15 info: =================================
2022-10-26 12:29:15 info: ======= ENV: development =======
2022-10-26 12:29:15 info: 🚀 App listening on the port 3000
2022-10-26 12:29:15 info: =================================
2022-10-26 12:29:16 info: =================================
2022-10-26 12:29:16 info: ======= ENV: development =======
2022-10-26 12:29:16 info: 🚀 App listening on the port 3000
2022-10-26 12:29:16 info: =================================
2022-10-26 12:29:18 info: [0mPOST /api/v1/post [32m200[0m 378.381 ms - 149[0m
2022-10-26 12:30:28 info: =================================
2022-10-26 12:30:28 info: ======= ENV: development =======
2022-10-26 12:30:28 info: 🚀 App listening on the port 3000
2022-10-26 12:30:28 info: =================================
2022-10-26 12:30:56 info: =================================
2022-10-26 12:30:56 info: ======= ENV: development =======
2022-10-26 12:30:56 info: 🚀 App listening on the port 3000
2022-10-26 12:30:56 info: =================================
2022-10-26 12:31:32 info: =================================
2022-10-26 12:31:32 info: ======= ENV: development =======
2022-10-26 12:31:32 info: 🚀 App listening on the port 3000
2022-10-26 12:31:32 info: =================================
2022-10-26 12:31:37 info: =================================
2022-10-26 12:31:37 info: ======= ENV: development =======
2022-10-26 12:31:37 info: 🚀 App listening on the port 3000
2022-10-26 12:31:37 info: =================================
2022-10-26 12:31:39 info: [0mPOST /api/v1/post [32m200[0m 282.119 ms - 149[0m
2022-10-26 12:32:10 info: =================================
2022-10-26 12:32:10 info: ======= ENV: development =======
2022-10-26 12:32:10 info: 🚀 App listening on the port 3000
2022-10-26 12:32:10 info: =================================
2022-10-26 12:32:10 info: =================================
2022-10-26 12:32:10 info: ======= ENV: development =======
2022-10-26 12:32:10 info: 🚀 App listening on the port 3000
2022-10-26 12:32:10 info: =================================
2022-10-26 12:32:13 info: =================================
2022-10-26 12:32:13 info: ======= ENV: development =======
2022-10-26 12:32:13 info: 🚀 App listening on the port 3000
2022-10-26 12:32:13 info: =================================
2022-10-26 12:32:18 info: [0mPOST /api/v1/post [32m200[0m 295.395 ms - 70[0m
2022-10-26 12:32:25 info: =================================
2022-10-26 12:32:25 info: ======= ENV: development =======
2022-10-26 12:32:25 info: 🚀 App listening on the port 3000
2022-10-26 12:32:25 info: =================================
2022-10-26 12:36:30 info: =================================
2022-10-26 12:36:30 info: ======= ENV: development =======
2022-10-26 12:36:30 info: 🚀 App listening on the port 3000
2022-10-26 12:36:30 info: =================================
2022-10-26 12:36:31 info: =================================
2022-10-26 12:36:31 info: ======= ENV: development =======
2022-10-26 12:36:31 info: 🚀 App listening on the port 3000
2022-10-26 12:36:31 info: =================================
2022-10-26 12:37:24 info: =================================
2022-10-26 12:37:24 info: ======= ENV: development =======
2022-10-26 12:37:24 info: 🚀 App listening on the port 3000
2022-10-26 12:37:24 info: =================================
2022-10-26 12:37:36 info: =================================
2022-10-26 12:37:36 info: ======= ENV: development =======
2022-10-26 12:37:36 info: 🚀 App listening on the port 3000
2022-10-26 12:37:36 info: =================================
2022-10-26 12:40:04 info: =================================
2022-10-26 12:40:04 info: ======= ENV: development =======
2022-10-26 12:40:04 info: 🚀 App listening on the port 3000
2022-10-26 12:40:04 info: =================================
2022-10-26 12:40:06 info: =================================
2022-10-26 12:40:06 info: ======= ENV: development =======
2022-10-26 12:40:06 info: 🚀 App listening on the port 3000
2022-10-26 12:40:06 info: =================================
2022-10-26 12:40:19 info: =================================
2022-10-26 12:40:19 info: ======= ENV: development =======
2022-10-26 12:40:19 info: 🚀 App listening on the port 3000
2022-10-26 12:40:19 info: =================================
2022-10-26 12:40:22 info: =================================
2022-10-26 12:40:22 info: ======= ENV: development =======
2022-10-26 12:40:22 info: 🚀 App listening on the port 3000
2022-10-26 12:40:22 info: =================================
2022-10-26 12:40:25 info: [0mPOST /api/v1/post [32m200[0m 328.962 ms - 70[0m
2022-10-26 12:40:49 info: =================================
2022-10-26 12:40:49 info: ======= ENV: development =======
2022-10-26 12:40:49 info: 🚀 App listening on the port 3000
2022-10-26 12:40:49 info: =================================
2022-10-26 12:40:53 info: [0mPOST /api/v1/post [32m200[0m 325.280 ms - 70[0m
