2022-10-27 22:46:57 info: =================================
2022-10-27 22:46:58 info: ======= ENV: development =======
2022-10-27 22:46:58 info: 🚀 App listening on the port 3000
2022-10-27 22:46:58 info: =================================
2022-10-27 22:47:00 info: [0mPOST /api/v1/post [32m200[0m 375.673 ms - 70[0m
2022-10-27 22:51:48 info: =================================
2022-10-27 22:51:48 info: ======= ENV: development =======
2022-10-27 22:51:48 info: 🚀 App listening on the port 3000
2022-10-27 22:51:48 info: =================================
2022-10-27 22:56:44 info: =================================
2022-10-27 22:56:44 info: ======= ENV: development =======
2022-10-27 22:56:44 info: 🚀 App listening on the port 3000
2022-10-27 22:56:44 info: =================================
2022-10-27 22:56:45 info: =================================
2022-10-27 22:56:45 info: ======= ENV: development =======
2022-10-27 22:56:45 info: 🚀 App listening on the port 3000
2022-10-27 22:56:45 info: =================================
2022-10-27 22:56:49 info: =================================
2022-10-27 22:56:49 info: ======= ENV: development =======
2022-10-27 22:56:49 info: 🚀 App listening on the port 3000
2022-10-27 22:56:49 info: =================================
2022-10-27 22:57:10 info: =================================
2022-10-27 22:57:10 info: ======= ENV: development =======
2022-10-27 22:57:10 info: 🚀 App listening on the port 3000
2022-10-27 22:57:10 info: =================================
2022-10-27 22:57:14 info: =================================
2022-10-27 22:57:14 info: ======= ENV: development =======
2022-10-27 22:57:14 info: 🚀 App listening on the port 3000
2022-10-27 22:57:14 info: =================================
2022-10-27 22:57:19 info: =================================
2022-10-27 22:57:19 info: ======= ENV: development =======
2022-10-27 22:57:19 info: 🚀 App listening on the port 3000
2022-10-27 22:57:19 info: =================================
2022-10-27 22:57:52 info: [0mPOST /api/v1/post [32m200[0m 390.950 ms - 70[0m
2022-10-27 22:59:57 info: =================================
2022-10-27 22:59:57 info: ======= ENV: development =======
2022-10-27 22:59:57 info: 🚀 App listening on the port 3000
2022-10-27 22:59:57 info: =================================
2022-10-27 22:59:59 info: =================================
2022-10-27 22:59:59 info: ======= ENV: development =======
2022-10-27 22:59:59 info: 🚀 App listening on the port 3000
2022-10-27 22:59:59 info: =================================
2022-10-27 23:00:33 info: =================================
2022-10-27 23:00:33 info: ======= ENV: development =======
2022-10-27 23:00:33 info: 🚀 App listening on the port 3000
2022-10-27 23:00:33 info: =================================
2022-10-27 23:00:35 info: =================================
2022-10-27 23:00:35 info: ======= ENV: development =======
2022-10-27 23:00:35 info: 🚀 App listening on the port 3000
2022-10-27 23:00:35 info: =================================
2022-10-27 23:00:45 info: =================================
2022-10-27 23:00:45 info: ======= ENV: development =======
2022-10-27 23:00:45 info: 🚀 App listening on the port 3000
2022-10-27 23:00:45 info: =================================
2022-10-27 23:00:47 info: =================================
2022-10-27 23:00:47 info: ======= ENV: development =======
2022-10-27 23:00:47 info: 🚀 App listening on the port 3000
2022-10-27 23:00:47 info: =================================
2022-10-27 23:00:55 info: =================================
2022-10-27 23:00:55 info: ======= ENV: development =======
2022-10-27 23:00:55 info: 🚀 App listening on the port 3000
2022-10-27 23:00:55 info: =================================
2022-10-27 23:01:45 info: [0mPUT /api/v1/post [33m404[0m 16.673 ms - 150[0m
2022-10-27 23:02:32 info: [0mPUT /api/v1/post/20 [32m200[0m 381.832 ms - 37[0m
2022-10-27 23:03:29 info: =================================
2022-10-27 23:03:29 info: ======= ENV: development =======
2022-10-27 23:03:29 info: 🚀 App listening on the port 3000
2022-10-27 23:03:29 info: =================================
2022-10-27 23:03:31 info: =================================
2022-10-27 23:03:31 info: ======= ENV: development =======
2022-10-27 23:03:31 info: 🚀 App listening on the port 3000
2022-10-27 23:03:31 info: =================================
2022-10-27 23:03:34 info: =================================
2022-10-27 23:03:34 info: ======= ENV: development =======
2022-10-27 23:03:34 info: 🚀 App listening on the port 3000
2022-10-27 23:03:34 info: =================================
2022-10-27 23:03:36 info: =================================
2022-10-27 23:03:36 info: ======= ENV: development =======
2022-10-27 23:03:36 info: 🚀 App listening on the port 3000
2022-10-27 23:03:36 info: =================================
2022-10-27 23:03:46 info: [0mPUT /api/v1/post/20 [32m200[0m 310.811 ms - 37[0m
2022-10-27 23:04:34 info: =================================
2022-10-27 23:04:34 info: ======= ENV: development =======
2022-10-27 23:04:34 info: 🚀 App listening on the port 3000
2022-10-27 23:04:34 info: =================================
2022-10-27 23:04:36 info: =================================
2022-10-27 23:04:36 info: ======= ENV: development =======
2022-10-27 23:04:36 info: 🚀 App listening on the port 3000
2022-10-27 23:04:36 info: =================================
2022-10-27 23:04:38 info: =================================
2022-10-27 23:04:38 info: ======= ENV: development =======
2022-10-27 23:04:38 info: 🚀 App listening on the port 3000
2022-10-27 23:04:38 info: =================================
2022-10-27 23:04:41 info: =================================
2022-10-27 23:04:41 info: ======= ENV: development =======
2022-10-27 23:04:41 info: 🚀 App listening on the port 3000
2022-10-27 23:04:41 info: =================================
2022-10-27 23:05:09 info: =================================
2022-10-27 23:05:09 info: ======= ENV: development =======
2022-10-27 23:05:09 info: 🚀 App listening on the port 3000
2022-10-27 23:05:09 info: =================================
2022-10-27 23:05:34 info: =================================
2022-10-27 23:05:34 info: ======= ENV: development =======
2022-10-27 23:05:34 info: 🚀 App listening on the port 3000
2022-10-27 23:05:34 info: =================================
2022-10-27 23:05:45 info: =================================
2022-10-27 23:05:45 info: ======= ENV: development =======
2022-10-27 23:05:45 info: 🚀 App listening on the port 3000
2022-10-27 23:05:45 info: =================================
2022-10-27 23:05:51 info: =================================
2022-10-27 23:05:51 info: ======= ENV: development =======
2022-10-27 23:05:51 info: 🚀 App listening on the port 3000
2022-10-27 23:05:51 info: =================================
2022-10-27 23:06:02 info: =================================
2022-10-27 23:06:02 info: ======= ENV: development =======
2022-10-27 23:06:02 info: 🚀 App listening on the port 3000
2022-10-27 23:06:02 info: =================================
2022-10-27 23:06:34 info: =================================
2022-10-27 23:06:34 info: ======= ENV: development =======
2022-10-27 23:06:34 info: 🚀 App listening on the port 3000
2022-10-27 23:06:34 info: =================================
2022-10-27 23:06:37 info: =================================
2022-10-27 23:06:37 info: ======= ENV: development =======
2022-10-27 23:06:37 info: 🚀 App listening on the port 3000
2022-10-27 23:06:37 info: =================================
2022-10-27 23:06:53 info: =================================
2022-10-27 23:06:53 info: ======= ENV: development =======
2022-10-27 23:06:53 info: 🚀 App listening on the port 3000
2022-10-27 23:06:53 info: =================================
2022-10-27 23:06:56 info: =================================
2022-10-27 23:06:56 info: ======= ENV: development =======
2022-10-27 23:06:56 info: 🚀 App listening on the port 3000
2022-10-27 23:06:56 info: =================================
2022-10-27 23:07:17 info: =================================
2022-10-27 23:07:17 info: ======= ENV: development =======
2022-10-27 23:07:17 info: 🚀 App listening on the port 3000
2022-10-27 23:07:17 info: =================================
2022-10-27 23:07:19 info: =================================
2022-10-27 23:07:19 info: ======= ENV: development =======
2022-10-27 23:07:19 info: 🚀 App listening on the port 3000
2022-10-27 23:07:19 info: =================================
2022-10-27 23:07:25 info: =================================
2022-10-27 23:07:25 info: ======= ENV: development =======
2022-10-27 23:07:25 info: 🚀 App listening on the port 3000
2022-10-27 23:07:25 info: =================================
2022-10-27 23:07:37 info: [0mPUT /api/v1/post/20 [32m200[0m 379.214 ms - 37[0m
2022-10-27 23:08:07 info: =================================
2022-10-27 23:08:07 info: ======= ENV: development =======
2022-10-27 23:08:07 info: 🚀 App listening on the port 3000
2022-10-27 23:08:07 info: =================================
2022-10-27 23:08:29 info: =================================
2022-10-27 23:08:29 info: ======= ENV: development =======
2022-10-27 23:08:29 info: 🚀 App listening on the port 3000
2022-10-27 23:08:29 info: =================================
2022-10-27 23:08:40 info: =================================
2022-10-27 23:08:40 info: ======= ENV: development =======
2022-10-27 23:08:40 info: 🚀 App listening on the port 3000
2022-10-27 23:08:40 info: =================================
2022-10-27 23:08:52 info: [0mPUT /api/v1/post/20 [32m200[0m 329.755 ms - 37[0m
2022-10-27 23:09:40 info: [0mPUT /api/v1/post/20 [32m200[0m 278.219 ms - 41[0m
2022-10-27 23:09:58 info: =================================
2022-10-27 23:09:58 info: ======= ENV: development =======
2022-10-27 23:09:58 info: 🚀 App listening on the port 3000
2022-10-27 23:09:58 info: =================================
2022-10-27 23:10:00 info: =================================
2022-10-27 23:10:00 info: ======= ENV: development =======
2022-10-27 23:10:00 info: 🚀 App listening on the port 3000
2022-10-27 23:10:00 info: =================================
2022-10-27 23:10:30 info: [0mPUT /api/v1/post/20 [32m200[0m 401.031 ms - 69[0m
2022-10-27 23:11:52 info: =================================
2022-10-27 23:11:52 info: ======= ENV: development =======
2022-10-27 23:11:52 info: 🚀 App listening on the port 3000
2022-10-27 23:11:52 info: =================================
2022-10-27 23:12:13 info: [0mPUT /api/v1/post/20 [32m200[0m 384.175 ms - 69[0m
2022-10-27 23:12:27 info: =================================
2022-10-27 23:12:27 info: ======= ENV: development =======
2022-10-27 23:12:27 info: 🚀 App listening on the port 3000
2022-10-27 23:12:27 info: =================================
2022-10-27 23:12:37 info: =================================
2022-10-27 23:12:37 info: ======= ENV: development =======
2022-10-27 23:12:37 info: 🚀 App listening on the port 3000
2022-10-27 23:12:37 info: =================================
2022-10-27 23:12:41 info: [0mPUT /api/v1/post/20 [32m200[0m 411.887 ms - -[0m
2022-10-27 23:14:37 info: =================================
2022-10-27 23:14:37 info: ======= ENV: development =======
2022-10-27 23:14:37 info: 🚀 App listening on the port 3000
2022-10-27 23:14:37 info: =================================
2022-10-27 23:14:41 info: [0mPUT /api/v1/post/20 [32m200[0m 476.686 ms - -[0m
2022-10-27 23:15:44 info: =================================
2022-10-27 23:15:44 info: ======= ENV: development =======
2022-10-27 23:15:44 info: 🚀 App listening on the port 3000
2022-10-27 23:15:44 info: =================================
2022-10-27 23:15:54 info: =================================
2022-10-27 23:15:54 info: ======= ENV: development =======
2022-10-27 23:15:54 info: 🚀 App listening on the port 3000
2022-10-27 23:15:54 info: =================================
2022-10-27 23:16:10 info: [0mPUT /api/v1/post/20 [32m200[0m 412.541 ms - -[0m
2022-10-27 23:16:17 info: =================================
2022-10-27 23:16:17 info: ======= ENV: development =======
2022-10-27 23:16:17 info: 🚀 App listening on the port 3000
2022-10-27 23:16:17 info: =================================
2022-10-27 23:16:21 info: [0mPUT /api/v1/post/20 [32m200[0m 363.129 ms - 69[0m
2022-10-27 23:16:47 info: =================================
2022-10-27 23:16:47 info: ======= ENV: development =======
2022-10-27 23:16:47 info: 🚀 App listening on the port 3000
2022-10-27 23:16:47 info: =================================
