2022-10-29 15:19:41 info: =================================
2022-10-29 15:19:41 info: ======= ENV: development =======
2022-10-29 15:19:41 info: 🚀 App listening on the port 3000
2022-10-29 15:19:41 info: =================================
2022-10-29 15:20:02 info: [0mGET /api/v1/docs/ [36m304[0m 9.084 ms - -[0m
2022-10-29 15:20:02 info: [0mGET /api/v1/docs/swagger-ui.css [36m304[0m 4.317 ms - -[0m
2022-10-29 15:20:02 info: [0mGET /api/v1/docs/swagger-ui-bundle.js [36m304[0m 5.255 ms - -[0m
2022-10-29 15:20:02 info: [0mGET /api/v1/docs/swagger-ui-standalone-preset.js [36m304[0m 3.666 ms - -[0m
2022-10-29 15:20:02 info: [0mGET /api/v1/docs/swagger-ui-init.js [36m304[0m 0.978 ms - -[0m
2022-10-29 15:20:02 info: [0mGET /api/v1/docs/favicon-16x16.png [0m-[0m - ms - -[0m
2022-10-29 15:21:20 info: =================================
2022-10-29 15:21:20 info: ======= ENV: development =======
2022-10-29 15:21:20 info: 🚀 App listening on the port 3000
2022-10-29 15:21:20 info: =================================
2022-10-29 15:21:25 info: =================================
2022-10-29 15:21:25 info: ======= ENV: development =======
2022-10-29 15:21:25 info: 🚀 App listening on the port 3000
2022-10-29 15:21:25 info: =================================
2022-10-29 15:21:38 info: =================================
2022-10-29 15:21:38 info: ======= ENV: development =======
2022-10-29 15:21:38 info: 🚀 App listening on the port 3000
2022-10-29 15:21:38 info: =================================
2022-10-29 15:21:39 info: =================================
2022-10-29 15:21:39 info: ======= ENV: development =======
2022-10-29 15:21:39 info: 🚀 App listening on the port 3000
2022-10-29 15:21:39 info: =================================
2022-10-29 15:21:47 info: =================================
2022-10-29 15:21:47 info: ======= ENV: development =======
2022-10-29 15:21:47 info: 🚀 App listening on the port 3000
2022-10-29 15:21:47 info: =================================
2022-10-29 15:21:49 info: =================================
2022-10-29 15:21:49 info: ======= ENV: development =======
2022-10-29 15:21:49 info: 🚀 App listening on the port 3000
2022-10-29 15:21:49 info: =================================
2022-10-29 15:21:54 info: =================================
2022-10-29 15:21:54 info: ======= ENV: development =======
2022-10-29 15:21:54 info: 🚀 App listening on the port 3000
2022-10-29 15:21:54 info: =================================
2022-10-29 15:21:58 info: =================================
2022-10-29 15:21:58 info: ======= ENV: development =======
2022-10-29 15:21:58 info: 🚀 App listening on the port 3000
2022-10-29 15:21:58 info: =================================
2022-10-29 15:22:33 info: =================================
2022-10-29 15:22:33 info: ======= ENV: development =======
2022-10-29 15:22:33 info: 🚀 App listening on the port 3000
2022-10-29 15:22:33 info: =================================
2022-10-29 15:22:39 info: =================================
2022-10-29 15:22:39 info: ======= ENV: development =======
2022-10-29 15:22:39 info: 🚀 App listening on the port 3000
2022-10-29 15:22:39 info: =================================
2022-10-29 15:22:50 info: =================================
2022-10-29 15:22:50 info: ======= ENV: development =======
2022-10-29 15:22:50 info: 🚀 App listening on the port 3000
2022-10-29 15:22:50 info: =================================
2022-10-29 15:23:28 info: =================================
2022-10-29 15:23:28 info: ======= ENV: development =======
2022-10-29 15:23:28 info: 🚀 App listening on the port 3000
2022-10-29 15:23:28 info: =================================
2022-10-29 15:23:39 info: =================================
2022-10-29 15:23:39 info: ======= ENV: development =======
2022-10-29 15:23:39 info: 🚀 App listening on the port 3000
2022-10-29 15:23:39 info: =================================
2022-10-29 15:23:41 info: =================================
2022-10-29 15:23:41 info: ======= ENV: development =======
2022-10-29 15:23:41 info: 🚀 App listening on the port 3000
2022-10-29 15:23:41 info: =================================
2022-10-29 15:24:00 info: [0mGET /api/v1/post [32m200[0m 264.787 ms - 24519[0m
2022-10-29 15:24:18 info: =================================
2022-10-29 15:24:18 info: ======= ENV: development =======
2022-10-29 15:24:18 info: 🚀 App listening on the port 3000
2022-10-29 15:24:18 info: =================================
2022-10-29 15:24:46 info: =================================
2022-10-29 15:24:46 info: ======= ENV: development =======
2022-10-29 15:24:46 info: 🚀 App listening on the port 3000
2022-10-29 15:24:46 info: =================================
2022-10-29 15:24:48 info: =================================
2022-10-29 15:24:48 info: ======= ENV: development =======
2022-10-29 15:24:48 info: 🚀 App listening on the port 3000
2022-10-29 15:24:48 info: =================================
2022-10-29 15:24:55 info: =================================
2022-10-29 15:24:55 info: ======= ENV: development =======
2022-10-29 15:24:55 info: 🚀 App listening on the port 3000
2022-10-29 15:24:55 info: =================================
2022-10-29 15:24:58 info: =================================
2022-10-29 15:24:58 info: ======= ENV: development =======
2022-10-29 15:24:58 info: 🚀 App listening on the port 3000
2022-10-29 15:24:58 info: =================================
2022-10-29 15:25:00 info: =================================
2022-10-29 15:25:00 info: ======= ENV: development =======
2022-10-29 15:25:00 info: 🚀 App listening on the port 3000
2022-10-29 15:25:00 info: =================================
2022-10-29 15:25:02 info: =================================
2022-10-29 15:25:02 info: ======= ENV: development =======
2022-10-29 15:25:02 info: 🚀 App listening on the port 3000
2022-10-29 15:25:02 info: =================================
2022-10-29 15:25:38 info: =================================
2022-10-29 15:25:38 info: ======= ENV: development =======
2022-10-29 15:25:38 info: 🚀 App listening on the port 3000
2022-10-29 15:25:38 info: =================================
2022-10-29 15:25:55 info: =================================
2022-10-29 15:25:55 info: ======= ENV: development =======
2022-10-29 15:25:55 info: 🚀 App listening on the port 3000
2022-10-29 15:25:55 info: =================================
2022-10-29 15:26:08 info: =================================
2022-10-29 15:26:08 info: ======= ENV: development =======
2022-10-29 15:26:08 info: 🚀 App listening on the port 3000
2022-10-29 15:26:08 info: =================================
2022-10-29 15:26:13 info: =================================
2022-10-29 15:26:13 info: ======= ENV: development =======
2022-10-29 15:26:13 info: 🚀 App listening on the port 3000
2022-10-29 15:26:13 info: =================================
2022-10-29 15:26:22 info: =================================
2022-10-29 15:26:22 info: ======= ENV: development =======
2022-10-29 15:26:22 info: 🚀 App listening on the port 3000
2022-10-29 15:26:22 info: =================================
2022-10-29 15:26:30 info: =================================
2022-10-29 15:26:30 info: ======= ENV: development =======
2022-10-29 15:26:30 info: 🚀 App listening on the port 3000
2022-10-29 15:26:30 info: =================================
2022-10-29 15:26:34 info: =================================
2022-10-29 15:26:34 info: ======= ENV: development =======
2022-10-29 15:26:34 info: 🚀 App listening on the port 3000
2022-10-29 15:26:34 info: =================================
2022-10-29 15:26:39 info: =================================
2022-10-29 15:26:39 info: ======= ENV: development =======
2022-10-29 15:26:39 info: 🚀 App listening on the port 3000
2022-10-29 15:26:39 info: =================================
2022-10-29 15:26:52 info: =================================
2022-10-29 15:26:52 info: ======= ENV: development =======
2022-10-29 15:26:52 info: 🚀 App listening on the port 3000
2022-10-29 15:26:52 info: =================================
2022-10-29 15:26:56 info: =================================
2022-10-29 15:26:56 info: ======= ENV: development =======
2022-10-29 15:26:56 info: 🚀 App listening on the port 3000
2022-10-29 15:26:56 info: =================================
2022-10-29 15:27:12 info: =================================
2022-10-29 15:27:12 info: ======= ENV: development =======
2022-10-29 15:27:12 info: 🚀 App listening on the port 3000
2022-10-29 15:27:12 info: =================================
2022-10-29 15:27:18 info: =================================
2022-10-29 15:27:18 info: ======= ENV: development =======
2022-10-29 15:27:18 info: 🚀 App listening on the port 3000
2022-10-29 15:27:18 info: =================================
2022-10-29 15:27:34 info: =================================
2022-10-29 15:27:34 info: ======= ENV: development =======
2022-10-29 15:27:34 info: 🚀 App listening on the port 3000
2022-10-29 15:27:34 info: =================================
2022-10-29 15:27:38 info: =================================
2022-10-29 15:27:38 info: ======= ENV: development =======
2022-10-29 15:27:38 info: 🚀 App listening on the port 3000
2022-10-29 15:27:38 info: =================================
2022-10-29 15:27:54 info: =================================
2022-10-29 15:27:54 info: ======= ENV: development =======
2022-10-29 15:27:54 info: 🚀 App listening on the port 3000
2022-10-29 15:27:54 info: =================================
2022-10-29 15:27:59 info: =================================
2022-10-29 15:27:59 info: ======= ENV: development =======
2022-10-29 15:27:59 info: 🚀 App listening on the port 3000
2022-10-29 15:27:59 info: =================================
2022-10-29 15:28:07 info: =================================
2022-10-29 15:28:07 info: ======= ENV: development =======
2022-10-29 15:28:07 info: 🚀 App listening on the port 3000
2022-10-29 15:28:07 info: =================================
2022-10-29 15:28:11 info: =================================
2022-10-29 15:28:11 info: ======= ENV: development =======
2022-10-29 15:28:11 info: 🚀 App listening on the port 3000
2022-10-29 15:28:11 info: =================================
2022-10-29 15:28:13 info: =================================
2022-10-29 15:28:13 info: ======= ENV: development =======
2022-10-29 15:28:13 info: 🚀 App listening on the port 3000
2022-10-29 15:28:13 info: =================================
2022-10-29 15:28:23 info: =================================
2022-10-29 15:28:23 info: ======= ENV: development =======
2022-10-29 15:28:23 info: 🚀 App listening on the port 3000
2022-10-29 15:28:23 info: =================================
2022-10-29 15:28:25 info: =================================
2022-10-29 15:28:25 info: ======= ENV: development =======
2022-10-29 15:28:25 info: 🚀 App listening on the port 3000
2022-10-29 15:28:25 info: =================================
2022-10-29 15:28:27 info: =================================
2022-10-29 15:28:27 info: ======= ENV: development =======
2022-10-29 15:28:27 info: 🚀 App listening on the port 3000
2022-10-29 15:28:27 info: =================================
2022-10-29 15:28:31 info: =================================
2022-10-29 15:28:31 info: ======= ENV: development =======
2022-10-29 15:28:31 info: 🚀 App listening on the port 3000
2022-10-29 15:28:31 info: =================================
2022-10-29 15:28:36 info: =================================
2022-10-29 15:28:36 info: ======= ENV: development =======
2022-10-29 15:28:36 info: 🚀 App listening on the port 3000
2022-10-29 15:28:36 info: =================================
2022-10-29 15:28:42 info: =================================
2022-10-29 15:28:42 info: ======= ENV: development =======
2022-10-29 15:28:42 info: 🚀 App listening on the port 3000
2022-10-29 15:28:42 info: =================================
2022-10-29 15:28:44 info: =================================
2022-10-29 15:28:44 info: ======= ENV: development =======
2022-10-29 15:28:44 info: 🚀 App listening on the port 3000
2022-10-29 15:28:44 info: =================================
2022-10-29 15:28:53 info: =================================
2022-10-29 15:28:53 info: ======= ENV: development =======
2022-10-29 15:28:53 info: 🚀 App listening on the port 3000
2022-10-29 15:28:53 info: =================================
2022-10-29 15:29:03 info: =================================
2022-10-29 15:29:03 info: ======= ENV: development =======
2022-10-29 15:29:03 info: 🚀 App listening on the port 3000
2022-10-29 15:29:03 info: =================================
2022-10-29 15:29:16 info: =================================
2022-10-29 15:29:16 info: ======= ENV: development =======
2022-10-29 15:29:16 info: 🚀 App listening on the port 3000
2022-10-29 15:29:16 info: =================================
2022-10-29 15:29:19 info: =================================
2022-10-29 15:29:19 info: ======= ENV: development =======
2022-10-29 15:29:19 info: 🚀 App listening on the port 3000
2022-10-29 15:29:19 info: =================================
2022-10-29 15:29:30 info: =================================
2022-10-29 15:29:30 info: ======= ENV: development =======
2022-10-29 15:29:30 info: 🚀 App listening on the port 3000
2022-10-29 15:29:30 info: =================================
2022-10-29 15:29:35 info: =================================
2022-10-29 15:29:35 info: ======= ENV: development =======
2022-10-29 15:29:35 info: 🚀 App listening on the port 3000
2022-10-29 15:29:35 info: =================================
2022-10-29 15:29:39 info: =================================
2022-10-29 15:29:39 info: ======= ENV: development =======
2022-10-29 15:29:39 info: 🚀 App listening on the port 3000
2022-10-29 15:29:39 info: =================================
2022-10-29 15:29:50 info: =================================
2022-10-29 15:29:50 info: ======= ENV: development =======
2022-10-29 15:29:50 info: 🚀 App listening on the port 3000
2022-10-29 15:29:50 info: =================================
2022-10-29 15:29:57 info: =================================
2022-10-29 15:29:57 info: ======= ENV: development =======
2022-10-29 15:29:57 info: 🚀 App listening on the port 3000
2022-10-29 15:29:57 info: =================================
2022-10-29 15:29:59 info: =================================
2022-10-29 15:29:59 info: ======= ENV: development =======
2022-10-29 15:29:59 info: 🚀 App listening on the port 3000
2022-10-29 15:29:59 info: =================================
2022-10-29 15:30:04 info: =================================
2022-10-29 15:30:04 info: ======= ENV: development =======
2022-10-29 15:30:04 info: 🚀 App listening on the port 3000
2022-10-29 15:30:04 info: =================================
2022-10-29 15:30:08 info: =================================
2022-10-29 15:30:08 info: ======= ENV: development =======
2022-10-29 15:30:08 info: 🚀 App listening on the port 3000
2022-10-29 15:30:08 info: =================================
2022-10-29 15:30:13 info: =================================
2022-10-29 15:30:13 info: ======= ENV: development =======
2022-10-29 15:30:13 info: 🚀 App listening on the port 3000
2022-10-29 15:30:13 info: =================================
2022-10-29 15:30:17 info: =================================
2022-10-29 15:30:17 info: ======= ENV: development =======
2022-10-29 15:30:17 info: 🚀 App listening on the port 3000
2022-10-29 15:30:17 info: =================================
2022-10-29 15:30:22 info: =================================
2022-10-29 15:30:22 info: ======= ENV: development =======
2022-10-29 15:30:22 info: 🚀 App listening on the port 3000
2022-10-29 15:30:22 info: =================================
2022-10-29 15:30:30 info: =================================
2022-10-29 15:30:30 info: ======= ENV: development =======
2022-10-29 15:30:30 info: 🚀 App listening on the port 3000
2022-10-29 15:30:30 info: =================================
2022-10-29 15:30:41 info: =================================
2022-10-29 15:30:41 info: ======= ENV: development =======
2022-10-29 15:30:41 info: 🚀 App listening on the port 3000
2022-10-29 15:30:41 info: =================================
2022-10-29 15:30:44 info: =================================
2022-10-29 15:30:44 info: ======= ENV: development =======
2022-10-29 15:30:44 info: 🚀 App listening on the port 3000
2022-10-29 15:30:44 info: =================================
2022-10-29 15:30:50 info: =================================
2022-10-29 15:30:50 info: ======= ENV: development =======
2022-10-29 15:30:50 info: 🚀 App listening on the port 3000
2022-10-29 15:30:50 info: =================================
2022-10-29 15:30:58 info: [0mGET /api/v1/docs/ [36m304[0m 8.970 ms - -[0m
2022-10-29 15:30:58 info: [0mGET /api/v1/docs/swagger-ui.css [36m304[0m 3.259 ms - -[0m
2022-10-29 15:30:58 info: [0mGET /api/v1/docs/swagger-ui-standalone-preset.js [36m304[0m 5.422 ms - -[0m
2022-10-29 15:30:58 info: [0mGET /api/v1/docs/swagger-ui-bundle.js [36m304[0m 4.836 ms - -[0m
2022-10-29 15:30:58 info: [0mGET /api/v1/docs/swagger-ui-init.js [32m200[0m 1.850 ms - 4901[0m
2022-10-29 15:31:45 info: =================================
2022-10-29 15:31:45 info: ======= ENV: development =======
2022-10-29 15:31:45 info: 🚀 App listening on the port 3000
2022-10-29 15:31:45 info: =================================
2022-10-29 15:31:49 info: =================================
2022-10-29 15:31:49 info: ======= ENV: development =======
2022-10-29 15:31:49 info: 🚀 App listening on the port 3000
2022-10-29 15:31:49 info: =================================
2022-10-29 15:32:09 info: =================================
2022-10-29 15:32:09 info: ======= ENV: development =======
2022-10-29 15:32:09 info: 🚀 App listening on the port 3000
2022-10-29 15:32:09 info: =================================
2022-10-29 15:33:04 info: =================================
2022-10-29 15:33:04 info: ======= ENV: development =======
2022-10-29 15:33:04 info: 🚀 App listening on the port 3000
2022-10-29 15:33:04 info: =================================
2022-10-29 15:33:13 info: =================================
2022-10-29 15:33:13 info: ======= ENV: development =======
2022-10-29 15:33:13 info: 🚀 App listening on the port 3000
2022-10-29 15:33:13 info: =================================
2022-10-29 15:33:22 info: =================================
2022-10-29 15:33:22 info: ======= ENV: development =======
2022-10-29 15:33:22 info: 🚀 App listening on the port 3000
2022-10-29 15:33:22 info: =================================
2022-10-29 15:33:24 info: =================================
2022-10-29 15:33:24 info: ======= ENV: development =======
2022-10-29 15:33:24 info: 🚀 App listening on the port 3000
2022-10-29 15:33:24 info: =================================
2022-10-29 15:33:35 info: =================================
2022-10-29 15:33:35 info: ======= ENV: development =======
2022-10-29 15:33:35 info: 🚀 App listening on the port 3000
2022-10-29 15:33:35 info: =================================
2022-10-29 15:33:42 info: =================================
2022-10-29 15:33:42 info: ======= ENV: development =======
2022-10-29 15:33:42 info: 🚀 App listening on the port 3000
2022-10-29 15:33:42 info: =================================
2022-10-29 15:33:56 info: [0mGET /api/v1/post/15 [32m200[0m 176.306 ms - 218[0m
2022-10-29 15:34:06 info: =================================
2022-10-29 15:34:06 info: ======= ENV: development =======
2022-10-29 15:34:06 info: 🚀 App listening on the port 3000
2022-10-29 15:34:06 info: =================================
2022-10-29 15:34:17 info: =================================
2022-10-29 15:34:17 info: ======= ENV: development =======
2022-10-29 15:34:17 info: 🚀 App listening on the port 3000
2022-10-29 15:34:17 info: =================================
2022-10-29 15:34:25 info: =================================
2022-10-29 15:34:25 info: ======= ENV: development =======
2022-10-29 15:34:25 info: 🚀 App listening on the port 3000
2022-10-29 15:34:25 info: =================================
2022-10-29 15:34:39 info: =================================
2022-10-29 15:34:39 info: ======= ENV: development =======
2022-10-29 15:34:39 info: 🚀 App listening on the port 3000
2022-10-29 15:34:39 info: =================================
2022-10-29 15:35:04 info: =================================
2022-10-29 15:35:04 info: ======= ENV: development =======
2022-10-29 15:35:04 info: 🚀 App listening on the port 3000
2022-10-29 15:35:04 info: =================================
2022-10-29 15:35:12 info: [0mGET /api/v1/docs/ [36m304[0m 8.280 ms - -[0m
2022-10-29 15:35:12 info: [0mGET /api/v1/docs/swagger-ui-bundle.js [36m304[0m 2.948 ms - -[0m
2022-10-29 15:35:12 info: [0mGET /api/v1/docs/swagger-ui-init.js [32m200[0m 1.504 ms - 5562[0m
2022-10-29 15:35:12 info: [0mGET /api/v1/docs/swagger-ui-standalone-preset.js [36m304[0m 6.309 ms - -[0m
2022-10-29 15:35:12 info: [0mGET /api/v1/docs/swagger-ui.css [36m304[0m 1.182 ms - -[0m
2022-10-29 15:35:58 info: =================================
2022-10-29 15:35:58 info: ======= ENV: development =======
2022-10-29 15:35:58 info: 🚀 App listening on the port 3000
2022-10-29 15:35:58 info: =================================
2022-10-29 15:36:16 info: =================================
2022-10-29 15:36:16 info: ======= ENV: development =======
2022-10-29 15:36:16 info: 🚀 App listening on the port 3000
2022-10-29 15:36:16 info: =================================
2022-10-29 15:36:18 info: =================================
2022-10-29 15:36:18 info: ======= ENV: development =======
2022-10-29 15:36:18 info: 🚀 App listening on the port 3000
2022-10-29 15:36:18 info: =================================
2022-10-29 15:36:20 info: =================================
2022-10-29 15:36:20 info: ======= ENV: development =======
2022-10-29 15:36:20 info: 🚀 App listening on the port 3000
2022-10-29 15:36:20 info: =================================
2022-10-29 15:36:25 info: =================================
2022-10-29 15:36:25 info: ======= ENV: development =======
2022-10-29 15:36:25 info: 🚀 App listening on the port 3000
2022-10-29 15:36:25 info: =================================
2022-10-29 15:36:28 info: =================================
2022-10-29 15:36:28 info: ======= ENV: development =======
2022-10-29 15:36:28 info: 🚀 App listening on the port 3000
2022-10-29 15:36:28 info: =================================
2022-10-29 15:36:32 info: [0mGET /api/v1/docs/ [36m304[0m 7.148 ms - -[0m
2022-10-29 15:36:32 info: [0mGET /api/v1/docs/swagger-ui-bundle.js [36m304[0m 3.508 ms - -[0m
2022-10-29 15:36:32 info: [0mGET /api/v1/docs/swagger-ui-init.js [32m200[0m 1.325 ms - 5622[0m
2022-10-29 15:36:32 info: [0mGET /api/v1/docs/swagger-ui-standalone-preset.js [36m304[0m 7.780 ms - -[0m
2022-10-29 15:36:32 info: [0mGET /api/v1/docs/swagger-ui.css [36m304[0m 3.186 ms - -[0m
2022-10-29 15:37:40 info: =================================
2022-10-29 15:37:40 info: ======= ENV: development =======
2022-10-29 15:37:40 info: 🚀 App listening on the port 3000
2022-10-29 15:37:40 info: =================================
2022-10-29 15:37:47 info: =================================
2022-10-29 15:37:47 info: ======= ENV: development =======
2022-10-29 15:37:47 info: 🚀 App listening on the port 3000
2022-10-29 15:37:47 info: =================================
2022-10-29 15:37:50 info: =================================
2022-10-29 15:37:50 info: ======= ENV: development =======
2022-10-29 15:37:50 info: 🚀 App listening on the port 3000
2022-10-29 15:37:50 info: =================================
2022-10-29 15:37:56 info: [0mGET /api/v1/docs/ [36m304[0m 10.010 ms - -[0m
2022-10-29 15:37:56 info: [0mGET /api/v1/docs/swagger-ui-bundle.js [36m304[0m 2.422 ms - -[0m
2022-10-29 15:37:56 info: [0mGET /api/v1/docs/swagger-ui-standalone-preset.js [36m304[0m 1.852 ms - -[0m
2022-10-29 15:37:56 info: [0mGET /api/v1/docs/swagger-ui.css [36m304[0m 3.303 ms - -[0m
2022-10-29 15:37:56 info: [0mGET /api/v1/docs/swagger-ui-init.js [32m200[0m 3.296 ms - 5500[0m
2022-10-29 15:38:52 info: =================================
2022-10-29 15:38:52 info: ======= ENV: development =======
2022-10-29 15:38:52 info: 🚀 App listening on the port 3000
2022-10-29 15:38:52 info: =================================
2022-10-29 15:38:57 info: =================================
2022-10-29 15:38:57 info: ======= ENV: development =======
2022-10-29 15:38:57 info: 🚀 App listening on the port 3000
2022-10-29 15:38:57 info: =================================
2022-10-29 15:39:03 info: =================================
2022-10-29 15:39:03 info: ======= ENV: development =======
2022-10-29 15:39:03 info: 🚀 App listening on the port 3000
2022-10-29 15:39:03 info: =================================
2022-10-29 15:39:07 info: =================================
2022-10-29 15:39:07 info: ======= ENV: development =======
2022-10-29 15:39:07 info: 🚀 App listening on the port 3000
2022-10-29 15:39:07 info: =================================
2022-10-29 15:39:12 info: =================================
2022-10-29 15:39:12 info: ======= ENV: development =======
2022-10-29 15:39:12 info: 🚀 App listening on the port 3000
2022-10-29 15:39:12 info: =================================
2022-10-29 15:39:15 info: =================================
2022-10-29 15:39:15 info: ======= ENV: development =======
2022-10-29 15:39:15 info: 🚀 App listening on the port 3000
2022-10-29 15:39:15 info: =================================
2022-10-29 15:40:16 info: [0mPUT /api/v1/post/15 [32m200[0m 352.732 ms - 39[0m
2022-10-29 15:41:59 info: [0mPUT /api/v1/post/15 [32m200[0m 288.960 ms - 69[0m
2022-10-29 15:42:18 info: =================================
2022-10-29 15:42:18 info: ======= ENV: development =======
2022-10-29 15:42:18 info: 🚀 App listening on the port 3000
2022-10-29 15:42:18 info: =================================
2022-10-29 15:42:20 info: =================================
2022-10-29 15:42:20 info: ======= ENV: development =======
2022-10-29 15:42:20 info: 🚀 App listening on the port 3000
2022-10-29 15:42:20 info: =================================
2022-10-29 15:42:42 info: =================================
2022-10-29 15:42:42 info: ======= ENV: development =======
2022-10-29 15:42:42 info: 🚀 App listening on the port 3000
2022-10-29 15:42:42 info: =================================
2022-10-29 15:42:44 info: =================================
2022-10-29 15:42:44 info: ======= ENV: development =======
2022-10-29 15:42:44 info: 🚀 App listening on the port 3000
2022-10-29 15:42:44 info: =================================
2022-10-29 15:42:47 info: =================================
2022-10-29 15:42:47 info: ======= ENV: development =======
2022-10-29 15:42:47 info: 🚀 App listening on the port 3000
2022-10-29 15:42:47 info: =================================
2022-10-29 15:42:49 info: =================================
2022-10-29 15:42:49 info: ======= ENV: development =======
2022-10-29 15:42:49 info: 🚀 App listening on the port 3000
2022-10-29 15:42:49 info: =================================
2022-10-29 15:43:17 info: =================================
2022-10-29 15:43:17 info: ======= ENV: development =======
2022-10-29 15:43:17 info: 🚀 App listening on the port 3000
2022-10-29 15:43:17 info: =================================
2022-10-29 15:43:34 info: =================================
2022-10-29 15:43:34 info: ======= ENV: development =======
2022-10-29 15:43:34 info: 🚀 App listening on the port 3000
2022-10-29 15:43:34 info: =================================
2022-10-29 15:43:53 info: =================================
2022-10-29 15:43:53 info: ======= ENV: development =======
2022-10-29 15:43:53 info: 🚀 App listening on the port 3000
2022-10-29 15:43:53 info: =================================
2022-10-29 15:43:57 info: =================================
2022-10-29 15:43:57 info: ======= ENV: development =======
2022-10-29 15:43:57 info: 🚀 App listening on the port 3000
2022-10-29 15:43:57 info: =================================
2022-10-29 15:43:59 info: =================================
2022-10-29 15:43:59 info: ======= ENV: development =======
2022-10-29 15:43:59 info: 🚀 App listening on the port 3000
2022-10-29 15:43:59 info: =================================
2022-10-29 15:44:03 info: [0mGET /api/v1/docs/ [36m304[0m 8.204 ms - -[0m
2022-10-29 15:44:03 info: [0mGET /api/v1/docs/swagger-ui.css [36m304[0m 2.874 ms - -[0m
2022-10-29 15:44:03 info: [0mGET /api/v1/docs/swagger-ui-bundle.js [36m304[0m 3.686 ms - -[0m
2022-10-29 15:44:03 info: [0mGET /api/v1/docs/swagger-ui-standalone-preset.js [36m304[0m 4.184 ms - -[0m
2022-10-29 15:44:03 info: [0mGET /api/v1/docs/swagger-ui-init.js [32m200[0m 1.286 ms - 6462[0m
2022-10-29 15:45:44 info: =================================
2022-10-29 15:45:44 info: ======= ENV: development =======
2022-10-29 15:45:44 info: 🚀 App listening on the port 3000
2022-10-29 15:45:44 info: =================================
2022-10-29 15:45:46 info: =================================
2022-10-29 15:45:46 info: ======= ENV: development =======
2022-10-29 15:45:46 info: 🚀 App listening on the port 3000
2022-10-29 15:45:46 info: =================================
2022-10-29 15:45:51 info: =================================
2022-10-29 15:45:51 info: ======= ENV: development =======
2022-10-29 15:45:51 info: 🚀 App listening on the port 3000
2022-10-29 15:45:51 info: =================================
2022-10-29 15:45:59 info: =================================
2022-10-29 15:45:59 info: ======= ENV: development =======
2022-10-29 15:45:59 info: 🚀 App listening on the port 3000
2022-10-29 15:45:59 info: =================================
2022-10-29 15:46:22 info: =================================
2022-10-29 15:46:22 info: ======= ENV: development =======
2022-10-29 15:46:22 info: 🚀 App listening on the port 3000
2022-10-29 15:46:22 info: =================================
2022-10-29 15:46:23 info: =================================
2022-10-29 15:46:23 info: ======= ENV: development =======
2022-10-29 15:46:23 info: 🚀 App listening on the port 3000
2022-10-29 15:46:23 info: =================================
2022-10-29 15:46:30 info: =================================
2022-10-29 15:46:30 info: ======= ENV: development =======
2022-10-29 15:46:30 info: 🚀 App listening on the port 3000
2022-10-29 15:46:30 info: =================================
2022-10-29 15:46:34 info: =================================
2022-10-29 15:46:34 info: ======= ENV: development =======
2022-10-29 15:46:34 info: 🚀 App listening on the port 3000
2022-10-29 15:46:34 info: =================================
2022-10-29 15:46:53 info: =================================
2022-10-29 15:46:53 info: ======= ENV: development =======
2022-10-29 15:46:53 info: 🚀 App listening on the port 3000
2022-10-29 15:46:53 info: =================================
2022-10-29 15:47:01 info: =================================
2022-10-29 15:47:01 info: ======= ENV: development =======
2022-10-29 15:47:01 info: 🚀 App listening on the port 3000
2022-10-29 15:47:01 info: =================================
2022-10-29 15:47:06 info: =================================
2022-10-29 15:47:06 info: ======= ENV: development =======
2022-10-29 15:47:06 info: 🚀 App listening on the port 3000
2022-10-29 15:47:06 info: =================================
2022-10-29 15:48:05 info: [0mGET /api/v1/docs/ [36m304[0m 10.022 ms - -[0m
2022-10-29 15:48:05 info: [0mGET /api/v1/docs/swagger-ui.css [36m304[0m 2.802 ms - -[0m
2022-10-29 15:48:05 info: [0mGET /api/v1/docs/swagger-ui-bundle.js [36m304[0m 1.582 ms - -[0m
2022-10-29 15:48:05 info: [0mGET /api/v1/docs/swagger-ui-standalone-preset.js [36m304[0m 1.257 ms - -[0m
2022-10-29 15:48:05 info: [0mGET /api/v1/docs/swagger-ui-init.js [32m200[0m 1.906 ms - 6664[0m
2022-10-29 15:48:39 info: =================================
2022-10-29 15:48:39 info: ======= ENV: development =======
2022-10-29 15:48:39 info: 🚀 App listening on the port 3000
2022-10-29 15:48:39 info: =================================
2022-10-29 15:48:43 info: =================================
2022-10-29 15:48:43 info: ======= ENV: development =======
2022-10-29 15:48:43 info: 🚀 App listening on the port 3000
2022-10-29 15:48:43 info: =================================
2022-10-29 15:48:46 info: =================================
2022-10-29 15:48:46 info: ======= ENV: development =======
2022-10-29 15:48:46 info: 🚀 App listening on the port 3000
2022-10-29 15:48:46 info: =================================
2022-10-29 15:48:51 info: =================================
2022-10-29 15:48:51 info: ======= ENV: development =======
2022-10-29 15:48:51 info: 🚀 App listening on the port 3000
2022-10-29 15:48:51 info: =================================
2022-10-29 15:48:53 info: =================================
2022-10-29 15:48:53 info: ======= ENV: development =======
2022-10-29 15:48:53 info: 🚀 App listening on the port 3000
2022-10-29 15:48:53 info: =================================
2022-10-29 15:49:00 info: =================================
2022-10-29 15:49:00 info: ======= ENV: development =======
2022-10-29 15:49:00 info: 🚀 App listening on the port 3000
2022-10-29 15:49:00 info: =================================
2022-10-29 15:49:05 info: =================================
2022-10-29 15:49:05 info: ======= ENV: development =======
2022-10-29 15:49:05 info: 🚀 App listening on the port 3000
2022-10-29 15:49:05 info: =================================
2022-10-29 15:49:09 info: =================================
2022-10-29 15:49:09 info: ======= ENV: development =======
2022-10-29 15:49:09 info: 🚀 App listening on the port 3000
2022-10-29 15:49:09 info: =================================
2022-10-29 15:49:16 info: =================================
2022-10-29 15:49:16 info: ======= ENV: development =======
2022-10-29 15:49:16 info: 🚀 App listening on the port 3000
2022-10-29 15:49:16 info: =================================
2022-10-29 15:49:25 info: =================================
2022-10-29 15:49:25 info: ======= ENV: development =======
2022-10-29 15:49:25 info: 🚀 App listening on the port 3000
2022-10-29 15:49:25 info: =================================
2022-10-29 15:49:28 info: [0mGET /api/v1/docs/ [36m304[0m 6.570 ms - -[0m
2022-10-29 15:49:28 info: [0mGET /api/v1/docs/swagger-ui.css [36m304[0m 2.917 ms - -[0m
2022-10-29 15:49:28 info: [0mGET /api/v1/docs/swagger-ui-init.js [32m200[0m 0.842 ms - 6833[0m
2022-10-29 15:49:28 info: [0mGET /api/v1/docs/swagger-ui-bundle.js [36m304[0m 5.963 ms - -[0m
2022-10-29 15:49:28 info: [0mGET /api/v1/docs/swagger-ui-standalone-preset.js [36m304[0m 6.656 ms - -[0m
2022-10-29 15:50:08 info: =================================
2022-10-29 15:50:08 info: ======= ENV: development =======
2022-10-29 15:50:08 info: 🚀 App listening on the port 3000
2022-10-29 15:50:08 info: =================================
2022-10-29 15:50:12 info: =================================
2022-10-29 15:50:12 info: ======= ENV: development =======
2022-10-29 15:50:12 info: 🚀 App listening on the port 3000
2022-10-29 15:50:12 info: =================================
2022-10-29 15:50:24 info: =================================
2022-10-29 15:50:24 info: ======= ENV: development =======
2022-10-29 15:50:24 info: 🚀 App listening on the port 3000
2022-10-29 15:50:24 info: =================================
2022-10-29 15:50:27 info: [0mGET /api/v1/docs/ [36m304[0m 7.520 ms - -[0m
2022-10-29 15:50:27 info: [0mGET /api/v1/docs/swagger-ui-bundle.js [36m304[0m 2.882 ms - -[0m
2022-10-29 15:50:27 info: [0mGET /api/v1/docs/swagger-ui-standalone-preset.js [36m304[0m 1.850 ms - -[0m
2022-10-29 15:50:27 info: [0mGET /api/v1/docs/swagger-ui-init.js [32m200[0m 0.976 ms - 7004[0m
2022-10-29 15:50:27 info: [0mGET /api/v1/docs/swagger-ui.css [36m304[0m 0.721 ms - -[0m
2022-10-29 15:51:33 info: [0mPUT /api/v1/post/ [33m404[0m 15.941 ms - 151[0m
2022-10-29 15:51:43 info: [0mPUT /api/v1/post/145/ [32m200[0m 425.461 ms - -[0m
2022-10-29 15:52:55 info: =================================
2022-10-29 15:52:55 info: ======= ENV: development =======
2022-10-29 15:52:55 info: 🚀 App listening on the port 3000
2022-10-29 15:52:55 info: =================================
2022-10-29 15:53:08 info: =================================
2022-10-29 15:53:08 info: ======= ENV: development =======
2022-10-29 15:53:08 info: 🚀 App listening on the port 3000
2022-10-29 15:53:08 info: =================================
2022-10-29 15:53:28 info: =================================
2022-10-29 15:53:28 info: ======= ENV: development =======
2022-10-29 15:53:28 info: 🚀 App listening on the port 3000
2022-10-29 15:53:28 info: =================================
2022-10-29 15:54:33 info: =================================
2022-10-29 15:54:33 info: ======= ENV: development =======
2022-10-29 15:54:33 info: 🚀 App listening on the port 3000
2022-10-29 15:54:33 info: =================================
2022-10-29 15:54:57 info: [0mPUT /api/v1/post/%22%22 [32m200[0m 419.325 ms - -[0m
2022-10-29 15:55:18 info: [0mPUT /api/v1/post/jg [32m200[0m 287.332 ms - -[0m
2022-10-29 15:55:28 info: =================================
2022-10-29 15:55:28 info: ======= ENV: development =======
2022-10-29 15:55:28 info: 🚀 App listening on the port 3000
2022-10-29 15:55:28 info: =================================
2022-10-29 15:55:32 info: [0mPUT /api/v1/post/jg [32m200[0m 353.091 ms - -[0m
2022-10-29 15:56:09 info: =================================
2022-10-29 15:56:09 info: ======= ENV: development =======
2022-10-29 15:56:09 info: 🚀 App listening on the port 3000
2022-10-29 15:56:09 info: =================================
2022-10-29 15:57:04 info: =================================
2022-10-29 15:57:04 info: ======= ENV: development =======
2022-10-29 15:57:04 info: 🚀 App listening on the port 3000
2022-10-29 15:57:04 info: =================================
2022-10-29 15:57:07 info: =================================
2022-10-29 15:57:07 info: ======= ENV: development =======
2022-10-29 15:57:07 info: 🚀 App listening on the port 3000
2022-10-29 15:57:07 info: =================================
2022-10-29 15:57:24 info: =================================
2022-10-29 15:57:24 info: ======= ENV: development =======
2022-10-29 15:57:24 info: 🚀 App listening on the port 3000
2022-10-29 15:57:24 info: =================================
2022-10-29 15:57:30 info: [0mPUT /api/v1/post/jg [33m400[0m 17.690 ms - 36[0m
2022-10-29 15:58:04 info: [0mPUT /api/v1/post/10 [32m200[0m 330.159 ms - 69[0m
2022-10-29 15:58:09 info: [0mPUT /api/v1/post/kjg [33m400[0m 1.926 ms - 36[0m
2022-10-29 15:58:32 info: =================================
2022-10-29 15:58:32 info: ======= ENV: development =======
2022-10-29 15:58:32 info: 🚀 App listening on the port 3000
2022-10-29 15:58:32 info: =================================
2022-10-29 15:58:49 info: =================================
2022-10-29 15:58:49 info: ======= ENV: development =======
2022-10-29 15:58:49 info: 🚀 App listening on the port 3000
2022-10-29 15:58:49 info: =================================
2022-10-29 15:58:53 info: =================================
2022-10-29 15:58:53 info: ======= ENV: development =======
2022-10-29 15:58:53 info: 🚀 App listening on the port 3000
2022-10-29 15:58:53 info: =================================
2022-10-29 15:59:10 info: =================================
2022-10-29 15:59:10 info: ======= ENV: development =======
2022-10-29 15:59:10 info: 🚀 App listening on the port 3000
2022-10-29 15:59:10 info: =================================
2022-10-29 15:59:16 info: =================================
2022-10-29 15:59:16 info: ======= ENV: development =======
2022-10-29 15:59:16 info: 🚀 App listening on the port 3000
2022-10-29 15:59:16 info: =================================
2022-10-29 15:59:19 info: =================================
2022-10-29 15:59:19 info: ======= ENV: development =======
2022-10-29 15:59:19 info: 🚀 App listening on the port 3000
2022-10-29 15:59:19 info: =================================
2022-10-29 15:59:22 info: =================================
2022-10-29 15:59:22 info: ======= ENV: development =======
2022-10-29 15:59:22 info: 🚀 App listening on the port 3000
2022-10-29 15:59:22 info: =================================
2022-10-29 15:59:24 info: [0mGET /api/v1/docs/ [36m304[0m 7.143 ms - -[0m
2022-10-29 15:59:24 info: [0mGET /api/v1/docs/swagger-ui.css [36m304[0m 2.599 ms - -[0m
2022-10-29 15:59:24 info: [0mGET /api/v1/docs/swagger-ui-bundle.js [36m304[0m 1.105 ms - -[0m
2022-10-29 15:59:24 info: [0mGET /api/v1/docs/swagger-ui-standalone-preset.js [36m304[0m 1.375 ms - -[0m
2022-10-29 15:59:24 info: [0mGET /api/v1/docs/swagger-ui-init.js [32m200[0m 1.401 ms - 7082[0m
2022-10-29 15:59:43 info: =================================
2022-10-29 15:59:43 info: ======= ENV: development =======
2022-10-29 15:59:43 info: 🚀 App listening on the port 3000
2022-10-29 15:59:43 info: =================================
2022-10-29 15:59:45 info: =================================
2022-10-29 15:59:45 info: ======= ENV: development =======
2022-10-29 15:59:45 info: 🚀 App listening on the port 3000
2022-10-29 15:59:45 info: =================================
2022-10-29 15:59:51 info: =================================
2022-10-29 15:59:51 info: ======= ENV: development =======
2022-10-29 15:59:51 info: 🚀 App listening on the port 3000
2022-10-29 15:59:51 info: =================================
2022-10-29 15:59:54 info: =================================
2022-10-29 15:59:54 info: ======= ENV: development =======
2022-10-29 15:59:54 info: 🚀 App listening on the port 3000
2022-10-29 15:59:54 info: =================================
2022-10-29 16:00:05 info: =================================
2022-10-29 16:00:05 info: ======= ENV: development =======
2022-10-29 16:00:05 info: 🚀 App listening on the port 3000
2022-10-29 16:00:05 info: =================================
2022-10-29 16:00:06 info: =================================
2022-10-29 16:00:06 info: ======= ENV: development =======
2022-10-29 16:00:06 info: 🚀 App listening on the port 3000
2022-10-29 16:00:06 info: =================================
2022-10-29 16:00:15 info: =================================
2022-10-29 16:00:15 info: ======= ENV: development =======
2022-10-29 16:00:15 info: 🚀 App listening on the port 3000
2022-10-29 16:00:15 info: =================================
2022-10-29 16:00:19 info: =================================
2022-10-29 16:00:19 info: ======= ENV: development =======
2022-10-29 16:00:19 info: 🚀 App listening on the port 3000
2022-10-29 16:00:19 info: =================================
2022-10-29 16:00:26 info: =================================
2022-10-29 16:00:26 info: ======= ENV: development =======
2022-10-29 16:00:26 info: 🚀 App listening on the port 3000
2022-10-29 16:00:26 info: =================================
2022-10-29 16:00:30 info: =================================
2022-10-29 16:00:30 info: ======= ENV: development =======
2022-10-29 16:00:30 info: 🚀 App listening on the port 3000
2022-10-29 16:00:30 info: =================================
2022-10-29 16:00:44 info: =================================
2022-10-29 16:00:44 info: ======= ENV: development =======
2022-10-29 16:00:44 info: 🚀 App listening on the port 3000
2022-10-29 16:00:44 info: =================================
2022-10-29 16:00:48 info: =================================
2022-10-29 16:00:48 info: ======= ENV: development =======
2022-10-29 16:00:48 info: 🚀 App listening on the port 3000
2022-10-29 16:00:48 info: =================================
2022-10-29 16:01:14 info: =================================
2022-10-29 16:01:14 info: ======= ENV: development =======
2022-10-29 16:01:14 info: 🚀 App listening on the port 3000
2022-10-29 16:01:14 info: =================================
2022-10-29 16:01:16 info: =================================
2022-10-29 16:01:16 info: ======= ENV: development =======
2022-10-29 16:01:16 info: 🚀 App listening on the port 3000
2022-10-29 16:01:16 info: =================================
2022-10-29 16:01:17 info: [0mGET /api/v1/docs/ [36m304[0m 7.840 ms - -[0m
2022-10-29 16:01:17 info: [0mGET /api/v1/docs/swagger-ui-bundle.js [36m304[0m 2.868 ms - -[0m
2022-10-29 16:01:17 info: [0mGET /api/v1/docs/swagger-ui-standalone-preset.js [36m304[0m 2.575 ms - -[0m
2022-10-29 16:01:17 info: [0mGET /api/v1/docs/swagger-ui-init.js [32m200[0m 0.947 ms - 7594[0m
2022-10-29 16:01:17 info: [0mGET /api/v1/docs/swagger-ui.css [36m304[0m 0.757 ms - -[0m
2022-10-29 16:01:53 info: =================================
2022-10-29 16:01:53 info: ======= ENV: development =======
2022-10-29 16:01:53 info: 🚀 App listening on the port 3000
2022-10-29 16:01:53 info: =================================
2022-10-29 16:03:35 info: =================================
2022-10-29 16:03:35 info: ======= ENV: development =======
2022-10-29 16:03:35 info: 🚀 App listening on the port 3000
2022-10-29 16:03:35 info: =================================
2022-10-29 16:03:39 info: =================================
2022-10-29 16:03:39 info: ======= ENV: development =======
2022-10-29 16:03:39 info: 🚀 App listening on the port 3000
2022-10-29 16:03:39 info: =================================
2022-10-29 16:03:46 info: =================================
2022-10-29 16:03:46 info: ======= ENV: development =======
2022-10-29 16:03:46 info: 🚀 App listening on the port 3000
2022-10-29 16:03:46 info: =================================
2022-10-29 16:03:56 info: =================================
2022-10-29 16:03:56 info: ======= ENV: development =======
2022-10-29 16:03:56 info: 🚀 App listening on the port 3000
2022-10-29 16:03:56 info: =================================
2022-10-29 16:04:10 info: =================================
2022-10-29 16:04:10 info: ======= ENV: development =======
2022-10-29 16:04:10 info: 🚀 App listening on the port 3000
2022-10-29 16:04:10 info: =================================
2022-10-29 16:04:34 info: [0mDELETE /api/v1/post/10 [32m200[0m 411.446 ms - -[0m
2022-10-29 16:05:03 info: =================================
2022-10-29 16:05:03 info: ======= ENV: development =======
2022-10-29 16:05:03 info: 🚀 App listening on the port 3000
2022-10-29 16:05:03 info: =================================
2022-10-29 16:05:23 info: [0mDELETE /api/v1/post/10 [32m200[0m 380.477 ms - -[0m
2022-10-29 16:05:47 info: =================================
2022-10-29 16:05:47 info: ======= ENV: development =======
2022-10-29 16:05:47 info: 🚀 App listening on the port 3000
2022-10-29 16:05:47 info: =================================
2022-10-29 16:06:04 info: =================================
2022-10-29 16:06:04 info: ======= ENV: development =======
2022-10-29 16:06:04 info: 🚀 App listening on the port 3000
2022-10-29 16:06:04 info: =================================
2022-10-29 16:07:28 info: =================================
2022-10-29 16:07:28 info: ======= ENV: development =======
2022-10-29 16:07:28 info: 🚀 App listening on the port 3000
2022-10-29 16:07:28 info: =================================
2022-10-29 16:07:43 info: [0mDELETE /api/v1/post/hs [33m400[0m 5.258 ms - 36[0m
2022-10-29 16:08:40 info: =================================
2022-10-29 16:08:40 info: ======= ENV: development =======
2022-10-29 16:08:40 info: 🚀 App listening on the port 3000
2022-10-29 16:08:40 info: =================================
2022-10-29 16:09:22 info: =================================
2022-10-29 16:09:22 info: ======= ENV: development =======
2022-10-29 16:09:22 info: 🚀 App listening on the port 3000
2022-10-29 16:09:22 info: =================================
2022-10-29 16:09:30 info: [0mDELETE /api/v1/post/hs [33m400[0m 8.041 ms - 36[0m
2022-10-29 16:09:37 info: [0mDELETE /api/v1/post/11 [32m200[0m 334.382 ms - -[0m
2022-10-29 16:12:20 info: =================================
2022-10-29 16:12:20 info: ======= ENV: development =======
2022-10-29 16:12:20 info: 🚀 App listening on the port 3000
2022-10-29 16:12:20 info: =================================
2022-10-29 16:12:23 info: =================================
2022-10-29 16:12:23 info: ======= ENV: development =======
2022-10-29 16:12:23 info: 🚀 App listening on the port 3000
2022-10-29 16:12:23 info: =================================
2022-10-29 16:14:46 info: =================================
2022-10-29 16:14:46 info: ======= ENV: development =======
2022-10-29 16:14:46 info: 🚀 App listening on the port 3000
2022-10-29 16:14:46 info: =================================
2022-10-29 16:15:33 info: [0mDELETE /api/v1/post/asd [33m400[0m 7.257 ms - 36[0m
2022-10-29 16:15:38 info: [0mDELETE /api/v1/post/11 [32m200[0m 304.820 ms - -[0m
2022-10-29 16:15:50 info: =================================
2022-10-29 16:15:50 info: ======= ENV: development =======
2022-10-29 16:15:50 info: 🚀 App listening on the port 3000
2022-10-29 16:15:50 info: =================================
2022-10-29 16:15:54 info: [0mDELETE /api/v1/post/11 [32m200[0m 1561.113 ms - -[0m
2022-10-29 16:16:02 info: =================================
2022-10-29 16:16:02 info: ======= ENV: development =======
2022-10-29 16:16:02 info: 🚀 App listening on the port 3000
2022-10-29 16:16:02 info: =================================
2022-10-29 16:16:05 info: [0mDELETE /api/v1/post/11 [32m200[0m 348.336 ms - -[0m
2022-10-29 16:16:37 info: =================================
2022-10-29 16:16:37 info: ======= ENV: development =======
2022-10-29 16:16:37 info: 🚀 App listening on the port 3000
2022-10-29 16:16:37 info: =================================
2022-10-29 16:17:25 info: =================================
2022-10-29 16:17:25 info: ======= ENV: development =======
2022-10-29 16:17:25 info: 🚀 App listening on the port 3000
2022-10-29 16:17:25 info: =================================
2022-10-29 16:17:29 info: =================================
2022-10-29 16:17:29 info: ======= ENV: development =======
2022-10-29 16:17:29 info: 🚀 App listening on the port 3000
2022-10-29 16:17:29 info: =================================
2022-10-29 16:17:35 info: [0mDELETE /api/v1/post/11 [32m200[0m 359.211 ms - -[0m
2022-10-29 16:18:06 info: =================================
2022-10-29 16:18:06 info: ======= ENV: development =======
2022-10-29 16:18:06 info: 🚀 App listening on the port 3000
2022-10-29 16:18:06 info: =================================
2022-10-29 16:18:12 info: =================================
2022-10-29 16:18:12 info: ======= ENV: development =======
2022-10-29 16:18:12 info: 🚀 App listening on the port 3000
2022-10-29 16:18:12 info: =================================
2022-10-29 16:18:13 info: [0mDELETE /api/v1/post/11 [32m200[0m 427.512 ms - -[0m
2022-10-29 16:18:28 info: =================================
2022-10-29 16:18:28 info: ======= ENV: development =======
2022-10-29 16:18:28 info: 🚀 App listening on the port 3000
2022-10-29 16:18:28 info: =================================
2022-10-29 16:18:35 info: [0mDELETE /api/v1/post/11 [32m200[0m 349.761 ms - -[0m
2022-10-29 16:19:22 info: =================================
2022-10-29 16:19:22 info: ======= ENV: development =======
2022-10-29 16:19:22 info: 🚀 App listening on the port 3000
2022-10-29 16:19:22 info: =================================
2022-10-29 16:19:28 info: =================================
2022-10-29 16:19:28 info: ======= ENV: development =======
2022-10-29 16:19:28 info: 🚀 App listening on the port 3000
2022-10-29 16:19:28 info: =================================
2022-10-29 16:19:44 info: [0mDELETE /api/v1/post/11 [33m400[0m 6.314 ms - 36[0m
2022-10-29 16:20:08 info: =================================
2022-10-29 16:20:08 info: ======= ENV: development =======
2022-10-29 16:20:08 info: 🚀 App listening on the port 3000
2022-10-29 16:20:08 info: =================================
2022-10-29 16:20:14 info: [0mDELETE /api/v1/post/11 [33m400[0m 7.070 ms - 36[0m
2022-10-29 16:20:25 info: =================================
2022-10-29 16:20:25 info: ======= ENV: development =======
2022-10-29 16:20:25 info: 🚀 App listening on the port 3000
2022-10-29 16:20:25 info: =================================
2022-10-29 16:20:32 info: [0mDELETE /api/v1/post/11 [32m200[0m 359.154 ms - -[0m
2022-10-29 16:21:18 info: =================================
2022-10-29 16:21:18 info: ======= ENV: development =======
2022-10-29 16:21:18 info: 🚀 App listening on the port 3000
2022-10-29 16:21:18 info: =================================
2022-10-29 16:21:26 info: [0mDELETE /api/v1/post/11 [33m400[0m 6.633 ms - 36[0m
2022-10-29 16:21:49 info: =================================
2022-10-29 16:21:49 info: ======= ENV: development =======
2022-10-29 16:21:49 info: 🚀 App listening on the port 3000
2022-10-29 16:21:49 info: =================================
2022-10-29 16:22:06 info: [0mDELETE /api/v1/post/11 [33m400[0m 6.471 ms - 36[0m
2022-10-29 16:22:33 info: =================================
2022-10-29 16:22:33 info: ======= ENV: development =======
2022-10-29 16:22:33 info: 🚀 App listening on the port 3000
2022-10-29 16:22:33 info: =================================
2022-10-29 16:23:44 info: =================================
2022-10-29 16:23:44 info: ======= ENV: development =======
2022-10-29 16:23:44 info: 🚀 App listening on the port 3000
2022-10-29 16:23:44 info: =================================
2022-10-29 16:23:50 info: =================================
2022-10-29 16:23:50 info: ======= ENV: development =======
2022-10-29 16:23:50 info: 🚀 App listening on the port 3000
2022-10-29 16:23:50 info: =================================
2022-10-29 16:23:57 info: [0mDELETE /api/v1/post/11 [33m400[0m 6.406 ms - 36[0m
2022-10-29 16:24:07 info: =================================
2022-10-29 16:24:07 info: ======= ENV: development =======
2022-10-29 16:24:07 info: 🚀 App listening on the port 3000
2022-10-29 16:24:07 info: =================================
2022-10-29 16:24:16 info: =================================
2022-10-29 16:24:16 info: ======= ENV: development =======
2022-10-29 16:24:16 info: 🚀 App listening on the port 3000
2022-10-29 16:24:16 info: =================================
2022-10-29 16:24:18 info: =================================
2022-10-29 16:24:18 info: ======= ENV: development =======
2022-10-29 16:24:18 info: 🚀 App listening on the port 3000
2022-10-29 16:24:18 info: =================================
2022-10-29 16:24:18 info: [0mDELETE /api/v1/post/11 [32m200[0m 345.550 ms - -[0m
2022-10-29 16:24:26 info: [0mDELETE /api/v1/post/jg [33m400[0m 2.809 ms - 36[0m
2022-10-29 16:25:03 info: =================================
2022-10-29 16:25:03 info: ======= ENV: development =======
2022-10-29 16:25:03 info: 🚀 App listening on the port 3000
2022-10-29 16:25:03 info: =================================
2022-10-29 16:26:00 info: =================================
2022-10-29 16:26:00 info: ======= ENV: development =======
2022-10-29 16:26:00 info: 🚀 App listening on the port 3000
2022-10-29 16:26:00 info: =================================
2022-10-29 16:26:11 info: =================================
2022-10-29 16:26:11 info: ======= ENV: development =======
2022-10-29 16:26:11 info: 🚀 App listening on the port 3000
2022-10-29 16:26:11 info: =================================
2022-10-29 16:26:52 info: =================================
2022-10-29 16:26:52 info: ======= ENV: development =======
2022-10-29 16:26:52 info: 🚀 App listening on the port 3000
2022-10-29 16:26:52 info: =================================
2022-10-29 16:27:01 info: =================================
2022-10-29 16:27:01 info: ======= ENV: development =======
2022-10-29 16:27:01 info: 🚀 App listening on the port 3000
2022-10-29 16:27:01 info: =================================
2022-10-29 16:27:22 info: =================================
2022-10-29 16:27:22 info: ======= ENV: development =======
2022-10-29 16:27:22 info: 🚀 App listening on the port 3000
2022-10-29 16:27:22 info: =================================
2022-10-29 16:27:49 info: [0mDELETE /api/v1/post/jg [0m-[0m - ms - -[0m
2022-10-29 16:27:57 info: =================================
2022-10-29 16:27:57 info: ======= ENV: development =======
2022-10-29 16:27:57 info: 🚀 App listening on the port 3000
2022-10-29 16:27:57 info: =================================
2022-10-29 16:28:04 info: =================================
2022-10-29 16:28:04 info: ======= ENV: development =======
2022-10-29 16:28:04 info: 🚀 App listening on the port 3000
2022-10-29 16:28:04 info: =================================
2022-10-29 16:28:11 info: =================================
2022-10-29 16:28:11 info: ======= ENV: development =======
2022-10-29 16:28:11 info: 🚀 App listening on the port 3000
2022-10-29 16:28:11 info: =================================
2022-10-29 16:28:14 info: =================================
2022-10-29 16:28:14 info: ======= ENV: development =======
2022-10-29 16:28:14 info: 🚀 App listening on the port 3000
2022-10-29 16:28:14 info: =================================
2022-10-29 16:28:15 info: [0mDELETE /api/v1/post/jg [33m400[0m 6.116 ms - 36[0m
2022-10-29 16:28:19 info: [0mDELETE /api/v1/post/11 [33m400[0m 1.623 ms - 36[0m
2022-10-29 16:28:34 info: =================================
2022-10-29 16:28:34 info: ======= ENV: development =======
2022-10-29 16:28:34 info: 🚀 App listening on the port 3000
2022-10-29 16:28:34 info: =================================
2022-10-29 16:28:49 info: =================================
2022-10-29 16:28:49 info: ======= ENV: development =======
2022-10-29 16:28:49 info: 🚀 App listening on the port 3000
2022-10-29 16:28:49 info: =================================
2022-10-29 16:28:52 info: =================================
2022-10-29 16:28:52 info: ======= ENV: development =======
2022-10-29 16:28:52 info: 🚀 App listening on the port 3000
2022-10-29 16:28:52 info: =================================
2022-10-29 16:29:37 info: =================================
2022-10-29 16:29:37 info: ======= ENV: development =======
2022-10-29 16:29:37 info: 🚀 App listening on the port 3000
2022-10-29 16:29:37 info: =================================
2022-10-29 16:29:52 info: [0mDELETE /api/v1/post/gj [0m-[0m - ms - -[0m
2022-10-29 16:29:55 info: [0mDELETE /api/v1/post/11 [33m400[0m 4.402 ms - 36[0m
2022-10-29 16:30:12 info: =================================
2022-10-29 16:30:12 info: ======= ENV: development =======
2022-10-29 16:30:12 info: 🚀 App listening on the port 3000
2022-10-29 16:30:12 info: =================================
2022-10-29 16:30:18 info: [0mDELETE /api/v1/post/jg [33m400[0m 6.033 ms - 36[0m
2022-10-29 16:31:31 info: =================================
2022-10-29 16:31:31 info: ======= ENV: development =======
2022-10-29 16:31:31 info: 🚀 App listening on the port 3000
2022-10-29 16:31:31 info: =================================
2022-10-29 16:31:34 info: =================================
2022-10-29 16:31:34 info: ======= ENV: development =======
2022-10-29 16:31:34 info: 🚀 App listening on the port 3000
2022-10-29 16:31:34 info: =================================
2022-10-29 16:31:43 info: =================================
2022-10-29 16:31:43 info: ======= ENV: development =======
2022-10-29 16:31:43 info: 🚀 App listening on the port 3000
2022-10-29 16:31:43 info: =================================
2022-10-29 16:31:56 info: [0mDELETE /api/v1/post/jg [33m400[0m 5.376 ms - 36[0m
2022-10-29 16:32:01 info: [0mDELETE /api/v1/post/11 [32m200[0m 967.068 ms - -[0m
2022-10-29 16:32:37 info: =================================
2022-10-29 16:32:37 info: ======= ENV: development =======
2022-10-29 16:32:37 info: 🚀 App listening on the port 3000
2022-10-29 16:32:37 info: =================================
2022-10-29 16:32:43 info: [0mDELETE /api/v1/post/11 [32m200[0m 367.652 ms - -[0m
2022-10-29 16:32:59 info: =================================
2022-10-29 16:32:59 info: ======= ENV: development =======
2022-10-29 16:32:59 info: 🚀 App listening on the port 3000
2022-10-29 16:32:59 info: =================================
2022-10-29 16:33:13 info: =================================
2022-10-29 16:33:13 info: ======= ENV: development =======
2022-10-29 16:33:13 info: 🚀 App listening on the port 3000
2022-10-29 16:33:13 info: =================================
2022-10-29 16:33:31 info: [0mDELETE /api/v1/post/11 [32m200[0m 412.394 ms - -[0m
2022-10-29 16:33:55 info: =================================
2022-10-29 16:33:55 info: ======= ENV: development =======
2022-10-29 16:33:55 info: 🚀 App listening on the port 3000
2022-10-29 16:33:55 info: =================================
2022-10-29 16:33:59 info: [0mDELETE /api/v1/post/11 [32m200[0m 607.741 ms - -[0m
2022-10-29 16:35:19 info: =================================
2022-10-29 16:35:19 info: ======= ENV: development =======
2022-10-29 16:35:19 info: 🚀 App listening on the port 3000
2022-10-29 16:35:19 info: =================================
2022-10-29 16:35:24 info: [0mDELETE /api/v1/post/11 [32m200[0m 366.774 ms - -[0m
2022-10-29 16:37:05 info: =================================
2022-10-29 16:37:05 info: ======= ENV: development =======
2022-10-29 16:37:05 info: 🚀 App listening on the port 3000
2022-10-29 16:37:05 info: =================================
2022-10-29 16:37:11 info: =================================
2022-10-29 16:37:12 info: ======= ENV: development =======
2022-10-29 16:37:12 info: 🚀 App listening on the port 3000
2022-10-29 16:37:12 info: =================================
2022-10-29 16:37:21 info: =================================
2022-10-29 16:37:21 info: ======= ENV: development =======
2022-10-29 16:37:21 info: 🚀 App listening on the port 3000
2022-10-29 16:37:21 info: =================================
2022-10-29 16:37:46 info: =================================
2022-10-29 16:37:46 info: ======= ENV: development =======
2022-10-29 16:37:46 info: 🚀 App listening on the port 3000
2022-10-29 16:37:46 info: =================================
2022-10-29 16:37:52 info: =================================
2022-10-29 16:37:52 info: ======= ENV: development =======
2022-10-29 16:37:52 info: 🚀 App listening on the port 3000
2022-10-29 16:37:52 info: =================================
2022-10-29 16:38:04 info: [0mDELETE /api/v1/post/11 [32m200[0m 377.202 ms - -[0m
2022-10-29 16:38:40 info: =================================
2022-10-29 16:38:40 info: ======= ENV: development =======
2022-10-29 16:38:40 info: 🚀 App listening on the port 3000
2022-10-29 16:38:40 info: =================================
2022-10-29 16:38:44 info: =================================
2022-10-29 16:38:44 info: ======= ENV: development =======
2022-10-29 16:38:44 info: 🚀 App listening on the port 3000
2022-10-29 16:38:44 info: =================================
2022-10-29 16:38:52 info: [0mDELETE /api/v1/post/11 [32m200[0m 357.943 ms - -[0m
2022-10-29 16:39:25 info: [0mDELETE /api/v1/post/1 [32m200[0m 267.724 ms - -[0m
2022-10-29 16:39:38 info: =================================
2022-10-29 16:39:38 info: ======= ENV: development =======
2022-10-29 16:39:38 info: 🚀 App listening on the port 3000
2022-10-29 16:39:38 info: =================================
2022-10-29 16:39:42 info: [0mDELETE /api/v1/post/1 [32m200[0m 337.941 ms - -[0m
2022-10-29 16:40:56 info: =================================
2022-10-29 16:40:56 info: ======= ENV: development =======
2022-10-29 16:40:56 info: 🚀 App listening on the port 3000
2022-10-29 16:40:56 info: =================================
2022-10-29 16:41:11 info: =================================
2022-10-29 16:41:11 info: ======= ENV: development =======
2022-10-29 16:41:11 info: 🚀 App listening on the port 3000
2022-10-29 16:41:11 info: =================================
2022-10-29 16:41:35 info: =================================
2022-10-29 16:41:35 info: ======= ENV: development =======
2022-10-29 16:41:35 info: 🚀 App listening on the port 3000
2022-10-29 16:41:35 info: =================================
2022-10-29 16:41:45 info: =================================
2022-10-29 16:41:45 info: ======= ENV: development =======
2022-10-29 16:41:45 info: 🚀 App listening on the port 3000
2022-10-29 16:41:45 info: =================================
2022-10-29 16:41:51 info: =================================
2022-10-29 16:41:51 info: ======= ENV: development =======
2022-10-29 16:41:51 info: 🚀 App listening on the port 3000
2022-10-29 16:41:51 info: =================================
2022-10-29 16:42:33 info: =================================
2022-10-29 16:42:33 info: ======= ENV: development =======
2022-10-29 16:42:33 info: 🚀 App listening on the port 3000
2022-10-29 16:42:33 info: =================================
2022-10-29 16:42:43 info: =================================
2022-10-29 16:42:43 info: ======= ENV: development =======
2022-10-29 16:42:43 info: 🚀 App listening on the port 3000
2022-10-29 16:42:43 info: =================================
2022-10-29 16:43:06 info: =================================
2022-10-29 16:43:06 info: ======= ENV: development =======
2022-10-29 16:43:06 info: 🚀 App listening on the port 3000
2022-10-29 16:43:06 info: =================================
2022-10-29 16:43:09 info: =================================
2022-10-29 16:43:09 info: ======= ENV: development =======
2022-10-29 16:43:09 info: 🚀 App listening on the port 3000
2022-10-29 16:43:09 info: =================================
2022-10-29 16:43:12 info: =================================
2022-10-29 16:43:12 info: ======= ENV: development =======
2022-10-29 16:43:12 info: 🚀 App listening on the port 3000
2022-10-29 16:43:12 info: =================================
2022-10-29 16:43:26 info: =================================
2022-10-29 16:43:26 info: ======= ENV: development =======
2022-10-29 16:43:26 info: 🚀 App listening on the port 3000
2022-10-29 16:43:26 info: =================================
2022-10-29 16:43:29 info: =================================
2022-10-29 16:43:29 info: ======= ENV: development =======
2022-10-29 16:43:29 info: 🚀 App listening on the port 3000
2022-10-29 16:43:29 info: =================================
2022-10-29 16:43:33 info: =================================
2022-10-29 16:43:33 info: ======= ENV: development =======
2022-10-29 16:43:33 info: 🚀 App listening on the port 3000
2022-10-29 16:43:33 info: =================================
2022-10-29 16:45:36 info: =================================
2022-10-29 16:45:36 info: ======= ENV: development =======
2022-10-29 16:45:36 info: 🚀 App listening on the port 3000
2022-10-29 16:45:36 info: =================================
2022-10-29 16:45:58 info: =================================
2022-10-29 16:45:58 info: ======= ENV: development =======
2022-10-29 16:45:58 info: 🚀 App listening on the port 3000
2022-10-29 16:45:58 info: =================================
2022-10-29 16:46:01 info: =================================
2022-10-29 16:46:01 info: ======= ENV: development =======
2022-10-29 16:46:01 info: 🚀 App listening on the port 3000
2022-10-29 16:46:01 info: =================================
2022-10-29 16:46:03 info: =================================
2022-10-29 16:46:03 info: ======= ENV: development =======
2022-10-29 16:46:03 info: 🚀 App listening on the port 3000
2022-10-29 16:46:03 info: =================================
2022-10-29 16:46:34 info: =================================
2022-10-29 16:46:34 info: ======= ENV: development =======
2022-10-29 16:46:34 info: 🚀 App listening on the port 3000
2022-10-29 16:46:34 info: =================================
2022-10-29 16:46:35 info: =================================
2022-10-29 16:46:35 info: ======= ENV: development =======
2022-10-29 16:46:35 info: 🚀 App listening on the port 3000
2022-10-29 16:46:35 info: =================================
2022-10-29 16:47:13 info: =================================
2022-10-29 16:47:13 info: ======= ENV: development =======
2022-10-29 16:47:13 info: 🚀 App listening on the port 3000
2022-10-29 16:47:13 info: =================================
2022-10-29 16:48:48 info: =================================
2022-10-29 16:48:48 info: ======= ENV: development =======
2022-10-29 16:48:48 info: 🚀 App listening on the port 3000
2022-10-29 16:48:48 info: =================================
2022-10-29 16:49:11 info: =================================
2022-10-29 16:49:11 info: ======= ENV: development =======
2022-10-29 16:49:11 info: 🚀 App listening on the port 3000
2022-10-29 16:49:11 info: =================================
2022-10-29 16:49:19 info: [0mDELETE /api/v1/post/1 [32m200[0m 366.270 ms - 8[0m
2022-10-29 16:49:29 info: [0mDELETE /api/v1/post/jh [33m400[0m 2.212 ms - 36[0m
2022-10-29 16:50:02 info: =================================
2022-10-29 16:50:02 info: ======= ENV: development =======
2022-10-29 16:50:02 info: 🚀 App listening on the port 3000
2022-10-29 16:50:02 info: =================================
2022-10-29 16:50:07 info: [0mDELETE /api/v1/post/1 [32m200[0m 286.961 ms - 8[0m
2022-10-29 16:50:19 info: [0mGET /api/v1/docs/ [36m304[0m 4.501 ms - -[0m
2022-10-29 16:50:19 info: [0mGET /api/v1/docs/swagger-ui.css [36m304[0m 3.920 ms - -[0m
2022-10-29 16:50:19 info: [0mGET /api/v1/docs/swagger-ui-bundle.js [36m304[0m 1.253 ms - -[0m
2022-10-29 16:50:19 info: [0mGET /api/v1/docs/swagger-ui-standalone-preset.js [36m304[0m 0.833 ms - -[0m
2022-10-29 16:50:19 info: [0mGET /api/v1/docs/swagger-ui-init.js [32m200[0m 1.216 ms - 9035[0m
2022-10-29 16:51:01 info: =================================
2022-10-29 16:51:01 info: ======= ENV: development =======
2022-10-29 16:51:01 info: 🚀 App listening on the port 3000
2022-10-29 16:51:01 info: =================================
2022-10-29 16:51:15 info: =================================
2022-10-29 16:51:15 info: ======= ENV: development =======
2022-10-29 16:51:15 info: 🚀 App listening on the port 3000
2022-10-29 16:51:15 info: =================================
2022-10-29 16:51:20 info: =================================
2022-10-29 16:51:20 info: ======= ENV: development =======
2022-10-29 16:51:20 info: 🚀 App listening on the port 3000
2022-10-29 16:51:20 info: =================================
2022-10-29 16:51:28 info: =================================
2022-10-29 16:51:28 info: ======= ENV: development =======
2022-10-29 16:51:28 info: 🚀 App listening on the port 3000
2022-10-29 16:51:28 info: =================================
2022-10-29 16:51:30 info: =================================
2022-10-29 16:51:30 info: ======= ENV: development =======
2022-10-29 16:51:30 info: 🚀 App listening on the port 3000
2022-10-29 16:51:30 info: =================================
2022-10-29 16:51:38 info: =================================
2022-10-29 16:51:38 info: ======= ENV: development =======
2022-10-29 16:51:38 info: 🚀 App listening on the port 3000
2022-10-29 16:51:38 info: =================================
2022-10-29 16:51:42 info: =================================
2022-10-29 16:51:42 info: ======= ENV: development =======
2022-10-29 16:51:42 info: 🚀 App listening on the port 3000
2022-10-29 16:51:42 info: =================================
2022-10-29 16:52:14 info: [0mPOST /api/v1/post [32m200[0m 334.185 ms - 53[0m
2022-10-29 16:52:37 info: =================================
2022-10-29 16:52:37 info: ======= ENV: development =======
2022-10-29 16:52:37 info: 🚀 App listening on the port 3000
2022-10-29 16:52:37 info: =================================
2022-10-29 16:53:02 info: =================================
2022-10-29 16:53:02 info: ======= ENV: development =======
2022-10-29 16:53:02 info: 🚀 App listening on the port 3000
2022-10-29 16:53:02 info: =================================
2022-10-29 16:53:05 info: =================================
2022-10-29 16:53:05 info: ======= ENV: development =======
2022-10-29 16:53:05 info: 🚀 App listening on the port 3000
2022-10-29 16:53:05 info: =================================
2022-10-29 16:53:12 info: =================================
2022-10-29 16:53:12 info: ======= ENV: development =======
2022-10-29 16:53:12 info: 🚀 App listening on the port 3000
2022-10-29 16:53:12 info: =================================
2022-10-29 16:53:15 info: =================================
2022-10-29 16:53:15 info: ======= ENV: development =======
2022-10-29 16:53:15 info: 🚀 App listening on the port 3000
2022-10-29 16:53:15 info: =================================
2022-10-29 16:53:19 info: =================================
2022-10-29 16:53:19 info: ======= ENV: development =======
2022-10-29 16:53:19 info: 🚀 App listening on the port 3000
2022-10-29 16:53:19 info: =================================
2022-10-29 16:53:21 info: =================================
2022-10-29 16:53:21 info: ======= ENV: development =======
2022-10-29 16:53:21 info: 🚀 App listening on the port 3000
2022-10-29 16:53:21 info: =================================
2022-10-29 16:53:31 info: =================================
2022-10-29 16:53:31 info: ======= ENV: development =======
2022-10-29 16:53:31 info: 🚀 App listening on the port 3000
2022-10-29 16:53:31 info: =================================
2022-10-29 16:53:37 info: =================================
2022-10-29 16:53:37 info: ======= ENV: development =======
2022-10-29 16:53:37 info: 🚀 App listening on the port 3000
2022-10-29 16:53:37 info: =================================
2022-10-29 16:53:45 info: =================================
2022-10-29 16:53:45 info: ======= ENV: development =======
2022-10-29 16:53:45 info: 🚀 App listening on the port 3000
2022-10-29 16:53:45 info: =================================
2022-10-29 16:54:19 info: =================================
2022-10-29 16:54:19 info: ======= ENV: development =======
2022-10-29 16:54:19 info: 🚀 App listening on the port 3000
2022-10-29 16:54:19 info: =================================
2022-10-29 16:54:26 info: =================================
2022-10-29 16:54:26 info: ======= ENV: development =======
2022-10-29 16:54:26 info: 🚀 App listening on the port 3000
2022-10-29 16:54:26 info: =================================
2022-10-29 16:54:49 info: =================================
2022-10-29 16:54:49 info: ======= ENV: development =======
2022-10-29 16:54:49 info: 🚀 App listening on the port 3000
2022-10-29 16:54:49 info: =================================
2022-10-29 16:55:00 info: =================================
2022-10-29 16:55:00 info: ======= ENV: development =======
2022-10-29 16:55:00 info: 🚀 App listening on the port 3000
2022-10-29 16:55:00 info: =================================
2022-10-29 16:55:09 info: =================================
2022-10-29 16:55:09 info: ======= ENV: development =======
2022-10-29 16:55:09 info: 🚀 App listening on the port 3000
2022-10-29 16:55:09 info: =================================
2022-10-29 16:55:17 info: =================================
2022-10-29 16:55:17 info: ======= ENV: development =======
2022-10-29 16:55:17 info: 🚀 App listening on the port 3000
2022-10-29 16:55:17 info: =================================
2022-10-29 16:55:25 info: =================================
2022-10-29 16:55:25 info: ======= ENV: development =======
2022-10-29 16:55:25 info: 🚀 App listening on the port 3000
2022-10-29 16:55:25 info: =================================
2022-10-29 16:55:34 info: [0mGET /api/v1/docs/ [36m304[0m 8.397 ms - -[0m
2022-10-29 16:55:34 info: [0mGET /api/v1/docs/swagger-ui-init.js [32m200[0m 1.279 ms - 9285[0m
2022-10-29 16:55:34 info: [0mGET /api/v1/docs/swagger-ui-bundle.js [36m304[0m 7.968 ms - -[0m
2022-10-29 16:55:34 info: [0mGET /api/v1/docs/swagger-ui-standalone-preset.js [36m304[0m 1.426 ms - -[0m
2022-10-29 16:55:34 info: [0mGET /api/v1/docs/swagger-ui.css [36m304[0m 0.791 ms - -[0m
2022-10-29 16:55:43 info: [0mGET /api/v1/docs/ [36m304[0m 1.484 ms - -[0m
2022-10-29 16:55:43 info: [0mGET /api/v1/docs/swagger-ui.css [36m304[0m 6.400 ms - -[0m
2022-10-29 16:55:43 info: [0mGET /api/v1/docs/swagger-ui-bundle.js [36m304[0m 6.995 ms - -[0m
2022-10-29 16:55:43 info: [0mGET /api/v1/docs/swagger-ui-standalone-preset.js [36m304[0m 10.658 ms - -[0m
2022-10-29 16:55:43 info: [0mGET /api/v1/docs/swagger-ui-init.js [36m304[0m 1.353 ms - -[0m
2022-10-29 16:55:54 info: =================================
2022-10-29 16:55:54 info: ======= ENV: development =======
2022-10-29 16:55:54 info: 🚀 App listening on the port 3000
2022-10-29 16:55:54 info: =================================
2022-10-29 16:56:03 info: =================================
2022-10-29 16:56:03 info: ======= ENV: development =======
2022-10-29 16:56:03 info: 🚀 App listening on the port 3000
2022-10-29 16:56:03 info: =================================
2022-10-29 16:56:10 info: =================================
2022-10-29 16:56:10 info: ======= ENV: development =======
2022-10-29 16:56:10 info: 🚀 App listening on the port 3000
2022-10-29 16:56:10 info: =================================
2022-10-29 16:56:20 info: =================================
2022-10-29 16:56:20 info: ======= ENV: development =======
2022-10-29 16:56:20 info: 🚀 App listening on the port 3000
2022-10-29 16:56:20 info: =================================
2022-10-29 16:56:23 info: =================================
2022-10-29 16:56:23 info: ======= ENV: development =======
2022-10-29 16:56:23 info: 🚀 App listening on the port 3000
2022-10-29 16:56:23 info: =================================
2022-10-29 16:56:34 info: =================================
2022-10-29 16:56:34 info: ======= ENV: development =======
2022-10-29 16:56:34 info: 🚀 App listening on the port 3000
2022-10-29 16:56:34 info: =================================
2022-10-29 16:56:36 info: =================================
2022-10-29 16:56:36 info: ======= ENV: development =======
2022-10-29 16:56:36 info: 🚀 App listening on the port 3000
2022-10-29 16:56:36 info: =================================
2022-10-29 16:56:54 info: =================================
2022-10-29 16:56:54 info: ======= ENV: development =======
2022-10-29 16:56:54 info: 🚀 App listening on the port 3000
2022-10-29 16:56:54 info: =================================
2022-10-29 16:56:57 info: [0mGET /api/v1/docs/ [36m304[0m 9.966 ms - -[0m
2022-10-29 16:56:57 info: [0mGET /api/v1/docs/swagger-ui-bundle.js [36m304[0m 3.634 ms - -[0m
2022-10-29 16:56:57 info: [0mGET /api/v1/docs/swagger-ui-init.js [32m200[0m 1.385 ms - 10827[0m
2022-10-29 16:56:57 info: [0mGET /api/v1/docs/swagger-ui-standalone-preset.js [36m304[0m 7.378 ms - -[0m
2022-10-29 16:56:57 info: [0mGET /api/v1/docs/swagger-ui.css [36m304[0m 2.018 ms - -[0m
2022-10-29 16:58:52 info: =================================
2022-10-29 16:58:52 info: ======= ENV: development =======
2022-10-29 16:58:52 info: 🚀 App listening on the port 3000
2022-10-29 16:58:52 info: =================================
2022-10-29 16:59:06 info: [0mDELETE /api/v1/post/1 [32m200[0m 360.836 ms - 8[0m
2022-10-29 16:59:10 info: [0mDELETE /api/v1/post/asd [33m400[0m 1.566 ms - 36[0m
