2022-11-06 16:41:31 info: =================================
2022-11-06 16:41:31 info: ======= ENV: development =======
2022-11-06 16:41:31 info: 🚀 App listening on the port 3000
2022-11-06 16:41:31 info: =================================
2022-11-06 16:41:31 info: =================================
2022-11-06 16:41:31 info: ======= URL: mongodb:// =======
2022-11-06 16:41:31 info: =================================
2022-11-06 16:42:03 info: =================================
2022-11-06 16:42:03 info: ======= ENV: development =======
2022-11-06 16:42:03 info: 🚀 App listening on the port 3000
2022-11-06 16:42:03 info: =================================
2022-11-06 16:42:03 info: =================================
2022-11-06 16:42:03 info: ======= URL: mongodb:// =======
2022-11-06 16:42:03 info: =================================
2022-11-06 16:43:01 info: =================================
2022-11-06 16:43:01 info: ======= ENV: development =======
2022-11-06 16:43:01 info: 🚀 App listening on the port 3000
2022-11-06 16:43:01 info: =================================
2022-11-06 16:43:01 info: =================================
2022-11-06 16:43:01 info: ======= URL: mongodb:// =======
2022-11-06 16:43:01 info: =================================
2022-11-06 16:45:02 info: =================================
2022-11-06 16:45:02 info: ======= ENV: development =======
2022-11-06 16:45:02 info: 🚀 App listening on the port 3000
2022-11-06 16:45:02 info: =================================
2022-11-06 16:45:02 info: =================================
2022-11-06 16:45:02 info: ======= URL: mongodb:// =======
2022-11-06 16:45:02 info: =================================
2022-11-06 16:45:13 info: =================================
2022-11-06 16:45:13 info: ======= ENV: development =======
2022-11-06 16:45:13 info: 🚀 App listening on the port 3000
2022-11-06 16:45:13 info: =================================
2022-11-06 16:45:13 info: =================================
2022-11-06 16:45:13 info: ======= URL: mongodb:// =======
2022-11-06 16:45:13 info: =================================
2022-11-06 16:45:18 info: =================================
2022-11-06 16:45:18 info: ======= ENV: development =======
2022-11-06 16:45:18 info: 🚀 App listening on the port 3000
2022-11-06 16:45:18 info: =================================
2022-11-06 16:45:18 info: =================================
2022-11-06 16:45:18 info: ======= URL: mongodb:// =======
2022-11-06 16:45:18 info: =================================
2022-11-06 16:46:05 info: [0mPOST /api/v1/users [32m200[0m 52.304 ms - 94[0m
2022-11-06 16:53:52 info: =================================
2022-11-06 16:53:52 info: ======= ENV: development =======
2022-11-06 16:53:52 info: 🚀 App listening on the port 3000
2022-11-06 16:53:52 info: =================================
2022-11-06 16:53:52 info: =================================
2022-11-06 16:53:52 info: ======= URL: mongodb:// =======
2022-11-06 16:53:52 info: =================================
2022-11-06 16:54:48 info: =================================
2022-11-06 16:54:48 info: ======= ENV: development =======
2022-11-06 16:54:48 info: 🚀 App listening on the port 3000
2022-11-06 16:54:48 info: =================================
2022-11-06 16:54:48 info: =================================
2022-11-06 16:54:48 info: ======= URL: mongodb:// =======
2022-11-06 16:54:48 info: =================================
2022-11-06 16:54:51 info: =================================
2022-11-06 16:54:51 info: ======= ENV: development =======
2022-11-06 16:54:51 info: 🚀 App listening on the port 3000
2022-11-06 16:54:51 info: =================================
2022-11-06 16:54:51 info: =================================
2022-11-06 16:54:51 info: ======= URL: mongodb:// =======
2022-11-06 16:54:51 info: =================================
2022-11-06 16:57:44 info: =================================
2022-11-06 16:57:44 info: ======= ENV: development =======
2022-11-06 16:57:44 info: 🚀 App listening on the port 3000
2022-11-06 16:57:44 info: =================================
2022-11-06 16:57:44 info: =================================
2022-11-06 16:57:44 info: ======= URL: mongodb:// =======
2022-11-06 16:57:44 info: =================================
2022-11-06 16:58:12 info: =================================
2022-11-06 16:58:12 info: ======= ENV: development =======
2022-11-06 16:58:12 info: 🚀 App listening on the port 3000
2022-11-06 16:58:12 info: =================================
2022-11-06 16:58:12 info: =================================
2022-11-06 16:58:12 info: ======= URL: mongodb:// =======
2022-11-06 16:58:12 info: =================================
2022-11-06 16:58:20 info: =================================
2022-11-06 16:58:20 info: ======= ENV: development =======
2022-11-06 16:58:20 info: 🚀 App listening on the port 3000
2022-11-06 16:58:20 info: =================================
2022-11-06 16:58:20 info: =================================
2022-11-06 16:58:20 info: ======= URL: mongodb:// =======
2022-11-06 16:58:20 info: =================================
2022-11-06 17:00:41 info: =================================
2022-11-06 17:00:41 info: ======= ENV: development =======
2022-11-06 17:00:41 info: 🚀 App listening on the port 3000
2022-11-06 17:00:41 info: =================================
2022-11-06 17:00:41 info: =================================
2022-11-06 17:00:41 info: ======= URL: mongodb:// =======
2022-11-06 17:00:41 info: =================================
2022-11-06 17:14:52 info: =================================
2022-11-06 17:14:52 info: ======= ENV: development =======
2022-11-06 17:14:52 info: 🚀 App listening on the port 3000
2022-11-06 17:14:52 info: =================================
2022-11-06 17:14:52 info: =================================
2022-11-06 17:14:52 info: ======= URL: mongodb:// =======
2022-11-06 17:14:52 info: =================================
2022-11-06 17:15:00 info: [0mGET /api/v1/ticket [32m200[0m 6.879 ms - 2[0m
2022-11-06 17:18:05 info: [0mPOST /api/v1/ticket [32m200[0m 27.117 ms - 2[0m
2022-11-06 17:18:27 info: =================================
2022-11-06 17:18:27 info: ======= ENV: development =======
2022-11-06 17:18:27 info: 🚀 App listening on the port 3000
2022-11-06 17:18:27 info: =================================
2022-11-06 17:18:27 info: =================================
2022-11-06 17:18:27 info: ======= URL: mongodb:// =======
2022-11-06 17:18:27 info: =================================
2022-11-06 17:18:30 info: [0mPOST /api/v1/ticket [32m200[0m 21.174 ms - 2[0m
2022-11-06 17:18:37 info: [0mPOST /api/v1/ticket [32m200[0m 3.177 ms - 2[0m
2022-11-06 17:19:27 info: =================================
2022-11-06 17:19:27 info: ======= ENV: development =======
2022-11-06 17:19:27 info: 🚀 App listening on the port 3000
2022-11-06 17:19:27 info: =================================
2022-11-06 17:19:27 info: =================================
2022-11-06 17:19:27 info: ======= URL: mongodb:// =======
2022-11-06 17:19:27 info: =================================
2022-11-06 17:21:58 info: =================================
2022-11-06 17:21:58 info: ======= ENV: development =======
2022-11-06 17:21:58 info: 🚀 App listening on the port 3000
2022-11-06 17:21:58 info: =================================
2022-11-06 17:21:58 info: =================================
2022-11-06 17:21:58 info: ======= URL: mongodb:// =======
2022-11-06 17:21:58 info: =================================
2022-11-06 17:22:03 info: =================================
2022-11-06 17:22:03 info: ======= ENV: development =======
2022-11-06 17:22:03 info: 🚀 App listening on the port 3000
2022-11-06 17:22:03 info: =================================
2022-11-06 17:22:03 info: =================================
2022-11-06 17:22:03 info: ======= URL: mongodb:// =======
2022-11-06 17:22:03 info: =================================
2022-11-06 17:22:18 info: [0mPOST /api/v1/ticket [32m200[0m 39.578 ms - 172[0m
2022-11-06 17:25:43 info: =================================
2022-11-06 17:25:43 info: ======= ENV: development =======
2022-11-06 17:25:43 info: 🚀 App listening on the port 3000
2022-11-06 17:25:43 info: =================================
2022-11-06 17:25:43 info: =================================
2022-11-06 17:25:43 info: ======= URL: mongodb:// =======
2022-11-06 17:25:43 info: =================================
2022-11-06 17:26:15 info: [0mPOST /api/v1/ticket [32m200[0m 36.390 ms - 171[0m
2022-11-06 17:26:41 info: [0mPOST /api/v1/ticket [32m200[0m 8.432 ms - 167[0m
2022-11-06 17:27:11 info: =================================
2022-11-06 17:27:11 info: ======= ENV: development =======
2022-11-06 17:27:11 info: 🚀 App listening on the port 3000
2022-11-06 17:27:11 info: =================================
2022-11-06 17:27:11 info: =================================
2022-11-06 17:27:11 info: ======= URL: mongodb:// =======
2022-11-06 17:27:11 info: =================================
2022-11-06 17:29:20 info: =================================
2022-11-06 17:29:20 info: ======= ENV: development =======
2022-11-06 17:29:20 info: 🚀 App listening on the port 3000
2022-11-06 17:29:20 info: =================================
2022-11-06 17:29:20 info: =================================
2022-11-06 17:29:20 info: ======= URL: mongodb:// =======
2022-11-06 17:29:20 info: =================================
2022-11-06 17:29:40 info: [0mGET /api/v1/ticket [32m200[0m 16.355 ms - 2[0m
2022-11-06 17:32:03 info: =================================
2022-11-06 17:32:03 info: ======= ENV: development =======
2022-11-06 17:32:03 info: 🚀 App listening on the port 3000
2022-11-06 17:32:03 info: =================================
2022-11-06 17:32:03 info: =================================
2022-11-06 17:32:03 info: ======= URL: mongodb:// =======
2022-11-06 17:32:03 info: =================================
2022-11-06 17:32:09 info: =================================
2022-11-06 17:32:09 info: ======= ENV: development =======
2022-11-06 17:32:09 info: 🚀 App listening on the port 3000
2022-11-06 17:32:09 info: =================================
2022-11-06 17:32:09 info: =================================
2022-11-06 17:32:09 info: ======= URL: mongodb:// =======
2022-11-06 17:32:09 info: =================================
2022-11-06 17:32:25 info: [0mGET /api/v1/ticket [32m200[0m 9.660 ms - 2[0m
2022-11-06 17:32:36 info: [0mGET /api/v1/ticket [32m200[0m 2.236 ms - 2[0m
2022-11-06 17:32:38 info: =================================
2022-11-06 17:32:38 info: ======= ENV: development =======
2022-11-06 17:32:38 info: 🚀 App listening on the port 3000
2022-11-06 17:32:38 info: =================================
2022-11-06 17:32:38 info: =================================
2022-11-06 17:32:38 info: ======= URL: mongodb:// =======
2022-11-06 17:32:38 info: =================================
2022-11-06 17:32:54 info: =================================
2022-11-06 17:32:54 info: ======= ENV: development =======
2022-11-06 17:32:54 info: 🚀 App listening on the port 3000
2022-11-06 17:32:54 info: =================================
2022-11-06 17:32:54 info: =================================
2022-11-06 17:32:54 info: ======= URL: mongodb:// =======
2022-11-06 17:32:54 info: =================================
2022-11-06 17:33:17 info: =================================
2022-11-06 17:33:17 info: ======= ENV: development =======
2022-11-06 17:33:17 info: 🚀 App listening on the port 3000
2022-11-06 17:33:17 info: =================================
2022-11-06 17:33:17 info: =================================
2022-11-06 17:33:17 info: ======= URL: mongodb:// =======
2022-11-06 17:33:17 info: =================================
2022-11-06 17:33:38 info: =================================
2022-11-06 17:33:38 info: ======= ENV: development =======
2022-11-06 17:33:38 info: 🚀 App listening on the port 3000
2022-11-06 17:33:38 info: =================================
2022-11-06 17:33:38 info: =================================
2022-11-06 17:33:38 info: ======= URL: mongodb:// =======
2022-11-06 17:33:38 info: =================================
2022-11-06 17:33:43 info: =================================
2022-11-06 17:33:43 info: ======= ENV: development =======
2022-11-06 17:33:43 info: 🚀 App listening on the port 3000
2022-11-06 17:33:43 info: =================================
2022-11-06 17:33:43 info: =================================
2022-11-06 17:33:43 info: ======= URL: mongodb:// =======
2022-11-06 17:33:43 info: =================================
2022-11-06 17:34:03 info: [0mGET /api/v1/ticket [32m200[0m 21.875 ms - 514[0m
2022-11-06 17:34:30 info: =================================
2022-11-06 17:34:30 info: ======= ENV: development =======
2022-11-06 17:34:30 info: 🚀 App listening on the port 3000
2022-11-06 17:34:30 info: =================================
2022-11-06 17:34:30 info: =================================
2022-11-06 17:34:30 info: ======= URL: mongodb:// =======
2022-11-06 17:34:30 info: =================================
2022-11-06 17:34:39 info: =================================
2022-11-06 17:34:39 info: ======= ENV: development =======
2022-11-06 17:34:39 info: 🚀 App listening on the port 3000
2022-11-06 17:34:39 info: =================================
2022-11-06 17:34:40 info: =================================
2022-11-06 17:34:40 info: ======= URL: mongodb:// =======
2022-11-06 17:34:40 info: =================================
2022-11-06 17:35:43 info: =================================
2022-11-06 17:35:43 info: ======= ENV: development =======
2022-11-06 17:35:43 info: 🚀 App listening on the port 3000
2022-11-06 17:35:43 info: =================================
2022-11-06 17:35:43 info: =================================
2022-11-06 17:35:43 info: ======= URL: mongodb:// =======
2022-11-06 17:35:43 info: =================================
2022-11-06 17:35:52 info: =================================
2022-11-06 17:35:52 info: ======= ENV: development =======
2022-11-06 17:35:52 info: 🚀 App listening on the port 3000
2022-11-06 17:35:52 info: =================================
2022-11-06 17:35:52 info: =================================
2022-11-06 17:35:52 info: ======= URL: mongodb:// =======
2022-11-06 17:35:52 info: =================================
2022-11-06 17:36:03 info: =================================
2022-11-06 17:36:03 info: ======= ENV: development =======
2022-11-06 17:36:03 info: 🚀 App listening on the port 3000
2022-11-06 17:36:03 info: =================================
2022-11-06 17:36:03 info: =================================
2022-11-06 17:36:03 info: ======= URL: mongodb:// =======
2022-11-06 17:36:03 info: =================================
2022-11-06 17:36:22 info: =================================
2022-11-06 17:36:22 info: ======= ENV: development =======
2022-11-06 17:36:22 info: 🚀 App listening on the port 3000
2022-11-06 17:36:22 info: =================================
2022-11-06 17:36:22 info: =================================
2022-11-06 17:36:22 info: ======= URL: mongodb:// =======
2022-11-06 17:36:22 info: =================================
2022-11-06 17:38:16 info: =================================
2022-11-06 17:38:16 info: ======= ENV: development =======
2022-11-06 17:38:16 info: 🚀 App listening on the port 3000
2022-11-06 17:38:16 info: =================================
2022-11-06 17:38:16 info: =================================
2022-11-06 17:38:16 info: ======= URL: mongodb:// =======
2022-11-06 17:38:16 info: =================================
2022-11-06 17:38:39 info: =================================
2022-11-06 17:38:39 info: ======= ENV: development =======
2022-11-06 17:38:39 info: 🚀 App listening on the port 3000
2022-11-06 17:38:39 info: =================================
2022-11-06 17:38:39 info: =================================
2022-11-06 17:38:39 info: ======= URL: mongodb:// =======
2022-11-06 17:38:39 info: =================================
2022-11-06 17:39:48 info: [0mPOST /api/v1/ticket [32m200[0m 39.951 ms - 175[0m
2022-11-06 17:40:04 info: [0mGET /api/v1/ticket [32m200[0m 19.570 ms - 690[0m
2022-11-06 17:40:36 info: =================================
2022-11-06 17:40:36 info: ======= ENV: development =======
2022-11-06 17:40:36 info: 🚀 App listening on the port 3000
2022-11-06 17:40:36 info: =================================
2022-11-06 17:40:36 info: =================================
2022-11-06 17:40:36 info: ======= URL: mongodb:// =======
2022-11-06 17:40:36 info: =================================
2022-11-06 17:47:38 info: =================================
2022-11-06 17:47:38 info: ======= ENV: development =======
2022-11-06 17:47:38 info: 🚀 App listening on the port 3000
2022-11-06 17:47:38 info: =================================
2022-11-06 17:47:38 info: =================================
2022-11-06 17:47:38 info: ======= URL: mongodb:// =======
2022-11-06 17:47:38 info: =================================
2022-11-06 17:48:22 info: =================================
2022-11-06 17:48:22 info: ======= ENV: development =======
2022-11-06 17:48:22 info: 🚀 App listening on the port 3000
2022-11-06 17:48:22 info: =================================
2022-11-06 17:48:22 info: =================================
2022-11-06 17:48:22 info: ======= URL: mongodb:// =======
2022-11-06 17:48:22 info: =================================
2022-11-06 17:48:28 info: [0mGET /api/v1/ticket/6367e354619c16121f43c676 [32m200[0m 25.822 ms - 175[0m
2022-11-06 17:50:01 info: =================================
2022-11-06 17:50:01 info: ======= ENV: development =======
2022-11-06 17:50:01 info: 🚀 App listening on the port 3000
2022-11-06 17:50:01 info: =================================
2022-11-06 17:50:01 info: =================================
2022-11-06 17:50:01 info: ======= URL: mongodb:// =======
2022-11-06 17:50:01 info: =================================
2022-11-06 17:50:05 info: [0mGET /api/v1/ticket/6367e354619c16121f43c676 [32m200[0m 28.145 ms - 175[0m
2022-11-06 17:50:41 info: =================================
2022-11-06 17:50:41 info: ======= ENV: development =======
2022-11-06 17:50:41 info: 🚀 App listening on the port 3000
2022-11-06 17:50:41 info: =================================
2022-11-06 17:50:41 info: =================================
2022-11-06 17:50:41 info: ======= URL: mongodb:// =======
2022-11-06 17:50:41 info: =================================
2022-11-06 17:50:57 info: =================================
2022-11-06 17:50:57 info: ======= ENV: development =======
2022-11-06 17:50:57 info: 🚀 App listening on the port 3000
2022-11-06 17:50:57 info: =================================
2022-11-06 17:50:57 info: =================================
2022-11-06 17:50:57 info: ======= URL: mongodb:// =======
2022-11-06 17:50:57 info: =================================
2022-11-06 17:52:13 info: =================================
2022-11-06 17:52:13 info: ======= ENV: development =======
2022-11-06 17:52:13 info: 🚀 App listening on the port 3000
2022-11-06 17:52:13 info: =================================
2022-11-06 17:52:13 info: =================================
2022-11-06 17:52:13 info: ======= URL: mongodb:// =======
2022-11-06 17:52:13 info: =================================
2022-11-06 18:00:21 info: =================================
2022-11-06 18:00:21 info: ======= ENV: development =======
2022-11-06 18:00:21 info: 🚀 App listening on the port 3000
2022-11-06 18:00:21 info: =================================
2022-11-06 18:00:21 info: =================================
2022-11-06 18:00:21 info: ======= URL: mongodb:// =======
2022-11-06 18:00:21 info: =================================
2022-11-06 18:00:34 info: [0mPOST /api/v1/ticket [32m200[0m 40.745 ms - 178[0m
2022-11-06 18:00:48 info: [0mPOST /api/v1/ticket [32m200[0m 10.859 ms - 185[0m
2022-11-06 18:00:54 info: [0mGET /api/v1/ticket [32m200[0m 17.865 ms - 1055[0m
2022-11-06 18:01:12 info: [0mGET /api/v1/ticket/6367e8404958379dabc4505b [32m200[0m 8.290 ms - 185[0m
2022-11-06 18:01:38 info: [0mDELETE /api/v1/ticket/6367e8404958379dabc4505b [33m404[0m 3.246 ms - 180[0m
2022-11-06 18:02:03 info: =================================
2022-11-06 18:02:03 info: ======= ENV: development =======
2022-11-06 18:02:03 info: 🚀 App listening on the port 3000
2022-11-06 18:02:03 info: =================================
2022-11-06 18:02:03 info: =================================
2022-11-06 18:02:03 info: ======= URL: mongodb:// =======
2022-11-06 18:02:03 info: =================================
2022-11-06 18:02:20 info: [0mDELETE /api/v1/ticket/6367e8404958379dabc4505b [32m200[0m 31.571 ms - 185[0m
2022-11-06 18:02:27 info: [0mGET /api/v1/ticket [32m200[0m 12.455 ms - 869[0m
2022-11-06 18:02:38 info: [0mGET /api/v1/ticket/6367e8404958379dabc4505b [32m200[0m 7.503 ms - 4[0m
2022-11-06 18:03:12 info: [0mPOST /api/v1/ticket [32m200[0m 29.822 ms - 185[0m
2022-11-06 18:03:22 info: [0mGET /api/v1/ticket/6367e8d0b6a2f7d21af124f3 [32m200[0m 5.960 ms - 185[0m
2022-11-06 18:05:18 info: =================================
2022-11-06 18:05:18 info: ======= ENV: development =======
2022-11-06 18:05:18 info: 🚀 App listening on the port 3000
2022-11-06 18:05:18 info: =================================
2022-11-06 18:05:18 info: =================================
2022-11-06 18:05:18 info: ======= URL: mongodb:// =======
2022-11-06 18:05:18 info: =================================
2022-11-06 18:05:21 info: =================================
2022-11-06 18:05:21 info: ======= ENV: development =======
2022-11-06 18:05:21 info: 🚀 App listening on the port 3000
2022-11-06 18:05:21 info: =================================
2022-11-06 18:05:21 info: =================================
2022-11-06 18:05:21 info: ======= URL: mongodb:// =======
2022-11-06 18:05:21 info: =================================
2022-11-06 18:05:25 info: =================================
2022-11-06 18:05:25 info: ======= ENV: development =======
2022-11-06 18:05:25 info: 🚀 App listening on the port 3000
2022-11-06 18:05:25 info: =================================
2022-11-06 18:05:25 info: =================================
2022-11-06 18:05:25 info: ======= URL: mongodb:// =======
2022-11-06 18:05:25 info: =================================
2022-11-06 18:05:31 info: =================================
2022-11-06 18:05:31 info: ======= ENV: development =======
2022-11-06 18:05:31 info: 🚀 App listening on the port 3000
2022-11-06 18:05:31 info: =================================
2022-11-06 18:05:31 info: =================================
2022-11-06 18:05:31 info: ======= URL: mongodb:// =======
2022-11-06 18:05:31 info: =================================
2022-11-06 18:21:47 info: =================================
2022-11-06 18:21:47 info: ======= ENV: development =======
2022-11-06 18:21:47 info: 🚀 App listening on the port 3000
2022-11-06 18:21:47 info: =================================
2022-11-06 18:21:47 info: =================================
2022-11-06 18:21:47 info: ======= URL: mongodb:// =======
2022-11-06 18:21:47 info: =================================
2022-11-06 18:21:53 info: [0mGET /api/v1/ticket/6367e8d0b6a2f7d21af124f3 [32m200[0m 52.491 ms - 185[0m
2022-11-06 18:22:49 info: [0mPUT /api/v1/ticket/6367e8d0b6a2f7d21af124f3 [32m200[0m 57.745 ms - 185[0m
2022-11-06 18:23:04 info: [0mGET /api/v1/ticket/6367e8d0b6a2f7d21af124f3 [32m200[0m 6.356 ms - 193[0m
2022-11-06 18:23:48 info: =================================
2022-11-06 18:23:48 info: ======= ENV: development =======
2022-11-06 18:23:48 info: 🚀 App listening on the port 3000
2022-11-06 18:23:48 info: =================================
2022-11-06 18:23:48 info: =================================
2022-11-06 18:23:48 info: ======= URL: mongodb:// =======
2022-11-06 18:23:48 info: =================================
2022-11-06 18:24:56 info: =================================
2022-11-06 18:24:56 info: ======= ENV: development =======
2022-11-06 18:24:56 info: 🚀 App listening on the port 3000
2022-11-06 18:24:56 info: =================================
2022-11-06 18:24:56 info: =================================
2022-11-06 18:24:56 info: ======= URL: mongodb:// =======
2022-11-06 18:24:56 info: =================================
2022-11-06 18:25:05 info: =================================
2022-11-06 18:25:05 info: ======= ENV: development =======
2022-11-06 18:25:05 info: 🚀 App listening on the port 3000
2022-11-06 18:25:05 info: =================================
2022-11-06 18:25:05 info: =================================
2022-11-06 18:25:05 info: ======= URL: mongodb:// =======
2022-11-06 18:25:05 info: =================================
2022-11-06 18:25:23 info: [0mPUT /api/v1/ticket/6367e8d0b6a2f7d21af124f3 [32m200[0m 48.594 ms - 204[0m
2022-11-06 18:25:53 info: [0mPUT /api/v1/ticket/6367e8d0b6a2f7d21af124f3 [32m200[0m 19.928 ms - 204[0m
2022-11-06 18:26:05 info: [0mPUT /api/v1/ticket/6367e8d0b6a2f7d21af124f3 [32m200[0m 10.882 ms - 187[0m
2022-11-06 18:26:23 info: [0mPUT /api/v1/ticket/6367e8d0b6a2f7d21af124f3 [32m200[0m 10.766 ms - 208[0m
2022-11-06 18:36:43 info: =================================
2022-11-06 18:36:43 info: ======= ENV: development =======
2022-11-06 18:36:43 info: 🚀 App listening on the port 3000
2022-11-06 18:36:43 info: =================================
2022-11-06 18:36:46 info: =================================
2022-11-06 18:36:46 info: ======= ENV: development =======
2022-11-06 18:36:46 info: 🚀 App listening on the port 3000
2022-11-06 18:36:46 info: =================================
2022-11-06 18:36:46 info: =================================
2022-11-06 18:36:46 info: ======= URL: mongodb:// =======
2022-11-06 18:36:46 info: =================================
2022-11-06 18:38:18 info: [0mPOST /api/v1/ticket [33m404[0m 27.444 ms - 34[0m
2022-11-06 18:39:35 info: [0mPOST /api/v1/ticket [32m200[0m 41.747 ms - 179[0m
2022-11-06 18:40:47 error: [POST] /api/v1/ticket >> StatusCode:: 400, Message:: Unexpected token } in JSON at position 36
2022-11-06 18:40:47 info: [0mPOST /api/v1/ticket [33m400[0m 9.345 ms - 55[0m
