2023-03-20 17:48:52 info: =================================
2023-03-20 17:48:52 info: ======= ENV: development =======
2023-03-20 17:48:52 info: 🚀 App listening on the port 3000
2023-03-20 17:48:52 info: =================================
2023-03-20 17:55:45 info: =================================
2023-03-20 17:55:45 info: ======= ENV: development =======
2023-03-20 17:55:45 info: 🚀 App listening on the port 3000
2023-03-20 17:55:45 info: =================================
2023-03-20 18:09:05 info: =================================
2023-03-20 18:09:05 info: ======= ENV: development =======
2023-03-20 18:09:05 info: 🚀 App listening on the port 3000
2023-03-20 18:09:05 info: =================================
2023-03-20 18:14:00 info: =================================
2023-03-20 18:14:00 info: ======= ENV: development =======
2023-03-20 18:14:00 info: 🚀 App listening on the port 3000
2023-03-20 18:14:00 info: =================================
2023-03-20 18:35:43 info: =================================
2023-03-20 18:35:43 info: ======= ENV: development =======
2023-03-20 18:35:43 info: 🚀 App listening on the port 3000
2023-03-20 18:35:43 info: =================================
2023-03-20 18:36:20 info: =================================
2023-03-20 18:36:20 info: ======= ENV: development =======
2023-03-20 18:36:20 info: 🚀 App listening on the port 3000
2023-03-20 18:36:20 info: =================================
2023-03-20 18:37:24 info: =================================
2023-03-20 18:37:24 info: ======= ENV: development =======
2023-03-20 18:37:24 info: 🚀 App listening on the port 3000
2023-03-20 18:37:24 info: =================================
2023-03-20 18:37:28 info: [0mGET /api/v1/alive [32m200[0m 7.172 ms - 47[0m
2023-03-20 18:38:21 info: =================================
2023-03-20 18:38:21 info: ======= ENV: development =======
2023-03-20 18:38:21 info: 🚀 App listening on the port 3000
2023-03-20 18:38:21 info: =================================
2023-03-20 18:40:19 info: =================================
2023-03-20 18:40:19 info: ======= ENV: development =======
2023-03-20 18:40:19 info: 🚀 App listening on the port 3000
2023-03-20 18:40:19 info: =================================
2023-03-20 18:40:29 info: [0mPOST /api/v1/users [32m200[0m 88.481 ms - 270[0m
2023-03-20 18:44:54 info: [0mPOST /api/v1/users [32m200[0m 22.124 ms - 277[0m
2023-03-20 18:46:59 info: [0mGET /api/v1/users [32m200[0m 8.439 ms - 550[0m
2023-03-20 18:47:13 info: [0mGET /api/v1/users [32m200[0m 4.338 ms - 550[0m
2023-03-20 18:47:13 info: [0mGET /favicon.ico [33m404[0m 5.535 ms - 150[0m
2023-03-20 18:50:21 info: [0mGET /api/v1/users/2 [32m200[0m 11.190 ms - 277[0m
2023-03-20 18:51:39 info: [0mPUT /api/v1/users/2 [32m200[0m 24.728 ms - 277[0m
2023-03-20 18:51:53 info: [0mGET /api/v1/users/2 [32m200[0m 4.995 ms - 285[0m
2023-03-20 18:52:29 info: [0mDELETE /api/v1/users/2 [32m200[0m 7.522 ms - 285[0m
2023-03-20 18:52:36 info: [0mGET /api/v1/users [32m200[0m 5.017 ms - 272[0m
2023-03-20 18:53:27 info: =================================
2023-03-20 18:53:27 info: ======= ENV: development =======
2023-03-20 18:53:27 info: 🚀 App listening on the port 3000
2023-03-20 18:53:27 info: =================================
2023-03-20 18:54:19 info: =================================
2023-03-20 18:54:19 info: ======= ENV: development =======
2023-03-20 18:54:19 info: 🚀 App listening on the port 3000
2023-03-20 18:54:19 info: =================================
2023-03-20 18:54:27 info: =================================
2023-03-20 18:54:27 info: ======= ENV: development =======
2023-03-20 18:54:27 info: 🚀 App listening on the port 3000
2023-03-20 18:54:27 info: =================================
2023-03-20 18:56:58 info: =================================
2023-03-20 18:56:58 info: ======= ENV: development =======
2023-03-20 18:56:58 info: 🚀 App listening on the port 3000
2023-03-20 18:56:58 info: =================================
2023-03-20 18:57:00 info: [0mGET /api/v1/users/2 [32m200[0m 16.995 ms - 4[0m
2023-03-20 18:57:57 info: =================================
2023-03-20 18:57:57 info: ======= ENV: development =======
2023-03-20 18:57:57 info: 🚀 App listening on the port 3000
2023-03-20 18:57:57 info: =================================
2023-03-20 18:58:02 info: =================================
2023-03-20 18:58:02 info: ======= ENV: development =======
2023-03-20 18:58:02 info: 🚀 App listening on the port 3000
2023-03-20 18:58:02 info: =================================
2023-03-20 18:59:32 info: [0mGET /api/v1/users/2 [32m200[0m 26.467 ms - 4[0m
2023-03-20 18:59:37 info: [0mGET /api/v1/users/1 [32m200[0m 12.026 ms - 270[0m
2023-03-20 18:59:45 info: =================================
2023-03-20 18:59:45 info: ======= ENV: development =======
2023-03-20 18:59:45 info: 🚀 App listening on the port 3000
2023-03-20 18:59:45 info: =================================
2023-03-20 18:59:47 info: [0mGET /api/v1/users/1 [32m200[0m 19.509 ms - 270[0m
2023-03-20 19:00:01 info: =================================
2023-03-20 19:00:01 info: ======= ENV: development =======
2023-03-20 19:00:01 info: 🚀 App listening on the port 3000
2023-03-20 19:00:01 info: =================================
2023-03-20 19:00:04 info: [0mGET /api/v1/users/1 [32m200[0m 28.079 ms - 270[0m
2023-03-20 19:01:16 info: [0mGET /api/v1/users/1 [32m200[0m 6.941 ms - 270[0m
2023-03-20 19:06:14 info: =================================
2023-03-20 19:06:14 info: ======= ENV: development =======
2023-03-20 19:06:14 info: 🚀 App listening on the port 3000
2023-03-20 19:06:14 info: =================================
2023-03-20 19:06:18 info: [0mGET /api/v1/users/1 [32m200[0m 26.053 ms - 270[0m
2023-03-20 19:06:38 info: =================================
2023-03-20 19:06:38 info: ======= ENV: development =======
2023-03-20 19:06:38 info: 🚀 App listening on the port 3000
2023-03-20 19:06:38 info: =================================
2023-03-20 19:06:41 info: =================================
2023-03-20 19:06:41 info: ======= ENV: development =======
2023-03-20 19:06:41 info: 🚀 App listening on the port 3000
2023-03-20 19:06:41 info: =================================
2023-03-20 19:06:44 info: [0mGET /api/v1/users/1 [32m200[0m 22.273 ms - 270[0m
2023-03-20 19:06:52 info: [0mGET /api/v1/users/1 [32m200[0m 7.280 ms - 270[0m
2023-03-20 19:06:59 info: [0mPOST /api/v1/users [32m200[0m 32.596 ms - 277[0m
2023-03-20 19:07:04 info: [0mGET /api/v1/users/2 [32m200[0m 5.455 ms - 4[0m
2023-03-20 19:07:07 info: [0mGET /api/v1/users [32m200[0m 6.495 ms - 550[0m
2023-03-20 19:07:17 info: [0mGET /api/v1/users/3 [32m200[0m 8.513 ms - 277[0m
2023-03-20 19:07:26 info: =================================
2023-03-20 19:07:26 info: ======= ENV: development =======
2023-03-20 19:07:26 info: 🚀 App listening on the port 3000
2023-03-20 19:07:26 info: =================================
2023-03-20 19:15:36 info: =================================
2023-03-20 19:15:36 info: ======= ENV: development =======
2023-03-20 19:15:36 info: 🚀 App listening on the port 3000
2023-03-20 19:15:36 info: =================================
2023-03-20 19:15:40 info: =================================
2023-03-20 19:15:40 info: ======= ENV: development =======
2023-03-20 19:15:40 info: 🚀 App listening on the port 3000
2023-03-20 19:15:40 info: =================================
2023-03-20 19:15:55 info: [0mPUT /api/v1/users/3 [32m200[0m 56.021 ms - 42[0m
2023-03-20 19:18:25 info: =================================
2023-03-20 19:18:25 info: ======= ENV: development =======
2023-03-20 19:18:25 info: 🚀 App listening on the port 3000
2023-03-20 19:18:25 info: =================================
2023-03-20 19:18:29 info: =================================
2023-03-20 19:18:29 info: ======= ENV: development =======
2023-03-20 19:18:29 info: 🚀 App listening on the port 3000
2023-03-20 19:18:29 info: =================================
2023-03-20 19:18:31 info: [0mGET /api/v1/users [32m200[0m 18.205 ms - 552[0m
