2023-04-05 15:45:42 info: =================================
2023-04-05 15:45:42 info: ======= ENV: development =======
2023-04-05 15:45:42 info: 🚀 App listening on the port 3000
2023-04-05 15:45:42 info: =================================
2023-04-05 15:45:45 info: [0mPOST /api/v1/users [32m200[0m 44.805 ms - 327[0m
2023-04-05 15:46:41 info: [0mPOST /api/v1/users [32m200[0m 14.121 ms - 332[0m
2023-04-05 15:49:57 info: [0mPOST /api/v1/users [31m500[0m 3.180 ms - 79[0m
2023-04-05 15:51:27 info: =================================
2023-04-05 15:51:27 info: ======= ENV: development =======
2023-04-05 15:51:27 info: 🚀 App listening on the port 3000
2023-04-05 15:51:27 info: =================================
2023-04-05 15:51:30 info: =================================
2023-04-05 15:51:30 info: ======= ENV: development =======
2023-04-05 15:51:30 info: 🚀 App listening on the port 3000
2023-04-05 15:51:30 info: =================================
2023-04-05 15:51:35 info: =================================
2023-04-05 15:51:35 info: ======= ENV: development =======
2023-04-05 15:51:35 info: 🚀 App listening on the port 3000
2023-04-05 15:51:35 info: =================================
2023-04-05 15:51:37 info: =================================
2023-04-05 15:51:37 info: ======= ENV: development =======
2023-04-05 15:51:37 info: 🚀 App listening on the port 3000
2023-04-05 15:51:37 info: =================================
2023-04-05 15:51:40 info: =================================
2023-04-05 15:51:40 info: ======= ENV: development =======
2023-04-05 15:51:40 info: 🚀 App listening on the port 3000
2023-04-05 15:51:40 info: =================================
2023-04-05 15:51:47 info: =================================
2023-04-05 15:51:47 info: ======= ENV: development =======
2023-04-05 15:51:47 info: 🚀 App listening on the port 3000
2023-04-05 15:51:47 info: =================================
2023-04-05 15:51:52 info: [0mPOST /api/v1/users [33m400[0m 20.992 ms - 78[0m
2023-04-05 15:52:46 info: =================================
2023-04-05 15:52:46 info: ======= ENV: development =======
2023-04-05 15:52:46 info: 🚀 App listening on the port 3000
2023-04-05 15:52:46 info: =================================
2023-04-05 15:54:42 info: [0mPOST /api/v1/categories [32m200[0m 59.692 ms - 110[0m
2023-04-05 15:55:08 info: =================================
2023-04-05 15:55:08 info: ======= ENV: development =======
2023-04-05 15:55:08 info: 🚀 App listening on the port 3000
2023-04-05 15:55:08 info: =================================
2023-04-05 15:56:27 info: [0mPOST /api/v1/products [32m200[0m 80.660 ms - 157[0m
2023-04-05 15:56:46 info: =================================
2023-04-05 15:56:46 info: ======= ENV: development =======
2023-04-05 15:56:46 info: 🚀 App listening on the port 3000
2023-04-05 15:56:46 info: =================================
2023-04-05 15:57:04 info: [0mPOST /api/v1/products [32m200[0m 213.476 ms - 159[0m
2023-04-05 16:07:04 info: [0mPOST /api/v1/customers [32m200[0m 27.009 ms - 206[0m
2023-04-05 16:07:59 info: [0mPOST /api/v1/purchase [32m200[0m 14.640 ms - 185[0m
2023-04-05 16:10:36 info: =================================
2023-04-05 16:10:36 info: ======= ENV: development =======
2023-04-05 16:10:36 info: 🚀 App listening on the port 3000
2023-04-05 16:10:36 info: =================================
2023-04-05 16:10:44 info: [0mPOST /api/v1/purchase-products [33m400[0m 21.055 ms - 84[0m
2023-04-05 16:11:21 info: =================================
2023-04-05 16:11:21 info: ======= ENV: development =======
2023-04-05 16:11:21 info: 🚀 App listening on the port 3000
2023-04-05 16:11:21 info: =================================
2023-04-05 16:11:29 info: [0mPOST /api/v1/purchase-products [0m-[0m - ms - -[0m
2023-04-05 16:12:04 info: =================================
2023-04-05 16:12:04 info: ======= ENV: development =======
2023-04-05 16:12:04 info: 🚀 App listening on the port 3000
2023-04-05 16:12:04 info: =================================
2023-04-05 16:12:14 info: =================================
2023-04-05 16:12:14 info: ======= ENV: development =======
2023-04-05 16:12:14 info: 🚀 App listening on the port 3000
2023-04-05 16:12:14 info: =================================
2023-04-05 16:12:18 info: =================================
2023-04-05 16:12:18 info: ======= ENV: development =======
2023-04-05 16:12:18 info: 🚀 App listening on the port 3000
2023-04-05 16:12:18 info: =================================
2023-04-05 16:12:37 info: =================================
2023-04-05 16:12:37 info: ======= ENV: development =======
2023-04-05 16:12:37 info: 🚀 App listening on the port 3000
2023-04-05 16:12:37 info: =================================
2023-04-05 16:12:42 info: [0mPOST /api/v1/purchase-products [0m-[0m - ms - -[0m
2023-04-05 16:13:05 info: =================================
2023-04-05 16:13:05 info: ======= ENV: development =======
2023-04-05 16:13:05 info: 🚀 App listening on the port 3000
2023-04-05 16:13:05 info: =================================
2023-04-05 16:13:55 info: =================================
2023-04-05 16:13:55 info: ======= ENV: development =======
2023-04-05 16:13:55 info: 🚀 App listening on the port 3000
2023-04-05 16:13:55 info: =================================
2023-04-05 16:14:06 info: =================================
2023-04-05 16:14:06 info: ======= ENV: development =======
2023-04-05 16:14:06 info: 🚀 App listening on the port 3000
2023-04-05 16:14:06 info: =================================
2023-04-05 16:14:36 info: [0mPOST /api/v1/purchase-products [0m-[0m - ms - -[0m
2023-04-05 16:15:04 info: =================================
2023-04-05 16:15:04 info: ======= ENV: development =======
2023-04-05 16:15:04 info: 🚀 App listening on the port 3000
2023-04-05 16:15:04 info: =================================
2023-04-05 16:17:03 info: =================================
2023-04-05 16:17:03 info: ======= ENV: development =======
2023-04-05 16:17:03 info: 🚀 App listening on the port 3000
2023-04-05 16:17:03 info: =================================
2023-04-05 16:17:17 info: [0mPOST /api/v1/purchase-products [0m-[0m - ms - -[0m
2023-04-05 16:21:47 info: =================================
2023-04-05 16:21:47 info: ======= ENV: development =======
2023-04-05 16:21:47 info: 🚀 App listening on the port 3000
2023-04-05 16:21:47 info: =================================
2023-04-05 16:21:53 info: [0mPOST /api/v1/purchase-products [32m200[0m 83.128 ms - 154[0m
2023-04-05 16:23:13 info: =================================
2023-04-05 16:23:13 info: ======= ENV: development =======
2023-04-05 16:23:13 info: 🚀 App listening on the port 3000
2023-04-05 16:23:13 info: =================================
2023-04-05 16:23:15 info: =================================
2023-04-05 16:23:15 info: ======= ENV: development =======
2023-04-05 16:23:15 info: 🚀 App listening on the port 3000
2023-04-05 16:23:15 info: =================================
2023-04-05 16:24:48 info: [0mGET /api/v1/users/aae8594b-913a-45d3-a77d-16f9e5d8288c [32m200[0m 17.876 ms - 312[0m
2023-04-05 16:25:11 info: =================================
2023-04-05 16:25:11 info: ======= ENV: development =======
2023-04-05 16:25:11 info: 🚀 App listening on the port 3000
2023-04-05 16:25:11 info: =================================
2023-04-05 16:25:13 info: =================================
2023-04-05 16:25:13 info: ======= ENV: development =======
2023-04-05 16:25:13 info: 🚀 App listening on the port 3000
2023-04-05 16:25:13 info: =================================
2023-04-05 16:27:34 info: [0mGET /api/v1/customers/0f5fc661-da16-416f-8806-d574fc55b196 [32m200[0m 18.045 ms - 158[0m
2023-04-05 16:32:05 info: =================================
2023-04-05 16:32:05 info: ======= ENV: development =======
2023-04-05 16:32:05 info: 🚀 App listening on the port 3000
2023-04-05 16:32:05 info: =================================
2023-04-05 16:34:26 info: =================================
2023-04-05 16:34:26 info: ======= ENV: development =======
2023-04-05 16:34:26 info: 🚀 App listening on the port 3000
2023-04-05 16:34:26 info: =================================
2023-04-05 16:37:03 info: =================================
2023-04-05 16:37:03 info: ======= ENV: development =======
2023-04-05 16:37:03 info: 🚀 App listening on the port 3000
2023-04-05 16:37:03 info: =================================
2023-04-05 16:37:14 info: =================================
2023-04-05 16:37:14 info: ======= ENV: development =======
2023-04-05 16:37:14 info: 🚀 App listening on the port 3000
2023-04-05 16:37:14 info: =================================
2023-04-05 16:41:07 info: =================================
2023-04-05 16:41:07 info: ======= ENV: development =======
2023-04-05 16:41:07 info: 🚀 App listening on the port 3000
2023-04-05 16:41:07 info: =================================
2023-04-05 16:41:11 info: =================================
2023-04-05 16:41:11 info: ======= ENV: development =======
2023-04-05 16:41:11 info: 🚀 App listening on the port 3000
2023-04-05 16:41:11 info: =================================
2023-04-05 16:41:19 info: =================================
2023-04-05 16:41:19 info: ======= ENV: development =======
2023-04-05 16:41:19 info: 🚀 App listening on the port 3000
2023-04-05 16:41:19 info: =================================
2023-04-05 16:41:21 info: [0mGET /api/v1/customers/0f5fc661-da16-416f-8806-d574fc55b196 [32m200[0m 16.953 ms - 158[0m
2023-04-05 16:41:32 info: [0mGET /api/v1/customers/0f5fc661-da16-416f-8806-d574fc55b196 [32m200[0m 5.571 ms - 158[0m
2023-04-05 16:42:24 info: =================================
2023-04-05 16:42:24 info: ======= ENV: development =======
2023-04-05 16:42:24 info: 🚀 App listening on the port 3000
2023-04-05 16:42:24 info: =================================
2023-04-05 16:43:02 info: =================================
2023-04-05 16:43:02 info: ======= ENV: development =======
2023-04-05 16:43:02 info: 🚀 App listening on the port 3000
2023-04-05 16:43:02 info: =================================
2023-04-05 16:43:14 info: [0mGET /api/v1/users/aae8594b-913a-45d3-a77d-16f9e5d8288c [32m200[0m 18.059 ms - 482[0m
2023-04-05 16:50:00 info: =================================
2023-04-05 16:50:00 info: ======= ENV: development =======
2023-04-05 16:50:00 info: 🚀 App listening on the port 3000
2023-04-05 16:50:00 info: =================================
2023-04-05 16:50:04 info: =================================
2023-04-05 16:50:04 info: ======= ENV: development =======
2023-04-05 16:50:04 info: 🚀 App listening on the port 3000
2023-04-05 16:50:04 info: =================================
2023-04-05 16:50:19 info: =================================
2023-04-05 16:50:19 info: ======= ENV: development =======
2023-04-05 16:50:19 info: 🚀 App listening on the port 3000
2023-04-05 16:50:19 info: =================================
2023-04-05 16:50:24 info: =================================
2023-04-05 16:50:24 info: ======= ENV: development =======
2023-04-05 16:50:24 info: 🚀 App listening on the port 3000
2023-04-05 16:50:24 info: =================================
2023-04-05 16:50:32 info: =================================
2023-04-05 16:50:32 info: ======= ENV: development =======
2023-04-05 16:50:32 info: 🚀 App listening on the port 3000
2023-04-05 16:50:32 info: =================================
2023-04-05 16:50:34 info: =================================
2023-04-05 16:50:34 info: ======= ENV: development =======
2023-04-05 16:50:34 info: 🚀 App listening on the port 3000
2023-04-05 16:50:34 info: =================================
2023-04-05 16:50:36 info: =================================
2023-04-05 16:50:36 info: ======= ENV: development =======
2023-04-05 16:50:36 info: 🚀 App listening on the port 3000
2023-04-05 16:50:36 info: =================================
2023-04-05 16:50:39 info: [0mGET /api/v1/users/aae8594b-913a-45d3-a77d-16f9e5d8288c [32m200[0m 14.500 ms - 312[0m
2023-04-05 16:50:59 info: [0mGET /api/v1/users/rel/2 [33m404[0m 9.000 ms - 71[0m
2023-04-05 16:51:13 info: [0mGET /api/v1/users/rel/aae8594b-913a-45d3-a77d-16f9e5d8288c [32m200[0m 6.899 ms - 482[0m
2023-04-05 19:24:01 info: [0mGET /api/v1/users/rel/aae8594b-913a-45d3-a77d-16f9e5d8288c [32m200[0m 92.156 ms - 482[0m
