2023-04-04 00:03:32 info: =================================
2023-04-04 00:03:32 info: ======= ENV: development =======
2023-04-04 00:03:32 info: 🚀 App listening on the port 3000
2023-04-04 00:03:32 info: =================================
2023-04-04 00:03:58 info: [0mPOST /api/v1/users [31m500[0m 106.455 ms - 1317[0m
2023-04-04 00:14:06 info: [0mPOST /api/v1/users [31m500[0m 31.346 ms - 1332[0m
2023-04-04 00:14:36 info: =================================
2023-04-04 00:14:36 info: ======= ENV: development =======
2023-04-04 00:14:36 info: 🚀 App listening on the port 3000
2023-04-04 00:14:36 info: =================================
2023-04-04 00:14:38 info: [0mPOST /api/v1/users [31m500[0m 88.531 ms - 1332[0m
2023-04-04 00:15:25 info: =================================
2023-04-04 00:15:25 info: ======= ENV: development =======
2023-04-04 00:15:25 info: 🚀 App listening on the port 3000
2023-04-04 00:15:25 info: =================================
2023-04-04 00:15:59 info: =================================
2023-04-04 00:15:59 info: ======= ENV: development =======
2023-04-04 00:15:59 info: 🚀 App listening on the port 3000
2023-04-04 00:15:59 info: =================================
2023-04-04 00:17:00 info: [0mPOST /api/v1/users [31m500[0m 139.063 ms - 1332[0m
2023-04-04 00:17:31 info: =================================
2023-04-04 00:17:31 info: ======= ENV: development =======
2023-04-04 00:17:31 info: 🚀 App listening on the port 3000
2023-04-04 00:17:31 info: =================================
2023-04-04 00:19:05 info: =================================
2023-04-04 00:19:05 info: ======= ENV: development =======
2023-04-04 00:19:05 info: 🚀 App listening on the port 3000
2023-04-04 00:19:05 info: =================================
2023-04-04 00:19:08 info: [0mPOST /api/v1/users [31m500[0m 92.570 ms - 1342[0m
2023-04-04 00:20:21 info: [0mPOST /api/v1/users [31m500[0m 21.587 ms - 1342[0m
2023-04-04 00:20:40 info: =================================
2023-04-04 00:20:41 info: ======= ENV: development =======
2023-04-04 00:20:41 info: 🚀 App listening on the port 3000
2023-04-04 00:20:41 info: =================================
2023-04-04 00:21:02 info: =================================
2023-04-04 00:21:02 info: ======= ENV: development =======
2023-04-04 00:21:02 info: 🚀 App listening on the port 3000
2023-04-04 00:21:02 info: =================================
2023-04-04 00:21:05 info: [0mPOST /api/v1/users [31m500[0m 77.665 ms - 1342[0m
2023-04-04 00:22:00 info: [0mPOST /api/v1/users [31m500[0m 12.895 ms - 1342[0m
2023-04-04 00:22:10 info: [0mPOST /api/v1/users [31m500[0m 10.745 ms - 1342[0m
2023-04-04 00:30:51 info: =================================
2023-04-04 00:30:51 info: ======= ENV: development =======
2023-04-04 00:30:51 info: 🚀 App listening on the port 3000
2023-04-04 00:30:51 info: =================================
2023-04-04 00:30:54 info: [0mPOST /api/v1/users [32m200[0m 51.019 ms - 322[0m
2023-04-04 00:52:01 info: [0mPOST /api/v1/categories [33m404[0m 10.567 ms - 157[0m
2023-04-04 00:53:55 info: =================================
2023-04-04 00:53:55 info: ======= ENV: development =======
2023-04-04 00:53:55 info: 🚀 App listening on the port 3000
2023-04-04 00:53:55 info: =================================
2023-04-04 00:55:05 info: [0mPOST /api/v1/categories [0m-[0m - ms - -[0m
2023-04-04 00:57:42 info: [0mPOST /api/v1/categories [0m-[0m - ms - -[0m
2023-04-04 00:59:55 info: [0mPOST /api/v1/categories [0m-[0m - ms - -[0m
2023-04-04 01:00:09 info: =================================
2023-04-04 01:00:09 info: ======= ENV: development =======
2023-04-04 01:00:09 info: 🚀 App listening on the port 3000
2023-04-04 01:00:09 info: =================================
2023-04-04 01:00:30 info: [0mPOST /api/v1/categories [0m-[0m - ms - -[0m
2023-04-04 01:02:19 info: =================================
2023-04-04 01:02:19 info: ======= ENV: development =======
2023-04-04 01:02:19 info: 🚀 App listening on the port 3000
2023-04-04 01:02:19 info: =================================
2023-04-04 01:02:21 info: =================================
2023-04-04 01:02:21 info: ======= ENV: development =======
2023-04-04 01:02:21 info: 🚀 App listening on the port 3000
2023-04-04 01:02:21 info: =================================
2023-04-04 01:02:28 info: =================================
2023-04-04 01:02:28 info: ======= ENV: development =======
2023-04-04 01:02:28 info: 🚀 App listening on the port 3000
2023-04-04 01:02:28 info: =================================
2023-04-04 01:02:56 info: [0mPOST /api/v1/categories [0m-[0m - ms - -[0m
2023-04-04 01:09:19 info: [0mPOST /api/v1/categories [0m-[0m - ms - -[0m
2023-04-04 01:09:42 info: [0mPOST /api/v1/categories [0m-[0m - ms - -[0m
2023-04-04 01:11:36 info: [0mPOST /api/v1/categories [0m-[0m - ms - -[0m
2023-04-04 01:11:47 info: =================================
2023-04-04 01:11:47 info: ======= ENV: development =======
2023-04-04 01:11:47 info: 🚀 App listening on the port 3000
2023-04-04 01:11:47 info: =================================
2023-04-04 01:12:01 info: [0mPOST /api/v1/categories [0m-[0m - ms - -[0m
2023-04-04 01:16:42 info: =================================
2023-04-04 01:16:42 info: ======= ENV: development =======
2023-04-04 01:16:42 info: 🚀 App listening on the port 3000
2023-04-04 01:16:42 info: =================================
2023-04-04 01:16:55 info: [0mPOST /api/v1/categories [0m-[0m - ms - -[0m
2023-04-04 01:17:17 info: =================================
2023-04-04 01:17:17 info: ======= ENV: development =======
2023-04-04 01:17:17 info: 🚀 App listening on the port 3000
2023-04-04 01:17:17 info: =================================
2023-04-04 01:17:41 info: =================================
2023-04-04 01:17:41 info: ======= ENV: development =======
2023-04-04 01:17:41 info: 🚀 App listening on the port 3000
2023-04-04 01:17:41 info: =================================
2023-04-04 01:17:43 info: =================================
2023-04-04 01:17:43 info: ======= ENV: development =======
2023-04-04 01:17:43 info: 🚀 App listening on the port 3000
2023-04-04 01:17:43 info: =================================
2023-04-04 01:21:32 info: =================================
2023-04-04 01:21:32 info: ======= ENV: development =======
2023-04-04 01:21:32 info: 🚀 App listening on the port 3000
2023-04-04 01:21:32 info: =================================
2023-04-04 01:21:52 info: =================================
2023-04-04 01:21:52 info: ======= ENV: development =======
2023-04-04 01:21:52 info: 🚀 App listening on the port 3000
2023-04-04 01:21:52 info: =================================
2023-04-04 01:21:55 info: =================================
2023-04-04 01:21:55 info: ======= ENV: development =======
2023-04-04 01:21:55 info: 🚀 App listening on the port 3000
2023-04-04 01:21:55 info: =================================
2023-04-04 01:22:10 info: [0mPOST /api/v1/categories [0m-[0m - ms - -[0m
2023-04-04 01:27:46 info: =================================
2023-04-04 01:27:46 info: ======= ENV: development =======
2023-04-04 01:27:46 info: 🚀 App listening on the port 3000
2023-04-04 01:27:46 info: =================================
2023-04-04 01:29:03 info: [0mPOST /api/v1/categories [0m-[0m - ms - -[0m
2023-04-04 01:29:36 info: =================================
2023-04-04 01:29:36 info: ======= ENV: development =======
2023-04-04 01:29:36 info: 🚀 App listening on the port 3000
2023-04-04 01:29:36 info: =================================
2023-04-04 01:29:47 info: [0mPOST /api/v1/categories [0m-[0m - ms - -[0m
2023-04-04 01:29:59 info: =================================
2023-04-04 01:29:59 info: ======= ENV: development =======
2023-04-04 01:29:59 info: 🚀 App listening on the port 3000
2023-04-04 01:29:59 info: =================================
2023-04-04 01:30:00 info: =================================
2023-04-04 01:30:00 info: ======= ENV: development =======
2023-04-04 01:30:00 info: 🚀 App listening on the port 3000
2023-04-04 01:30:00 info: =================================
2023-04-04 01:30:28 info: =================================
2023-04-04 01:30:28 info: ======= ENV: development =======
2023-04-04 01:30:28 info: 🚀 App listening on the port 3000
2023-04-04 01:30:28 info: =================================
2023-04-04 01:30:35 info: [0mPOST /api/v1/categories [0m-[0m - ms - -[0m
2023-04-04 01:31:02 info: =================================
2023-04-04 01:31:02 info: ======= ENV: development =======
2023-04-04 01:31:02 info: 🚀 App listening on the port 3000
2023-04-04 01:31:02 info: =================================
2023-04-04 01:31:09 info: [0mPOST /api/v1/categories [0m-[0m - ms - -[0m
2023-04-04 01:32:17 info: =================================
2023-04-04 01:32:17 info: ======= ENV: development =======
2023-04-04 01:32:17 info: 🚀 App listening on the port 3000
2023-04-04 01:32:17 info: =================================
2023-04-04 01:32:25 info: [0mPOST /api/v1/categories [0m-[0m - ms - -[0m
2023-04-04 01:33:03 info: =================================
2023-04-04 01:33:03 info: ======= ENV: development =======
2023-04-04 01:33:03 info: 🚀 App listening on the port 3000
2023-04-04 01:33:03 info: =================================
2023-04-04 01:33:06 info: =================================
2023-04-04 01:33:06 info: ======= ENV: development =======
2023-04-04 01:33:06 info: 🚀 App listening on the port 3000
2023-04-04 01:33:06 info: =================================
2023-04-04 01:33:09 info: =================================
2023-04-04 01:33:09 info: ======= ENV: development =======
2023-04-04 01:33:09 info: 🚀 App listening on the port 3000
2023-04-04 01:33:09 info: =================================
2023-04-04 01:33:11 info: =================================
2023-04-04 01:33:11 info: ======= ENV: development =======
2023-04-04 01:33:11 info: 🚀 App listening on the port 3000
2023-04-04 01:33:11 info: =================================
2023-04-04 01:33:16 info: [0mPOST /api/v1/categories [0m-[0m - ms - -[0m
2023-04-04 01:33:30 info: =================================
2023-04-04 01:33:30 info: ======= ENV: development =======
2023-04-04 01:33:30 info: 🚀 App listening on the port 3000
2023-04-04 01:33:30 info: =================================
2023-04-04 01:33:32 info: =================================
2023-04-04 01:33:32 info: ======= ENV: development =======
2023-04-04 01:33:32 info: 🚀 App listening on the port 3000
2023-04-04 01:33:32 info: =================================
2023-04-04 01:37:17 info: =================================
2023-04-04 01:37:17 info: ======= ENV: development =======
2023-04-04 01:37:17 info: 🚀 App listening on the port 3000
2023-04-04 01:37:17 info: =================================
2023-04-04 01:37:25 info: [0mPOST /api/v1/categories [0m-[0m - ms - -[0m
2023-04-04 01:38:24 info: =================================
2023-04-04 01:38:24 info: ======= ENV: development =======
2023-04-04 01:38:24 info: 🚀 App listening on the port 3000
2023-04-04 01:38:24 info: =================================
2023-04-04 01:38:30 info: =================================
2023-04-04 01:38:30 info: ======= ENV: development =======
2023-04-04 01:38:30 info: 🚀 App listening on the port 3000
2023-04-04 01:38:30 info: =================================
2023-04-04 01:38:41 info: =================================
2023-04-04 01:38:41 info: ======= ENV: development =======
2023-04-04 01:38:41 info: 🚀 App listening on the port 3000
2023-04-04 01:38:41 info: =================================
2023-04-04 01:38:45 info: [0mPOST /api/v1/categories [0m-[0m - ms - -[0m
2023-04-04 01:39:30 info: =================================
2023-04-04 01:39:30 info: ======= ENV: development =======
2023-04-04 01:39:30 info: 🚀 App listening on the port 3000
2023-04-04 01:39:30 info: =================================
2023-04-04 01:39:49 info: =================================
2023-04-04 01:39:49 info: ======= ENV: development =======
2023-04-04 01:39:49 info: 🚀 App listening on the port 3000
2023-04-04 01:39:49 info: =================================
2023-04-04 01:40:16 info: =================================
2023-04-04 01:40:16 info: ======= ENV: development =======
2023-04-04 01:40:16 info: 🚀 App listening on the port 3000
2023-04-04 01:40:16 info: =================================
2023-04-04 01:40:29 info: [0mPOST /api/v1/categories [0m-[0m - ms - -[0m
2023-04-04 01:41:34 info: =================================
2023-04-04 01:41:34 info: ======= ENV: development =======
2023-04-04 01:41:34 info: 🚀 App listening on the port 3000
2023-04-04 01:41:34 info: =================================
2023-04-04 01:41:44 info: [0mPOST /api/v1/categories [0m-[0m - ms - -[0m
2023-04-04 16:07:41 info: =================================
2023-04-04 16:07:41 info: ======= ENV: development =======
2023-04-04 16:07:41 info: 🚀 App listening on the port 3000
2023-04-04 16:07:41 info: =================================
2023-04-04 16:07:53 info: [0mPOST /api/v1/categories [0m-[0m - ms - -[0m
2023-04-04 16:13:24 info: =================================
2023-04-04 16:13:24 info: ======= ENV: development =======
2023-04-04 16:13:24 info: 🚀 App listening on the port 3000
2023-04-04 16:13:24 info: =================================
2023-04-04 16:13:27 info: [0mPOST /api/v1/categories [0m-[0m - ms - -[0m
2023-04-04 16:20:53 info: =================================
2023-04-04 16:20:53 info: ======= ENV: development =======
2023-04-04 16:20:53 info: 🚀 App listening on the port 3000
2023-04-04 16:20:53 info: =================================
2023-04-04 16:21:06 info: [0mPOST /api/v1/categories [0m-[0m - ms - -[0m
2023-04-04 16:21:58 info: =================================
2023-04-04 16:21:58 info: ======= ENV: development =======
2023-04-04 16:21:58 info: 🚀 App listening on the port 3000
2023-04-04 16:21:58 info: =================================
2023-04-04 16:22:02 info: =================================
2023-04-04 16:22:02 info: ======= ENV: development =======
2023-04-04 16:22:02 info: 🚀 App listening on the port 3000
2023-04-04 16:22:02 info: =================================
2023-04-04 16:22:13 info: =================================
2023-04-04 16:22:13 info: ======= ENV: development =======
2023-04-04 16:22:13 info: 🚀 App listening on the port 3000
2023-04-04 16:22:13 info: =================================
2023-04-04 16:22:28 info: [0mPOST /api/v1/categories [0m-[0m - ms - -[0m
2023-04-04 16:30:08 info: =================================
2023-04-04 16:30:08 info: ======= ENV: development =======
2023-04-04 16:30:08 info: 🚀 App listening on the port 3000
2023-04-04 16:30:08 info: =================================
2023-04-04 16:30:21 info: [0mPOST /api/v1/categories [0m-[0m - ms - -[0m
2023-04-04 16:47:28 info: =================================
2023-04-04 16:47:28 info: ======= ENV: development =======
2023-04-04 16:47:28 info: 🚀 App listening on the port 3000
2023-04-04 16:47:28 info: =================================
2023-04-04 16:50:27 info: [0mPOST /api/v1/categories [0m-[0m - ms - -[0m
2023-04-04 17:21:47 info: =================================
2023-04-04 17:21:47 info: ======= ENV: development =======
2023-04-04 17:21:47 info: 🚀 App listening on the port 3000
2023-04-04 17:21:47 info: =================================
2023-04-04 17:21:56 info: [0mPOST /api/v1/categories [0m-[0m - ms - -[0m
2023-04-04 17:26:43 info: =================================
2023-04-04 17:26:43 info: ======= ENV: development =======
2023-04-04 17:26:43 info: 🚀 App listening on the port 3000
2023-04-04 17:26:43 info: =================================
2023-04-04 17:26:55 info: [0mPOST /api/v1/categories [0m-[0m - ms - -[0m
2023-04-04 18:39:45 info: =================================
2023-04-04 18:39:45 info: ======= ENV: development =======
2023-04-04 18:39:45 info: 🚀 App listening on the port 3000
2023-04-04 18:39:45 info: =================================
2023-04-04 18:39:58 info: =================================
2023-04-04 18:39:58 info: ======= ENV: development =======
2023-04-04 18:39:58 info: 🚀 App listening on the port 3000
2023-04-04 18:39:58 info: =================================
2023-04-04 18:40:19 info: =================================
2023-04-04 18:40:19 info: ======= ENV: development =======
2023-04-04 18:40:19 info: 🚀 App listening on the port 3000
2023-04-04 18:40:19 info: =================================
2023-04-04 18:40:59 info: =================================
2023-04-04 18:40:59 info: ======= ENV: development =======
2023-04-04 18:40:59 info: 🚀 App listening on the port 3000
2023-04-04 18:40:59 info: =================================
2023-04-04 18:41:41 info: =================================
2023-04-04 18:41:41 info: ======= ENV: development =======
2023-04-04 18:41:41 info: 🚀 App listening on the port 3000
2023-04-04 18:41:41 info: =================================
2023-04-04 18:42:02 info: [0mPOST /api/v1/users [31m500[0m 41.681 ms - 291[0m
2023-04-04 18:43:25 info: =================================
2023-04-04 18:43:25 info: ======= ENV: development =======
2023-04-04 18:43:25 info: 🚀 App listening on the port 3000
2023-04-04 18:43:25 info: =================================
2023-04-04 18:43:29 info: =================================
2023-04-04 18:43:29 info: ======= ENV: development =======
2023-04-04 18:43:29 info: 🚀 App listening on the port 3000
2023-04-04 18:43:29 info: =================================
2023-04-04 18:43:37 info: =================================
2023-04-04 18:43:37 info: ======= ENV: development =======
2023-04-04 18:43:37 info: 🚀 App listening on the port 3000
2023-04-04 18:43:37 info: =================================
2023-04-04 18:43:40 info: [0mPOST /api/v1/users [31m500[0m 27.560 ms - 291[0m
2023-04-04 18:43:55 info: =================================
2023-04-04 18:43:55 info: ======= ENV: development =======
2023-04-04 18:43:55 info: 🚀 App listening on the port 3000
2023-04-04 18:43:55 info: =================================
2023-04-04 18:43:55 info: [0mPOST /api/v1/users [31m500[0m 25.742 ms - 291[0m
2023-04-04 18:51:41 info: =================================
2023-04-04 18:51:41 info: ======= ENV: development =======
2023-04-04 18:51:41 info: 🚀 App listening on the port 3000
2023-04-04 18:51:41 info: =================================
2023-04-04 18:51:50 info: =================================
2023-04-04 18:51:50 info: ======= ENV: development =======
2023-04-04 18:51:50 info: 🚀 App listening on the port 3000
2023-04-04 18:51:50 info: =================================
2023-04-04 18:51:56 info: [0mPOST /api/v1/users [31m500[0m 44.809 ms - 79[0m
2023-04-04 18:52:13 info: =================================
2023-04-04 18:52:13 info: ======= ENV: development =======
2023-04-04 18:52:13 info: 🚀 App listening on the port 3000
2023-04-04 18:52:13 info: =================================
2023-04-04 18:55:11 info: [0mPOST /api/v1/users [32m200[0m 125.045 ms - 321[0m
2023-04-04 18:56:27 info: =================================
2023-04-04 18:56:27 info: ======= ENV: development =======
2023-04-04 18:56:27 info: 🚀 App listening on the port 3000
2023-04-04 18:56:27 info: =================================
2023-04-04 19:09:59 info: =================================
2023-04-04 19:09:59 info: ======= ENV: development =======
2023-04-04 19:09:59 info: 🚀 App listening on the port 3000
2023-04-04 19:09:59 info: =================================
2023-04-04 19:11:50 info: =================================
2023-04-04 19:11:50 info: ======= ENV: development =======
2023-04-04 19:11:50 info: 🚀 App listening on the port 3000
2023-04-04 19:11:50 info: =================================
2023-04-04 19:11:59 info: =================================
2023-04-04 19:11:59 info: ======= ENV: development =======
2023-04-04 19:11:59 info: 🚀 App listening on the port 3000
2023-04-04 19:11:59 info: =================================
2023-04-04 19:12:36 info: =================================
2023-04-04 19:12:36 info: ======= ENV: development =======
2023-04-04 19:12:36 info: 🚀 App listening on the port 3000
2023-04-04 19:12:36 info: =================================
2023-04-04 19:13:53 info: [0mPOST /api/v1/users [31m500[0m 44.591 ms - 79[0m
2023-04-04 19:14:02 info: [0mPOST /api/v1/users [31m500[0m 5.537 ms - 109[0m
2023-04-04 19:16:35 info: =================================
2023-04-04 19:16:35 info: ======= ENV: development =======
2023-04-04 19:16:35 info: 🚀 App listening on the port 3000
2023-04-04 19:16:35 info: =================================
2023-04-04 19:16:40 info: =================================
2023-04-04 19:16:40 info: ======= ENV: development =======
2023-04-04 19:16:40 info: 🚀 App listening on the port 3000
2023-04-04 19:16:40 info: =================================
2023-04-04 19:19:33 info: =================================
2023-04-04 19:19:33 info: ======= ENV: development =======
2023-04-04 19:19:33 info: 🚀 App listening on the port 3000
2023-04-04 19:19:33 info: =================================
2023-04-04 19:51:32 info: =================================
2023-04-04 19:51:32 info: ======= ENV: development =======
2023-04-04 19:51:32 info: 🚀 App listening on the port 3000
2023-04-04 19:51:32 info: =================================
2023-04-04 19:51:36 info: [0mPOST /api/v1/users [31m500[0m 22.258 ms - 109[0m
2023-04-04 19:52:12 info: [0mPOST /api/v1/users [32m200[0m 127.223 ms - 327[0m
2023-04-04 20:11:35 info: =================================
2023-04-04 20:11:35 info: ======= ENV: development =======
2023-04-04 20:11:35 info: 🚀 App listening on the port 3000
2023-04-04 20:11:35 info: =================================
2023-04-04 20:11:46 info: [0mPOST /api/v1/categories [31m500[0m 27.956 ms - 87[0m
2023-04-04 20:12:36 info: =================================
2023-04-04 20:12:36 info: ======= ENV: development =======
2023-04-04 20:12:36 info: 🚀 App listening on the port 3000
2023-04-04 20:12:36 info: =================================
2023-04-04 20:12:39 info: [0mPOST /api/v1/categories [31m500[0m 27.329 ms - 87[0m
2023-04-04 20:13:03 info: =================================
2023-04-04 20:13:03 info: ======= ENV: development =======
2023-04-04 20:13:03 info: 🚀 App listening on the port 3000
2023-04-04 20:13:03 info: =================================
2023-04-04 20:13:05 info: =================================
2023-04-04 20:13:05 info: ======= ENV: development =======
2023-04-04 20:13:05 info: 🚀 App listening on the port 3000
2023-04-04 20:13:05 info: =================================
2023-04-04 20:13:08 info: =================================
2023-04-04 20:13:08 info: ======= ENV: development =======
2023-04-04 20:13:08 info: 🚀 App listening on the port 3000
2023-04-04 20:13:08 info: =================================
2023-04-04 20:13:12 info: =================================
2023-04-04 20:13:12 info: ======= ENV: development =======
2023-04-04 20:13:12 info: 🚀 App listening on the port 3000
2023-04-04 20:13:12 info: =================================
2023-04-04 20:13:16 info: =================================
2023-04-04 20:13:16 info: ======= ENV: development =======
2023-04-04 20:13:16 info: 🚀 App listening on the port 3000
2023-04-04 20:13:16 info: =================================
2023-04-04 20:13:20 info: [0mPOST /api/v1/categories [31m500[0m 27.736 ms - 87[0m
2023-04-04 20:13:57 info: [0mPOST /api/v1/categories [31m500[0m 3.187 ms - 87[0m
2023-04-04 20:22:29 info: =================================
2023-04-04 20:22:29 info: ======= ENV: development =======
2023-04-04 20:22:29 info: 🚀 App listening on the port 3000
2023-04-04 20:22:29 info: =================================
2023-04-04 20:22:33 info: [0mPOST /api/v1/categories [31m500[0m 15.183 ms - 87[0m
2023-04-04 20:23:03 info: [0mPOST /api/v1/categories [31m500[0m 18.811 ms - 87[0m
2023-04-04 20:25:13 info: =================================
2023-04-04 20:25:13 info: ======= ENV: development =======
2023-04-04 20:25:13 info: 🚀 App listening on the port 3000
2023-04-04 20:25:13 info: =================================
2023-04-04 20:25:24 info: =================================
2023-04-04 20:25:24 info: ======= ENV: development =======
2023-04-04 20:25:24 info: 🚀 App listening on the port 3000
2023-04-04 20:25:24 info: =================================
2023-04-04 20:25:36 info: =================================
2023-04-04 20:25:36 info: ======= ENV: development =======
2023-04-04 20:25:36 info: 🚀 App listening on the port 3000
2023-04-04 20:25:36 info: =================================
2023-04-04 20:25:41 info: =================================
2023-04-04 20:25:41 info: ======= ENV: development =======
2023-04-04 20:25:41 info: 🚀 App listening on the port 3000
2023-04-04 20:25:41 info: =================================
2023-04-04 20:25:53 info: [0mPOST /api/v1/categories [32m200[0m 112.877 ms - 110[0m
2023-04-04 20:26:31 info: =================================
2023-04-04 20:26:31 info: ======= ENV: development =======
2023-04-04 20:26:31 info: 🚀 App listening on the port 3000
2023-04-04 20:26:31 info: =================================
2023-04-04 20:26:35 info: =================================
2023-04-04 20:26:35 info: ======= ENV: development =======
2023-04-04 20:26:35 info: 🚀 App listening on the port 3000
2023-04-04 20:26:35 info: =================================
2023-04-04 20:26:38 info: =================================
2023-04-04 20:26:38 info: ======= ENV: development =======
2023-04-04 20:26:38 info: 🚀 App listening on the port 3000
2023-04-04 20:26:38 info: =================================
