2023-03-23 17:36:04 info: =================================
2023-03-23 17:36:04 info: ======= ENV: development =======
2023-03-23 17:36:04 info: 🚀 App listening on the port 3000
2023-03-23 17:36:04 info: =================================
2023-03-23 17:36:27 info: =================================
2023-03-23 17:36:27 info: ======= ENV: development =======
2023-03-23 17:36:27 info: 🚀 App listening on the port 3000
2023-03-23 17:36:27 info: =================================
2023-03-23 17:36:56 info: =================================
2023-03-23 17:36:56 info: ======= ENV: development =======
2023-03-23 17:36:56 info: 🚀 App listening on the port 3000
2023-03-23 17:36:56 info: =================================
2023-03-23 17:37:22 info: =================================
2023-03-23 17:37:22 info: ======= ENV: development =======
2023-03-23 17:37:22 info: 🚀 App listening on the port 3000
2023-03-23 17:37:22 info: =================================
2023-03-23 17:37:41 info: =================================
2023-03-23 17:37:41 info: ======= ENV: development =======
2023-03-23 17:37:41 info: 🚀 App listening on the port 3000
2023-03-23 17:37:41 info: =================================
2023-03-23 17:38:05 info: =================================
2023-03-23 17:38:05 info: ======= ENV: development =======
2023-03-23 17:38:05 info: 🚀 App listening on the port 3000
2023-03-23 17:38:05 info: =================================
2023-03-23 17:38:46 info: =================================
2023-03-23 17:38:46 info: ======= ENV: development =======
2023-03-23 17:38:46 info: 🚀 App listening on the port 3000
2023-03-23 17:38:46 info: =================================
2023-03-23 17:38:59 info: [0mGET /api/v1/users [32m200[0m 15.326 ms - 50[0m
2023-03-23 17:39:11 info: [0mGET /api/v1/users/3 [33m404[0m 11.255 ms - 71[0m
2023-03-23 17:39:35 info: [0mDELETE /api/v1/users/2 [33m404[0m 15.455 ms - 79[0m
2023-03-23 17:44:44 info: =================================
2023-03-23 17:44:44 info: ======= ENV: development =======
2023-03-23 17:44:44 info: 🚀 App listening on the port 3000
2023-03-23 17:44:44 info: =================================
2023-03-23 17:44:57 info: [0mGET /api/v1/users/3 [33m404[0m 16.034 ms - 71[0m
