2023-05-25 15:17:42 info: =================================
2023-05-25 15:17:42 info: ======= ENV: development =======
2023-05-25 15:17:42 info: 🚀 App listening on the port 3000
2023-05-25 15:17:42 info: =================================
2023-05-25 15:17:48 info: =================================
2023-05-25 15:17:48 info: ======= ENV: development =======
2023-05-25 15:17:48 info: 🚀 App listening on the port 3000
2023-05-25 15:17:48 info: =================================
2023-05-25 17:48:00 info: [0mGET /api/v1/users [32m200[0m 184.357 ms - 833[0m
2023-05-25 17:49:51 info: [0mPOST /api/v1/login [33m404[0m 129.141 ms - 152[0m
2023-05-25 17:50:26 info: =================================
2023-05-25 17:50:26 info: ======= ENV: development =======
2023-05-25 17:50:26 info: 🚀 App listening on the port 3000
2023-05-25 17:50:26 info: =================================
2023-05-25 17:50:29 info: [0mPOST /api/v1/login [33m400[0m 11.938 ms - -[0m
2023-05-25 17:51:32 info: [0mPOST /api/v1/login [33m400[0m 1.657 ms - -[0m
2023-05-25 17:53:21 info: =================================
2023-05-25 17:53:21 info: ======= ENV: development =======
2023-05-25 17:53:21 info: 🚀 App listening on the port 3000
2023-05-25 17:53:21 info: =================================
2023-05-25 17:54:28 info: [0mPOST /api/v1/login [33m400[0m 18.470 ms - -[0m
2023-05-25 17:55:49 info: =================================
2023-05-25 17:55:49 info: ======= ENV: development =======
2023-05-25 17:55:49 info: 🚀 App listening on the port 3000
2023-05-25 17:55:49 info: =================================
2023-05-25 17:55:52 info: =================================
2023-05-25 17:55:52 info: ======= ENV: development =======
2023-05-25 17:55:52 info: 🚀 App listening on the port 3000
2023-05-25 17:55:52 info: =================================
2023-05-25 17:56:16 info: =================================
2023-05-25 17:56:16 info: ======= ENV: development =======
2023-05-25 17:56:16 info: 🚀 App listening on the port 3000
2023-05-25 17:56:16 info: =================================
2023-05-25 17:56:22 info: [0mPOST /api/v1/login [33m401[0m 25.868 ms - -[0m
2023-05-25 17:58:47 info: [0mGET /api/v1/users [32m200[0m 7.127 ms - 833[0m
2023-05-25 17:59:20 info: [0mDELETE /api/v1/users/aae8594b-913a-45d3-a77d-16f9e5d8288c [31m500[0m 77.318 ms - 954[0m
2023-05-25 18:01:27 info: [0mGET /api/v1/customers/0f5fc661-da16-416f-8806-d574fc55b196 [32m200[0m 5.248 ms - 158[0m
2023-05-25 18:01:44 info: [0mDELETE /api/v1/users/aae8594b-913a-45d3-a77d-16f9e5d8288c [31m500[0m 9.761 ms - 954[0m
2023-05-25 18:51:20 info: =================================
2023-05-25 18:51:20 info: ======= ENV: development =======
2023-05-25 18:51:20 info: 🚀 App listening on the port 3000
2023-05-25 18:51:20 info: =================================
2023-05-25 18:52:52 info: =================================
2023-05-25 18:52:52 info: ======= ENV: development =======
2023-05-25 18:52:52 info: 🚀 App listening on the port 3000
2023-05-25 18:52:52 info: =================================
2023-05-25 18:53:12 info: =================================
2023-05-25 18:53:12 info: ======= ENV: development =======
2023-05-25 18:53:12 info: 🚀 App listening on the port 3000
2023-05-25 18:53:12 info: =================================
2023-05-25 18:59:16 info: [0mPOST /api/v1/users [32m200[0m 156.070 ms - 383[0m
2023-05-25 18:59:31 info: [0mPOST /api/v1/login [32m200[0m 93.663 ms - -[0m
2023-05-25 19:17:46 info: =================================
2023-05-25 19:17:46 info: ======= ENV: development =======
2023-05-25 19:17:46 info: 🚀 App listening on the port 3000
2023-05-25 19:17:46 info: =================================
2023-05-25 19:17:49 info: =================================
2023-05-25 19:17:49 info: ======= ENV: development =======
2023-05-25 19:17:49 info: 🚀 App listening on the port 3000
2023-05-25 19:17:49 info: =================================
2023-05-25 19:20:27 info: =================================
2023-05-25 19:20:27 info: ======= ENV: development =======
2023-05-25 19:20:27 info: 🚀 App listening on the port 3000
2023-05-25 19:20:27 info: =================================
2023-05-25 19:20:39 info: =================================
2023-05-25 19:20:39 info: ======= ENV: development =======
2023-05-25 19:20:39 info: 🚀 App listening on the port 3000
2023-05-25 19:20:39 info: =================================
2023-05-25 19:24:28 info: =================================
2023-05-25 19:24:28 info: ======= ENV: development =======
2023-05-25 19:24:28 info: 🚀 App listening on the port 3000
2023-05-25 19:24:28 info: =================================
2023-05-25 19:25:29 info: [0mPOST /api/v1/users [32m200[0m 142.354 ms - 383[0m
2023-05-25 19:25:38 info: [0mPOST /api/v1/login [32m200[0m 93.760 ms - -[0m
2023-05-25 19:26:01 error: [DELETE] /api/v1/users/aae8594b-913a-45d3-a77d-16f9e5d8288c >> StatusCode:: 500, Message:: Cannot read properties of undefined (reading 'role')
2023-05-25 19:26:01 info: [0mDELETE /api/v1/users/aae8594b-913a-45d3-a77d-16f9e5d8288c [31m500[0m 2.929 ms - 66[0m
2023-05-25 19:26:17 error: [DELETE] /api/v1/users/aae8594b-913a-45d3-a77d-16f9e5d8288c >> StatusCode:: 500, Message:: Cannot read properties of undefined (reading 'role')
2023-05-25 19:26:17 info: [0mDELETE /api/v1/users/aae8594b-913a-45d3-a77d-16f9e5d8288c [31m500[0m 2.057 ms - 66[0m
2023-05-25 19:26:42 info: =================================
2023-05-25 19:26:42 info: ======= ENV: development =======
2023-05-25 19:26:42 info: 🚀 App listening on the port 3000
2023-05-25 19:26:42 info: =================================
2023-05-25 19:26:47 info: =================================
2023-05-25 19:26:47 info: ======= ENV: development =======
2023-05-25 19:26:47 info: 🚀 App listening on the port 3000
2023-05-25 19:26:47 info: =================================
2023-05-25 19:26:55 info: [0mDELETE /api/v1/users/aae8594b-913a-45d3-a77d-16f9e5d8288c [33m400[0m 3.222 ms - -[0m
2023-05-25 19:31:14 info: =================================
2023-05-25 19:31:14 info: ======= ENV: development =======
2023-05-25 19:31:14 info: 🚀 App listening on the port 3000
2023-05-25 19:31:14 info: =================================
2023-05-25 19:31:34 info: [0mDELETE /api/v1/users/aae8594b-913a-45d3-a77d-16f9e5d8288c [33m400[0m 3.466 ms - -[0m
2023-05-25 19:32:04 info: [0mDELETE /api/v1/users/8621de5c-9aeb-4928-8d08-15710fde1bed [33m400[0m 1.000 ms - -[0m
2023-05-25 19:33:10 info: [0mDELETE /api/v1/users/8621de5c-9aeb-4928-8d08-15710fde1bed [33m400[0m 0.533 ms - -[0m
2023-05-25 19:33:47 info: =================================
2023-05-25 19:33:47 info: ======= ENV: development =======
2023-05-25 19:33:47 info: 🚀 App listening on the port 3000
2023-05-25 19:33:47 info: =================================
2023-05-25 19:33:50 info: [0mDELETE /api/v1/users/8621de5c-9aeb-4928-8d08-15710fde1bed [32m200[0m 21.714 ms - 71[0m
2023-05-25 19:34:03 info: =================================
2023-05-25 19:34:03 info: ======= ENV: development =======
2023-05-25 19:34:03 info: 🚀 App listening on the port 3000
2023-05-25 19:34:03 info: =================================
2023-05-25 19:34:06 info: =================================
2023-05-25 19:34:06 info: ======= ENV: development =======
2023-05-25 19:34:06 info: 🚀 App listening on the port 3000
2023-05-25 19:34:06 info: =================================
2023-05-25 19:34:28 info: [0mPOST /api/v1/users [32m200[0m 107.034 ms - 382[0m
2023-05-25 19:34:44 info: [0mDELETE /api/v1/users/6f38b062-b739-404e-9379-182258476cf0 [33m400[0m 1.425 ms - -[0m
2023-05-25 19:36:25 info: [0mDELETE /api/v1/users/6f38b062-b739-404e-9379-182258476cf0 [33m400[0m 0.595 ms - -[0m
2023-05-25 19:36:55 info: =================================
2023-05-25 19:36:55 info: ======= ENV: development =======
2023-05-25 19:36:55 info: 🚀 App listening on the port 3000
2023-05-25 19:36:55 info: =================================
2023-05-25 19:36:59 info: =================================
2023-05-25 19:36:59 info: ======= ENV: development =======
2023-05-25 19:36:59 info: 🚀 App listening on the port 3000
2023-05-25 19:36:59 info: =================================
2023-05-25 19:37:03 info: [0mDELETE /api/v1/users/6f38b062-b739-404e-9379-182258476cf0 [33m400[0m 3.080 ms - -[0m
2023-05-25 19:39:33 info: =================================
2023-05-25 19:39:33 info: ======= ENV: development =======
2023-05-25 19:39:33 info: 🚀 App listening on the port 3000
2023-05-25 19:39:33 info: =================================
2023-05-25 19:41:06 info: =================================
2023-05-25 19:41:06 info: ======= ENV: development =======
2023-05-25 19:41:06 info: 🚀 App listening on the port 3000
2023-05-25 19:41:06 info: =================================
2023-05-25 19:41:35 info: =================================
2023-05-25 19:41:35 info: ======= ENV: development =======
2023-05-25 19:41:35 info: 🚀 App listening on the port 3000
2023-05-25 19:41:35 info: =================================
2023-05-25 19:41:45 info: [0mDELETE /api/v1/users/6f38b062-b739-404e-9379-182258476cf0 [32m200[0m 27.484 ms - 71[0m
2023-05-25 19:41:50 info: =================================
2023-05-25 19:41:50 info: ======= ENV: development =======
2023-05-25 19:41:50 info: 🚀 App listening on the port 3000
2023-05-25 19:41:50 info: =================================
2023-05-25 19:42:23 info: =================================
2023-05-25 19:42:23 info: ======= ENV: development =======
2023-05-25 19:42:23 info: 🚀 App listening on the port 3000
2023-05-25 19:42:23 info: =================================
2023-05-25 19:42:31 info: [0mDELETE /api/v1/users/6f38b062-b739-404e-9379-182258476cf0 [33m401[0m 8.089 ms - 88[0m
2023-05-25 19:42:49 info: =================================
2023-05-25 19:42:49 info: ======= ENV: development =======
2023-05-25 19:42:49 info: 🚀 App listening on the port 3000
2023-05-25 19:42:49 info: =================================
2023-05-25 19:57:59 info: =================================
2023-05-25 19:57:59 info: ======= ENV: development =======
2023-05-25 19:57:59 info: 🚀 App listening on the port 3000
2023-05-25 19:57:59 info: =================================
2023-05-25 19:58:01 info: =================================
2023-05-25 19:58:01 info: ======= ENV: development =======
2023-05-25 19:58:01 info: 🚀 App listening on the port 3000
2023-05-25 19:58:01 info: =================================
2023-05-25 19:58:05 info: =================================
2023-05-25 19:58:05 info: ======= ENV: development =======
2023-05-25 19:58:05 info: 🚀 App listening on the port 3000
2023-05-25 19:58:05 info: =================================
2023-05-25 19:58:07 info: =================================
2023-05-25 19:58:07 info: ======= ENV: development =======
2023-05-25 19:58:07 info: 🚀 App listening on the port 3000
2023-05-25 19:58:07 info: =================================
